# JRE version: OpenJDK Runtime Environment (7.0_79-b14) (build 1.7.0_79-b14)
# Java VM: OpenJDK 64-Bit Server VM (24.79-b02 mixed mode linux-amd64 compressed oops)
Heap
 PSYoungGen      total 46592K, used 14651K [0x00000007d6c80000, 0x00000007dab80000, 0x0000000800000000)
  eden space 30720K, 4% used [0x00000007d6c80000,0x00000007d6de6980,0x00000007d8a80000)
  from space 15872K, 83% used [0x00000007d8b00000,0x00000007d97e8330,0x00000007d9a80000)
  to   space 16896K, 0% used [0x00000007d9b00000,0x00000007d9b00000,0x00000007dab80000)
 ParOldGen       total 83968K, used 28950K [0x0000000784600000, 0x0000000789800000, 0x00000007d6c80000)
  object space 83968K, 34% used [0x0000000784600000,0x0000000786245b28,0x0000000789800000)
 PSPermGen       total 21504K, used 20985K [0x000000077a000000, 0x000000077b500000, 0x0000000784600000)
  object space 21504K, 97% used [0x000000077a000000,0x000000077b47e468,0x000000077b500000)
GC Heap History (10 events):
Event: 7.644 GC heap before
{Heap before GC invocations=3 (full 0):
 PSYoungGen      total 37376K, used 37096K [0x00000007d6c80000, 0x00000007db580000, 0x0000000800000000)
  eden space 32256K, 99% used [0x00000007d6c80000,0x00000007d8bc0de8,0x00000007d8c00000)
  from space 5120K, 99% used [0x00000007d9100000,0x00000007d95f9310,0x00000007d9600000)
  to   space 5120K, 0% used [0x00000007d8c00000,0x00000007d8c00000,0x00000007d9100000)
 ParOldGen       total 83968K, used 10284K [0x0000000784600000, 0x0000000789800000, 0x00000007d6c80000)
  object space 83968K, 12% used [0x0000000784600000,0x000000078500b328,0x0000000789800000)
 PSPermGen       total 21504K, used 20925K [0x000000077a000000, 0x000000077b500000, 0x0000000784600000)
  object space 21504K, 97% used [0x000000077a000000,0x000000077b46f7c0,0x000000077b500000)
Event: 7.655 GC heap after
Heap after GC invocations=3 (full 0):
 PSYoungGen      total 37376K, used 5092K [0x00000007d6c80000, 0x00000007d9600000, 0x0000000800000000)
  eden space 32256K, 0% used [0x00000007d6c80000,0x00000007d6c80000,0x00000007d8c00000)
  from space 5120K, 99% used [0x00000007d8c00000,0x00000007d90f92d0,0x00000007d9100000)
  to   space 5120K, 0% used [0x00000007d9100000,0x00000007d9100000,0x00000007d9600000)
 ParOldGen       total 83968K, used 13769K [0x0000000784600000, 0x0000000789800000, 0x00000007d6c80000)
  object space 83968K, 16% used [0x0000000784600000,0x0000000785372548,0x0000000789800000)
 PSPermGen       total 21504K, used 20925K [0x000000077a000000, 0x000000077b500000, 0x0000000784600000)
  object space 21504K, 97% used [0x000000077a000000,0x000000077b46f7c0,0x000000077b500000)
}
Event: 8.488 GC heap before
{Heap before GC invocations=4 (full 0):
 PSYoungGen      total 37376K, used 37348K [0x00000007d6c80000, 0x00000007d9600000, 0x0000000800000000)
  eden space 32256K, 100% used [0x00000007d6c80000,0x00000007d8c00000,0x00000007d8c00000)
  from space 5120K, 99% used [0x00000007d8c00000,0x00000007d90f92d0,0x00000007d9100000)
  to   space 5120K, 0% used [0x00000007d9100000,0x00000007d9100000,0x00000007d9600000)
 ParOldGen       total 83968K, used 13769K [0x0000000784600000, 0x0000000789800000, 0x00000007d6c80000)
  object space 83968K, 16% used [0x0000000784600000,0x0000000785372548,0x0000000789800000)
 PSPermGen       total 21504K, used 20933K [0x000000077a000000, 0x000000077b500000, 0x0000000784600000)
  object space 21504K, 97% used [0x000000077a000000,0x000000077b471760,0x000000077b500000)
Event: 8.499 GC heap after
Heap after GC invocations=4 (full 0):
 PSYoungGen      total 37376K, used 4996K [0x00000007d6c80000, 0x00000007d9600000, 0x0000000800000000)
  eden space 32256K, 0% used [0x00000007d6c80000,0x00000007d6c80000,0x00000007d8c00000)
  from space 5120K, 97% used [0x00000007d9100000,0x00000007d95e12c0,0x00000007d9600000)
  to   space 5120K, 0% used [0x00000007d8c00000,0x00000007d8c00000,0x00000007d9100000)
 ParOldGen       total 83968K, used 21193K [0x0000000784600000, 0x0000000789800000, 0x00000007d6c80000)
  object space 83968K, 25% used [0x0000000784600000,0x0000000785ab2718,0x0000000789800000)
 PSPermGen       total 21504K, used 20933K [0x000000077a000000, 0x000000077b500000, 0x0000000784600000)
  object space 21504K, 97% used [0x000000077a000000,0x000000077b471760,0x000000077b500000)
}
Event: 9.688 GC heap before
{Heap before GC invocations=5 (full 0):
 PSYoungGen      total 37376K, used 37252K [0x00000007d6c80000, 0x00000007d9600000, 0x0000000800000000)
  eden space 32256K, 100% used [0x00000007d6c80000,0x00000007d8c00000,0x00000007d8c00000)
  from space 5120K, 97% used [0x00000007d9100000,0x00000007d95e12c0,0x00000007d9600000)
  to   space 5120K, 0% used [0x00000007d8c00000,0x00000007d8c00000,0x00000007d9100000)
 ParOldGen       total 83968K, used 21193K [0x0000000784600000, 0x0000000789800000, 0x00000007d6c80000)
  object space 83968K, 25% used [0x0000000784600000,0x0000000785ab2718,0x0000000789800000)
 PSPermGen       total 21504K, used 20942K [0x000000077a000000, 0x000000077b500000, 0x0000000784600000)
  object space 21504K, 97% used [0x000000077a000000,0x000000077b473978,0x000000077b500000)
Event: 9.699 GC heap after
Heap after GC invocations=5 (full 0):
 PSYoungGen      total 36864K, used 5106K [0x00000007d6c80000, 0x00000007daa80000, 0x0000000800000000)
  eden space 31744K, 0% used [0x00000007d6c80000,0x00000007d6c80000,0x00000007d8b80000)
  from space 5120K, 99% used [0x00000007d8c00000,0x00000007d90fc910,0x00000007d9100000)
  to   space 15872K, 0% used [0x00000007d9b00000,0x00000007d9b00000,0x00000007daa80000)
 ParOldGen       total 83968K, used 27708K [0x0000000784600000, 0x0000000789800000, 0x00000007d6c80000)
  object space 83968K, 32% used [0x0000000784600000,0x000000078610f288,0x0000000789800000)
 PSPermGen       total 21504K, used 20942K [0x000000077a000000, 0x000000077b500000, 0x0000000784600000)
  object space 21504K, 97% used [0x000000077a000000,0x000000077b473978,0x000000077b500000)
}
Event: 12.124 GC heap before
{Heap before GC invocations=6 (full 0):
 PSYoungGen      total 36864K, used 36792K [0x00000007d6c80000, 0x00000007daa80000, 0x0000000800000000)
  eden space 31744K, 99% used [0x00000007d6c80000,0x00000007d8b718c0,0x00000007d8b80000)
  from space 5120K, 99% used [0x00000007d8c00000,0x00000007d90fc910,0x00000007d9100000)
  to   space 15872K, 0% used [0x00000007d9b00000,0x00000007d9b00000,0x00000007daa80000)
 ParOldGen       total 83968K, used 27708K [0x0000000784600000, 0x0000000789800000, 0x00000007d6c80000)
  object space 83968K, 32% used [0x0000000784600000,0x000000078610f288,0x0000000789800000)
 PSPermGen       total 21504K, used 20960K [0x000000077a000000, 0x000000077b500000, 0x0000000784600000)
  object space 21504K, 97% used [0x000000077a000000,0x000000077b478328,0x000000077b500000)
Event: 12.136 GC heap after
Heap after GC invocations=6 (full 0):
 PSYoungGen      total 46592K, used 10690K [0x00000007d6c80000, 0x00000007daa00000, 0x0000000800000000)
  eden space 31232K, 0% used [0x00000007d6c80000,0x00000007d6c80000,0x00000007d8b00000)
  from space 15360K, 69% used [0x00000007d9b00000,0x00000007da570a80,0x00000007daa00000)
  to   space 15872K, 0% used [0x00000007d8b00000,0x00000007d8b00000,0x00000007d9a80000)
 ParOldGen       total 83968K, used 27708K [0x0000000784600000, 0x0000000789800000, 0x00000007d6c80000)
  object space 83968K, 32% used [0x0000000784600000,0x000000078610f288,0x0000000789800000)
 PSPermGen       total 21504K, used 20960K [0x000000077a000000, 0x000000077b500000, 0x0000000784600000)
  object space 21504K, 97% used [0x000000077a000000,0x000000077b478328,0x000000077b500000)
}
Event: 14.956 GC heap before
{Heap before GC invocations=7 (full 0):
 PSYoungGen      total 46592K, used 41922K [0x00000007d6c80000, 0x00000007daa00000, 0x0000000800000000)
  eden space 31232K, 100% used [0x00000007d6c80000,0x00000007d8b00000,0x00000007d8b00000)
  from space 15360K, 69% used [0x00000007d9b00000,0x00000007da570a80,0x00000007daa00000)
  to   space 15872K, 0% used [0x00000007d8b00000,0x00000007d8b00000,0x00000007d9a80000)
 ParOldGen       total 83968K, used 27708K [0x0000000784600000, 0x0000000789800000, 0x00000007d6c80000)
  object space 83968K, 32% used [0x0000000784600000,0x000000078610f288,0x0000000789800000)
 PSPermGen       total 21504K, used 20979K [0x000000077a000000, 0x000000077b500000, 0x0000000784600000)
  object space 21504K, 97% used [0x000000077a000000,0x000000077b47cd18,0x000000077b500000)
Event: 14.967 GC heap after
Heap after GC invocations=7 (full 0):
 PSYoungGen      total 46592K, used 13216K [0x00000007d6c80000, 0x00000007dab80000, 0x0000000800000000)
  eden space 30720K, 0% used [0x00000007d6c80000,0x00000007d6c80000,0x00000007d8a80000)
  from space 15872K, 83% used [0x00000007d8b00000,0x00000007d97e8330,0x00000007d9a80000)
  to   space 16896K, 0% used [0x00000007d9b00000,0x00000007d9b00000,0x00000007dab80000)
 ParOldGen       total 83968K, used 28950K [0x0000000784600000, 0x0000000789800000, 0x00000007d6c80000)
  object space 83968K, 34% used [0x0000000784600000,0x0000000786245b28,0x0000000789800000)
 PSPermGen       total 21504K, used 20979K [0x000000077a000000, 0x000000077b500000, 0x0000000784600000)
  object space 21504K, 97% used [0x000000077a000000,0x000000077b47cd18,0x000000077b500000)
}

