# JRE version: OpenJDK Runtime Environment (7.0_79-b14) (build 1.7.0_79-b14)
# Java VM: OpenJDK 64-Bit Server VM (24.79-b02 mixed mode linux-amd64 compressed oops)
Heap
 PSYoungGen      total 40960K, used 21980K [0x00000007d6c80000, 0x00000007da100000, 0x0000000800000000)
  eden space 30208K, 46% used [0x00000007d6c80000,0x00000007d7a2f0c0,0x00000007d8a00000)
  from space 10752K, 74% used [0x00000007d9680000,0x00000007d9e48200,0x00000007da100000)
  to   space 11776K, 0% used [0x00000007d8a00000,0x00000007d8a00000,0x00000007d9580000)
 ParOldGen       total 83968K, used 17176K [0x0000000784600000, 0x0000000789800000, 0x00000007d6c80000)
  object space 83968K, 20% used [0x0000000784600000,0x00000007856c61d0,0x0000000789800000)
 PSPermGen       total 21504K, used 21363K [0x000000077a000000, 0x000000077b500000, 0x0000000784600000)
  object space 21504K, 99% used [0x000000077a000000,0x000000077b4dcc30,0x000000077b500000)
GC Heap History (10 events):
Event: 12.519 GC heap before
{Heap before GC invocations=4 (full 0):
 PSYoungGen      total 37376K, used 37360K [0x00000007d6c80000, 0x00000007d9600000, 0x0000000800000000)
  eden space 32256K, 100% used [0x00000007d6c80000,0x00000007d8c00000,0x00000007d8c00000)
  from space 5120K, 99% used [0x00000007d8c00000,0x00000007d90fc0e0,0x00000007d9100000)
  to   space 5120K, 0% used [0x00000007d9100000,0x00000007d9100000,0x00000007d9600000)
 ParOldGen       total 83968K, used 12196K [0x0000000784600000, 0x0000000789800000, 0x00000007d6c80000)
  object space 83968K, 14% used [0x0000000784600000,0x00000007851e9030,0x0000000789800000)
 PSPermGen       total 21504K, used 21209K [0x000000077a000000, 0x000000077b500000, 0x0000000784600000)
  object space 21504K, 98% used [0x000000077a000000,0x000000077b4b64d0,0x000000077b500000)
Event: 12.529 GC heap after
Heap after GC invocations=4 (full 0):
 PSYoungGen      total 37376K, used 5106K [0x00000007d6c80000, 0x00000007d9600000, 0x0000000800000000)
  eden space 32256K, 0% used [0x00000007d6c80000,0x00000007d6c80000,0x00000007d8c00000)
  from space 5120K, 99% used [0x00000007d9100000,0x00000007d95fc910,0x00000007d9600000)
  to   space 5120K, 0% used [0x00000007d8c00000,0x00000007d8c00000,0x00000007d9100000)
 ParOldGen       total 83968K, used 12232K [0x0000000784600000, 0x0000000789800000, 0x00000007d6c80000)
  object space 83968K, 14% used [0x0000000784600000,0x00000007851f2040,0x0000000789800000)
 PSPermGen       total 21504K, used 21209K [0x000000077a000000, 0x000000077b500000, 0x0000000784600000)
  object space 21504K, 98% used [0x000000077a000000,0x000000077b4b64d0,0x000000077b500000)
}
Event: 17.818 GC heap before
{Heap before GC invocations=5 (full 0):
 PSYoungGen      total 37376K, used 37362K [0x00000007d6c80000, 0x00000007d9600000, 0x0000000800000000)
  eden space 32256K, 100% used [0x00000007d6c80000,0x00000007d8c00000,0x00000007d8c00000)
  from space 5120K, 99% used [0x00000007d9100000,0x00000007d95fc910,0x00000007d9600000)
  to   space 5120K, 0% used [0x00000007d8c00000,0x00000007d8c00000,0x00000007d9100000)
 ParOldGen       total 83968K, used 12232K [0x0000000784600000, 0x0000000789800000, 0x00000007d6c80000)
  object space 83968K, 14% used [0x0000000784600000,0x00000007851f2040,0x0000000789800000)
 PSPermGen       total 21504K, used 21231K [0x000000077a000000, 0x000000077b500000, 0x0000000784600000)
  object space 21504K, 98% used [0x000000077a000000,0x000000077b4bbc20,0x000000077b500000)
Event: 17.826 GC heap after
Heap after GC invocations=5 (full 0):
 PSYoungGen      total 36864K, used 5056K [0x00000007d6c80000, 0x00000007da580000, 0x0000000800000000)
  eden space 31744K, 0% used [0x00000007d6c80000,0x00000007d6c80000,0x00000007d8b80000)
  from space 5120K, 98% used [0x00000007d8c00000,0x00000007d90f00d0,0x00000007d9100000)
  to   space 13312K, 0% used [0x00000007d9880000,0x00000007d9880000,0x00000007da580000)
 ParOldGen       total 83968K, used 12232K [0x0000000784600000, 0x0000000789800000, 0x00000007d6c80000)
  object space 83968K, 14% used [0x0000000784600000,0x00000007851f2040,0x0000000789800000)
 PSPermGen       total 21504K, used 21231K [0x000000077a000000, 0x000000077b500000, 0x0000000784600000)
  object space 21504K, 98% used [0x000000077a000000,0x000000077b4bbc20,0x000000077b500000)
}
Event: 23.034 GC heap before
{Heap before GC invocations=6 (full 0):
 PSYoungGen      total 36864K, used 36800K [0x00000007d6c80000, 0x00000007da580000, 0x0000000800000000)
  eden space 31744K, 100% used [0x00000007d6c80000,0x00000007d8b80000,0x00000007d8b80000)
  from space 5120K, 98% used [0x00000007d8c00000,0x00000007d90f00d0,0x00000007d9100000)
  to   space 13312K, 0% used [0x00000007d9880000,0x00000007d9880000,0x00000007da580000)
 ParOldGen       total 83968K, used 12232K [0x0000000784600000, 0x0000000789800000, 0x00000007d6c80000)
  object space 83968K, 14% used [0x0000000784600000,0x00000007851f2040,0x0000000789800000)
 PSPermGen       total 21504K, used 21309K [0x000000077a000000, 0x000000077b500000, 0x0000000784600000)
  object space 21504K, 99% used [0x000000077a000000,0x000000077b4cf558,0x000000077b500000)
Event: 23.045 GC heap after
Heap after GC invocations=6 (full 0):
 PSYoungGen      total 43008K, used 5010K [0x00000007d6c80000, 0x00000007da400000, 0x0000000800000000)
  eden space 31232K, 0% used [0x00000007d6c80000,0x00000007d6c80000,0x00000007d8b00000)
  from space 11776K, 42% used [0x00000007d9880000,0x00000007d9d648f0,0x00000007da400000)
  to   space 12800K, 0% used [0x00000007d8b00000,0x00000007d8b00000,0x00000007d9780000)
 ParOldGen       total 83968K, used 12232K [0x0000000784600000, 0x0000000789800000, 0x00000007d6c80000)
  object space 83968K, 14% used [0x0000000784600000,0x00000007851f2040,0x0000000789800000)
 PSPermGen       total 21504K, used 21309K [0x000000077a000000, 0x000000077b500000, 0x0000000784600000)
  object space 21504K, 99% used [0x000000077a000000,0x000000077b4cf558,0x000000077b500000)
}
Event: 24.912 GC heap before
{Heap before GC invocations=7 (full 0):
 PSYoungGen      total 43008K, used 36242K [0x00000007d6c80000, 0x00000007da400000, 0x0000000800000000)
  eden space 31232K, 100% used [0x00000007d6c80000,0x00000007d8b00000,0x00000007d8b00000)
  from space 11776K, 42% used [0x00000007d9880000,0x00000007d9d648f0,0x00000007da400000)
  to   space 12800K, 0% used [0x00000007d8b00000,0x00000007d8b00000,0x00000007d9780000)
 ParOldGen       total 83968K, used 12232K [0x0000000784600000, 0x0000000789800000, 0x00000007d6c80000)
  object space 83968K, 14% used [0x0000000784600000,0x00000007851f2040,0x0000000789800000)
 PSPermGen       total 21504K, used 21347K [0x000000077a000000, 0x000000077b500000, 0x0000000784600000)
  object space 21504K, 99% used [0x000000077a000000,0x000000077b4d8e18,0x000000077b500000)
Event: 24.922 GC heap after
Heap after GC invocations=7 (full 0):
 PSYoungGen      total 38400K, used 7296K [0x00000007d6c80000, 0x00000007da280000, 0x0000000800000000)
  eden space 30720K, 0% used [0x00000007d6c80000,0x00000007d6c80000,0x00000007d8a80000)
  from space 7680K, 95% used [0x00000007d8b00000,0x00000007d92201f0,0x00000007d9280000)
  to   space 12288K, 0% used [0x00000007d9680000,0x00000007d9680000,0x00000007da280000)
 ParOldGen       total 83968K, used 15130K [0x0000000784600000, 0x0000000789800000, 0x00000007d6c80000)
  object space 83968K, 18% used [0x0000000784600000,0x00000007854c6940,0x0000000789800000)
 PSPermGen       total 21504K, used 21347K [0x000000077a000000, 0x000000077b500000, 0x0000000784600000)
  object space 21504K, 99% used [0x000000077a000000,0x000000077b4d8e18,0x000000077b500000)
}
Event: 27.394 GC heap before
{Heap before GC invocations=8 (full 0):
 PSYoungGen      total 38400K, used 38016K [0x00000007d6c80000, 0x00000007da280000, 0x0000000800000000)
  eden space 30720K, 100% used [0x00000007d6c80000,0x00000007d8a80000,0x00000007d8a80000)
  from space 7680K, 95% used [0x00000007d8b00000,0x00000007d92201f0,0x00000007d9280000)
  to   space 12288K, 0% used [0x00000007d9680000,0x00000007d9680000,0x00000007da280000)
 ParOldGen       total 83968K, used 15130K [0x0000000784600000, 0x0000000789800000, 0x00000007d6c80000)
  object space 83968K, 18% used [0x0000000784600000,0x00000007854c6940,0x0000000789800000)
 PSPermGen       total 21504K, used 21353K [0x000000077a000000, 0x000000077b500000, 0x0000000784600000)
  object space 21504K, 99% used [0x000000077a000000,0x000000077b4da4d0,0x000000077b500000)
Event: 27.400 GC heap after
Heap after GC invocations=8 (full 0):
 PSYoungGen      total 40960K, used 7968K [0x00000007d6c80000, 0x00000007da100000, 0x0000000800000000)
  eden space 30208K, 0% used [0x00000007d6c80000,0x00000007d6c80000,0x00000007d8a00000)
  from space 10752K, 74% used [0x00000007d9680000,0x00000007d9e48200,0x00000007da100000)
  to   space 11776K, 0% used [0x00000007d8a00000,0x00000007d8a00000,0x00000007d9580000)
 ParOldGen       total 83968K, used 17176K [0x0000000784600000, 0x0000000789800000, 0x00000007d6c80000)
  object space 83968K, 20% used [0x0000000784600000,0x00000007856c61d0,0x0000000789800000)
 PSPermGen       total 21504K, used 21353K [0x000000077a000000, 0x000000077b500000, 0x0000000784600000)
  object space 21504K, 99% used [0x000000077a000000,0x000000077b4da4d0,0x000000077b500000)
}

