# JRE version: OpenJDK Runtime Environment (7.0_79-b14) (build 1.7.0_79-b14)
# Java VM: OpenJDK 64-Bit Server VM (24.79-b02 mixed mode linux-amd64 compressed oops)
Heap
 PSYoungGen      total 30208K, used 1710K [0x00000007d6c80000, 0x00000007da780000, 0x0000000800000000)
  eden space 29696K, 5% used [0x00000007d6c80000,0x00000007d6e1bbf8,0x00000007d8980000)
  from space 512K, 12% used [0x00000007d8a00000,0x00000007d8a10000,0x00000007d8a80000)
  to   space 15360K, 0% used [0x00000007d9880000,0x00000007d9880000,0x00000007da780000)
 ParOldGen       total 83968K, used 18040K [0x0000000784600000, 0x0000000789800000, 0x00000007d6c80000)
  object space 83968K, 21% used [0x0000000784600000,0x000000078579e280,0x0000000789800000)
 PSPermGen       total 21504K, used 21039K [0x000000077a000000, 0x000000077b500000, 0x0000000784600000)
  object space 21504K, 97% used [0x000000077a000000,0x000000077b48bca0,0x000000077b500000)
GC Heap History (10 events):
Event: 16.948 GC heap before
{Heap before GC invocations=5 (full 0):
 PSYoungGen      total 37376K, used 37346K [0x00000007d6c80000, 0x00000007d9600000, 0x0000000800000000)
  eden space 32256K, 100% used [0x00000007d6c80000,0x00000007d8c00000,0x00000007d8c00000)
  from space 5120K, 99% used [0x00000007d9100000,0x00000007d95f8ad0,0x00000007d9600000)
  to   space 5120K, 0% used [0x00000007d8c00000,0x00000007d8c00000,0x00000007d9100000)
 ParOldGen       total 83968K, used 12967K [0x0000000784600000, 0x0000000789800000, 0x00000007d6c80000)
  object space 83968K, 15% used [0x0000000784600000,0x00000007852a9f88,0x0000000789800000)
 PSPermGen       total 21504K, used 20911K [0x000000077a000000, 0x000000077b500000, 0x0000000784600000)
  object space 21504K, 97% used [0x000000077a000000,0x000000077b46be70,0x000000077b500000)
Event: 16.953 GC heap after
Heap after GC invocations=5 (full 0):
 PSYoungGen      total 36864K, used 5092K [0x00000007d6c80000, 0x00000007da980000, 0x0000000800000000)
  eden space 31744K, 0% used [0x00000007d6c80000,0x00000007d6c80000,0x00000007d8b80000)
  from space 5120K, 99% used [0x00000007d8c00000,0x00000007d90f92e0,0x00000007d9100000)
  to   space 15360K, 0% used [0x00000007d9a80000,0x00000007d9a80000,0x00000007da980000)
 ParOldGen       total 83968K, used 12967K [0x0000000784600000, 0x0000000789800000, 0x00000007d6c80000)
  object space 83968K, 15% used [0x0000000784600000,0x00000007852a9f88,0x0000000789800000)
 PSPermGen       total 21504K, used 20911K [0x000000077a000000, 0x000000077b500000, 0x0000000784600000)
  object space 21504K, 97% used [0x000000077a000000,0x000000077b46be70,0x000000077b500000)
}
Event: 22.416 GC heap before
{Heap before GC invocations=6 (full 0):
 PSYoungGen      total 36864K, used 36836K [0x00000007d6c80000, 0x00000007da980000, 0x0000000800000000)
  eden space 31744K, 100% used [0x00000007d6c80000,0x00000007d8b80000,0x00000007d8b80000)
  from space 5120K, 99% used [0x00000007d8c00000,0x00000007d90f92e0,0x00000007d9100000)
  to   space 15360K, 0% used [0x00000007d9a80000,0x00000007d9a80000,0x00000007da980000)
 ParOldGen       total 83968K, used 12967K [0x0000000784600000, 0x0000000789800000, 0x00000007d6c80000)
  object space 83968K, 15% used [0x0000000784600000,0x00000007852a9f88,0x0000000789800000)
 PSPermGen       total 21504K, used 20938K [0x000000077a000000, 0x000000077b500000, 0x0000000784600000)
  object space 21504K, 97% used [0x000000077a000000,0x000000077b472b18,0x000000077b500000)
Event: 22.423 GC heap after
Heap after GC invocations=6 (full 0):
 PSYoungGen      total 45056K, used 5106K [0x00000007d6c80000, 0x00000007da800000, 0x0000000800000000)
  eden space 31232K, 0% used [0x00000007d6c80000,0x00000007d6c80000,0x00000007d8b00000)
  from space 13824K, 36% used [0x00000007d9a80000,0x00000007d9f7cac0,0x00000007da800000)
  to   space 14848K, 0% used [0x00000007d8b00000,0x00000007d8b00000,0x00000007d9980000)
 ParOldGen       total 83968K, used 12967K [0x0000000784600000, 0x0000000789800000, 0x00000007d6c80000)
  object space 83968K, 15% used [0x0000000784600000,0x00000007852a9f88,0x0000000789800000)
 PSPermGen       total 21504K, used 20938K [0x000000077a000000, 0x000000077b500000, 0x0000000784600000)
  object space 21504K, 97% used [0x000000077a000000,0x000000077b472b18,0x000000077b500000)
}
Event: 27.798 GC heap before
{Heap before GC invocations=7 (full 0):
 PSYoungGen      total 45056K, used 36338K [0x00000007d6c80000, 0x00000007da800000, 0x0000000800000000)
  eden space 31232K, 100% used [0x00000007d6c80000,0x00000007d8b00000,0x00000007d8b00000)
  from space 13824K, 36% used [0x00000007d9a80000,0x00000007d9f7cac0,0x00000007da800000)
  to   space 14848K, 0% used [0x00000007d8b00000,0x00000007d8b00000,0x00000007d9980000)
 ParOldGen       total 83968K, used 12967K [0x0000000784600000, 0x0000000789800000, 0x00000007d6c80000)
  object space 83968K, 15% used [0x0000000784600000,0x00000007852a9f88,0x0000000789800000)
 PSPermGen       total 21504K, used 20943K [0x000000077a000000, 0x000000077b500000, 0x0000000784600000)
  object space 21504K, 97% used [0x000000077a000000,0x000000077b473c98,0x000000077b500000)
Event: 27.804 GC heap after
Heap after GC invocations=7 (full 0):
 PSYoungGen      total 32256K, used 1152K [0x00000007d6c80000, 0x00000007da780000, 0x0000000800000000)
  eden space 30720K, 0% used [0x00000007d6c80000,0x00000007d6c80000,0x00000007d8a80000)
  from space 1536K, 75% used [0x00000007d8b00000,0x00000007d8c20040,0x00000007d8c80000)
  to   space 14848K, 0% used [0x00000007d9900000,0x00000007d9900000,0x00000007da780000)
 ParOldGen       total 83968K, used 16984K [0x0000000784600000, 0x0000000789800000, 0x00000007d6c80000)
  object space 83968K, 20% used [0x0000000784600000,0x0000000785696240,0x0000000789800000)
 PSPermGen       total 21504K, used 20943K [0x000000077a000000, 0x000000077b500000, 0x0000000784600000)
  object space 21504K, 97% used [0x000000077a000000,0x000000077b473c98,0x000000077b500000)
}
Event: 33.041 GC heap before
{Heap before GC invocations=8 (full 0):
 PSYoungGen      total 32256K, used 31872K [0x00000007d6c80000, 0x00000007da780000, 0x0000000800000000)
  eden space 30720K, 100% used [0x00000007d6c80000,0x00000007d8a80000,0x00000007d8a80000)
  from space 1536K, 75% used [0x00000007d8b00000,0x00000007d8c20040,0x00000007d8c80000)
  to   space 14848K, 0% used [0x00000007d9900000,0x00000007d9900000,0x00000007da780000)
 ParOldGen       total 83968K, used 16984K [0x0000000784600000, 0x0000000789800000, 0x00000007d6c80000)
  object space 83968K, 20% used [0x0000000784600000,0x0000000785696240,0x0000000789800000)
 PSPermGen       total 21504K, used 21029K [0x000000077a000000, 0x000000077b500000, 0x0000000784600000)
  object space 21504K, 97% used [0x000000077a000000,0x000000077b4896f0,0x000000077b500000)
Event: 33.043 GC heap after
Heap after GC invocations=8 (full 0):
 PSYoungGen      total 45056K, used 96K [0x00000007d6c80000, 0x00000007da800000, 0x0000000800000000)
  eden space 30208K, 0% used [0x00000007d6c80000,0x00000007d6c80000,0x00000007d8a00000)
  from space 14848K, 0% used [0x00000007d9900000,0x00000007d9918000,0x00000007da780000)
  to   space 15360K, 0% used [0x00000007d8a00000,0x00000007d8a00000,0x00000007d9900000)
 ParOldGen       total 83968K, used 18032K [0x0000000784600000, 0x0000000789800000, 0x00000007d6c80000)
  object space 83968K, 21% used [0x0000000784600000,0x000000078579c280,0x0000000789800000)
 PSPermGen       total 21504K, used 21029K [0x000000077a000000, 0x000000077b500000, 0x0000000784600000)
  object space 21504K, 97% used [0x000000077a000000,0x000000077b4896f0,0x000000077b500000)
}
Event: 38.210 GC heap before
{Heap before GC invocations=9 (full 0):
 PSYoungGen      total 45056K, used 30304K [0x00000007d6c80000, 0x00000007da800000, 0x0000000800000000)
  eden space 30208K, 100% used [0x00000007d6c80000,0x00000007d8a00000,0x00000007d8a00000)
  from space 14848K, 0% used [0x00000007d9900000,0x00000007d9918000,0x00000007da780000)
  to   space 15360K, 0% used [0x00000007d8a00000,0x00000007d8a00000,0x00000007d9900000)
 ParOldGen       total 83968K, used 18032K [0x0000000784600000, 0x0000000789800000, 0x00000007d6c80000)
  object space 83968K, 21% used [0x0000000784600000,0x000000078579c280,0x0000000789800000)
 PSPermGen       total 21504K, used 21033K [0x000000077a000000, 0x000000077b500000, 0x0000000784600000)
  object space 21504K, 97% used [0x000000077a000000,0x000000077b48a450,0x000000077b500000)
Event: 38.213 GC heap after
Heap after GC invocations=9 (full 0):
 PSYoungGen      total 30208K, used 64K [0x00000007d6c80000, 0x00000007da780000, 0x0000000800000000)
  eden space 29696K, 0% used [0x00000007d6c80000,0x00000007d6c80000,0x00000007d8980000)
  from space 512K, 12% used [0x00000007d8a00000,0x00000007d8a10000,0x00000007d8a80000)
  to   space 15360K, 0% used [0x00000007d9880000,0x00000007d9880000,0x00000007da780000)
 ParOldGen       total 83968K, used 18040K [0x0000000784600000, 0x0000000789800000, 0x00000007d6c80000)
  object space 83968K, 21% used [0x0000000784600000,0x000000078579e280,0x0000000789800000)
 PSPermGen       total 21504K, used 21033K [0x000000077a000000, 0x000000077b500000, 0x0000000784600000)
  object space 21504K, 97% used [0x000000077a000000,0x000000077b48a450,0x000000077b500000)
}

