# JRE version: OpenJDK Runtime Environment (7.0_79-b14) (build 1.7.0_79-b14)
# Java VM: OpenJDK 64-Bit Server VM (24.79-b02 mixed mode linux-amd64 compressed oops)
Heap
 PSYoungGen      total 37376K, used 32392K [0x00000007d6c80000, 0x00000007d9600000, 0x0000000800000000)
  eden space 32256K, 85% used [0x00000007d6c80000,0x00000007d8751810,0x00000007d8c00000)
  from space 5120K, 96% used [0x00000007d9100000,0x00000007d95d0b20,0x00000007d9600000)
  to   space 5120K, 0% used [0x00000007d8c00000,0x00000007d8c00000,0x00000007d9100000)
 ParOldGen       total 83968K, used 13833K [0x0000000784600000, 0x0000000789800000, 0x00000007d6c80000)
  object space 83968K, 16% used [0x0000000784600000,0x0000000785382738,0x0000000789800000)
 PSPermGen       total 21504K, used 21227K [0x000000077a000000, 0x000000077b500000, 0x0000000784600000)
  object space 21504K, 98% used [0x000000077a000000,0x000000077b4baeb0,0x000000077b500000)
GC Heap History (8 events):
Event: 0.979 GC heap before
{Heap before GC invocations=1 (full 0):
 PSYoungGen      total 37376K, used 32256K [0x00000007d6c80000, 0x00000007d9600000, 0x0000000800000000)
  eden space 32256K, 100% used [0x00000007d6c80000,0x00000007d8c00000,0x00000007d8c00000)
  from space 5120K, 0% used [0x00000007d9100000,0x00000007d9100000,0x00000007d9600000)
  to   space 5120K, 0% used [0x00000007d8c00000,0x00000007d8c00000,0x00000007d9100000)
 ParOldGen       total 83968K, used 0K [0x0000000784600000, 0x0000000789800000, 0x00000007d6c80000)
  object space 83968K, 0% used [0x0000000784600000,0x0000000784600000,0x0000000789800000)
 PSPermGen       total 21504K, used 17493K [0x000000077a000000, 0x000000077b500000, 0x0000000784600000)
  object space 21504K, 81% used [0x000000077a000000,0x000000077b115590,0x000000077b500000)
Event: 0.988 GC heap after
Heap after GC invocations=1 (full 0):
 PSYoungGen      total 37376K, used 5088K [0x00000007d6c80000, 0x00000007d9600000, 0x0000000800000000)
  eden space 32256K, 0% used [0x00000007d6c80000,0x00000007d6c80000,0x00000007d8c00000)
  from space 5120K, 99% used [0x00000007d8c00000,0x00000007d90f82a0,0x00000007d9100000)
  to   space 5120K, 0% used [0x00000007d9100000,0x00000007d9100000,0x00000007d9600000)
 ParOldGen       total 83968K, used 1461K [0x0000000784600000, 0x0000000789800000, 0x00000007d6c80000)
  object space 83968K, 1% used [0x0000000784600000,0x000000078476d408,0x0000000789800000)
 PSPermGen       total 21504K, used 17493K [0x000000077a000000, 0x000000077b500000, 0x0000000784600000)
  object space 21504K, 81% used [0x000000077a000000,0x000000077b115590,0x000000077b500000)
}
Event: 4.477 GC heap before
{Heap before GC invocations=2 (full 0):
 PSYoungGen      total 37376K, used 37300K [0x00000007d6c80000, 0x00000007d9600000, 0x0000000800000000)
  eden space 32256K, 99% used [0x00000007d6c80000,0x00000007d8bf5138,0x00000007d8c00000)
  from space 5120K, 99% used [0x00000007d8c00000,0x00000007d90f82a0,0x00000007d9100000)
  to   space 5120K, 0% used [0x00000007d9100000,0x00000007d9100000,0x00000007d9600000)
 ParOldGen       total 83968K, used 1461K [0x0000000784600000, 0x0000000789800000, 0x00000007d6c80000)
  object space 83968K, 1% used [0x0000000784600000,0x000000078476d408,0x0000000789800000)
 PSPermGen       total 21504K, used 20871K [0x000000077a000000, 0x000000077b500000, 0x0000000784600000)
  object space 21504K, 97% used [0x000000077a000000,0x000000077b461e20,0x000000077b500000)
Event: 4.503 GC heap after
Heap after GC invocations=2 (full 0):
 PSYoungGen      total 37376K, used 5108K [0x00000007d6c80000, 0x00000007d9600000, 0x0000000800000000)
  eden space 32256K, 0% used [0x00000007d6c80000,0x00000007d6c80000,0x00000007d8c00000)
  from space 5120K, 99% used [0x00000007d9100000,0x00000007d95fd380,0x00000007d9600000)
  to   space 5120K, 0% used [0x00000007d8c00000,0x00000007d8c00000,0x00000007d9100000)
 ParOldGen       total 83968K, used 10447K [0x0000000784600000, 0x0000000789800000, 0x00000007d6c80000)
  object space 83968K, 12% used [0x0000000784600000,0x0000000785033ea8,0x0000000789800000)
 PSPermGen       total 21504K, used 20871K [0x000000077a000000, 0x000000077b500000, 0x0000000784600000)
  object space 21504K, 97% used [0x000000077a000000,0x000000077b461e20,0x000000077b500000)
}
Event: 7.463 GC heap before
{Heap before GC invocations=3 (full 0):
 PSYoungGen      total 37376K, used 37364K [0x00000007d6c80000, 0x00000007d9600000, 0x0000000800000000)
  eden space 32256K, 100% used [0x00000007d6c80000,0x00000007d8c00000,0x00000007d8c00000)
  from space 5120K, 99% used [0x00000007d9100000,0x00000007d95fd380,0x00000007d9600000)
  to   space 5120K, 0% used [0x00000007d8c00000,0x00000007d8c00000,0x00000007d9100000)
 ParOldGen       total 83968K, used 10447K [0x0000000784600000, 0x0000000789800000, 0x00000007d6c80000)
  object space 83968K, 12% used [0x0000000784600000,0x0000000785033ea8,0x0000000789800000)
 PSPermGen       total 21504K, used 21088K [0x000000077a000000, 0x000000077b500000, 0x0000000784600000)
  object space 21504K, 98% used [0x000000077a000000,0x000000077b4983b0,0x000000077b500000)
Event: 7.472 GC heap after
Heap after GC invocations=3 (full 0):
 PSYoungGen      total 37376K, used 5106K [0x00000007d6c80000, 0x00000007d9600000, 0x0000000800000000)
  eden space 32256K, 0% used [0x00000007d6c80000,0x00000007d6c80000,0x00000007d8c00000)
  from space 5120K, 99% used [0x00000007d8c00000,0x00000007d90fcb20,0x00000007d9100000)
  to   space 5120K, 0% used [0x00000007d9100000,0x00000007d9100000,0x00000007d9600000)
 ParOldGen       total 83968K, used 13577K [0x0000000784600000, 0x0000000789800000, 0x00000007d6c80000)
  object space 83968K, 16% used [0x0000000784600000,0x0000000785342728,0x0000000789800000)
 PSPermGen       total 21504K, used 21088K [0x000000077a000000, 0x000000077b500000, 0x0000000784600000)
  object space 21504K, 98% used [0x000000077a000000,0x000000077b4983b0,0x000000077b500000)
}
Event: 12.884 GC heap before
{Heap before GC invocations=4 (full 0):
 PSYoungGen      total 37376K, used 37362K [0x00000007d6c80000, 0x00000007d9600000, 0x0000000800000000)
  eden space 32256K, 100% used [0x00000007d6c80000,0x00000007d8c00000,0x00000007d8c00000)
  from space 5120K, 99% used [0x00000007d8c00000,0x00000007d90fcb20,0x00000007d9100000)
  to   space 5120K, 0% used [0x00000007d9100000,0x00000007d9100000,0x00000007d9600000)
 ParOldGen       total 83968K, used 13577K [0x0000000784600000, 0x0000000789800000, 0x00000007d6c80000)
  object space 83968K, 16% used [0x0000000784600000,0x0000000785342728,0x0000000789800000)
 PSPermGen       total 21504K, used 21117K [0x000000077a000000, 0x000000077b500000, 0x0000000784600000)
  object space 21504K, 98% used [0x000000077a000000,0x000000077b49f510,0x000000077b500000)
Event: 12.890 GC heap after
Heap after GC invocations=4 (full 0):
 PSYoungGen      total 37376K, used 4930K [0x00000007d6c80000, 0x00000007d9600000, 0x0000000800000000)
  eden space 32256K, 0% used [0x00000007d6c80000,0x00000007d6c80000,0x00000007d8c00000)
  from space 5120K, 96% used [0x00000007d9100000,0x00000007d95d0b20,0x00000007d9600000)
  to   space 5120K, 0% used [0x00000007d8c00000,0x00000007d8c00000,0x00000007d9100000)
 ParOldGen       total 83968K, used 13833K [0x0000000784600000, 0x0000000789800000, 0x00000007d6c80000)
  object space 83968K, 16% used [0x0000000784600000,0x0000000785382738,0x0000000789800000)
 PSPermGen       total 21504K, used 21117K [0x000000077a000000, 0x000000077b500000, 0x0000000784600000)
  object space 21504K, 98% used [0x000000077a000000,0x000000077b49f510,0x000000077b500000)
}

