# JRE version: OpenJDK Runtime Environment (7.0_79-b14) (build 1.7.0_79-b14)
# Java VM: OpenJDK 64-Bit Server VM (24.79-b02 mixed mode linux-amd64 compressed oops)
Heap
 PSYoungGen      total 69632K, used 17804K [0x00000007d6c80000, 0x00000007db580000, 0x0000000800000000)
  eden space 64512K, 19% used [0x00000007d6c80000,0x00000007d78e67f8,0x00000007dab80000)
  from space 5120K, 99% used [0x00000007dab80000,0x00000007db07c920,0x00000007db080000)
  to   space 5120K, 0% used [0x00000007db080000,0x00000007db080000,0x00000007db580000)
 ParOldGen       total 83968K, used 13529K [0x0000000784600000, 0x0000000789800000, 0x00000007d6c80000)
  object space 83968K, 16% used [0x0000000784600000,0x00000007853367a8,0x0000000789800000)
 PSPermGen       total 21504K, used 21122K [0x000000077a000000, 0x000000077b500000, 0x0000000784600000)
  object space 21504K, 98% used [0x000000077a000000,0x000000077b4a0ac8,0x000000077b500000)
GC Heap History (6 events):
Event: 0.935 GC heap before
{Heap before GC invocations=1 (full 0):
 PSYoungGen      total 37376K, used 32256K [0x00000007d6c80000, 0x00000007d9600000, 0x0000000800000000)
  eden space 32256K, 100% used [0x00000007d6c80000,0x00000007d8c00000,0x00000007d8c00000)
  from space 5120K, 0% used [0x00000007d9100000,0x00000007d9100000,0x00000007d9600000)
  to   space 5120K, 0% used [0x00000007d8c00000,0x00000007d8c00000,0x00000007d9100000)
 ParOldGen       total 83968K, used 0K [0x0000000784600000, 0x0000000789800000, 0x00000007d6c80000)
  object space 83968K, 0% used [0x0000000784600000,0x0000000784600000,0x0000000789800000)
 PSPermGen       total 21504K, used 17390K [0x000000077a000000, 0x000000077b500000, 0x0000000784600000)
  object space 21504K, 80% used [0x000000077a000000,0x000000077b0fb990,0x000000077b500000)
Event: 0.945 GC heap after
Heap after GC invocations=1 (full 0):
 PSYoungGen      total 37376K, used 5115K [0x00000007d6c80000, 0x00000007db580000, 0x0000000800000000)
  eden space 32256K, 0% used [0x00000007d6c80000,0x00000007d6c80000,0x00000007d8c00000)
  from space 5120K, 99% used [0x00000007d8c00000,0x00000007d90fee40,0x00000007d9100000)
  to   space 5120K, 0% used [0x00000007db080000,0x00000007db080000,0x00000007db580000)
 ParOldGen       total 83968K, used 1421K [0x0000000784600000, 0x0000000789800000, 0x00000007d6c80000)
  object space 83968K, 1% used [0x0000000784600000,0x0000000784763598,0x0000000789800000)
 PSPermGen       total 21504K, used 17390K [0x000000077a000000, 0x000000077b500000, 0x0000000784600000)
  object space 21504K, 80% used [0x000000077a000000,0x000000077b0fb990,0x000000077b500000)
}
Event: 2.058 GC heap before
{Heap before GC invocations=2 (full 0):
 PSYoungGen      total 37376K, used 37371K [0x00000007d6c80000, 0x00000007db580000, 0x0000000800000000)
  eden space 32256K, 100% used [0x00000007d6c80000,0x00000007d8c00000,0x00000007d8c00000)
  from space 5120K, 99% used [0x00000007d8c00000,0x00000007d90fee40,0x00000007d9100000)
  to   space 5120K, 0% used [0x00000007db080000,0x00000007db080000,0x00000007db580000)
 ParOldGen       total 83968K, used 1421K [0x0000000784600000, 0x0000000789800000, 0x00000007d6c80000)
  object space 83968K, 1% used [0x0000000784600000,0x0000000784763598,0x0000000789800000)
 PSPermGen       total 21504K, used 20862K [0x000000077a000000, 0x000000077b500000, 0x0000000784600000)
  object space 21504K, 97% used [0x000000077a000000,0x000000077b45fa68,0x000000077b500000)
Event: 2.075 GC heap after
Heap after GC invocations=2 (full 0):
 PSYoungGen      total 69632K, used 5090K [0x00000007d6c80000, 0x00000007db580000, 0x0000000800000000)
  eden space 64512K, 0% used [0x00000007d6c80000,0x00000007d6c80000,0x00000007dab80000)
  from space 5120K, 99% used [0x00000007db080000,0x00000007db578990,0x00000007db580000)
  to   space 5120K, 0% used [0x00000007dab80000,0x00000007dab80000,0x00000007db080000)
 ParOldGen       total 83968K, used 10725K [0x0000000784600000, 0x0000000789800000, 0x00000007d6c80000)
  object space 83968K, 12% used [0x0000000784600000,0x0000000785079728,0x0000000789800000)
 PSPermGen       total 21504K, used 20862K [0x000000077a000000, 0x000000077b500000, 0x0000000784600000)
  object space 21504K, 97% used [0x000000077a000000,0x000000077b45fa68,0x000000077b500000)
}
Event: 10.101 GC heap before
{Heap before GC invocations=3 (full 0):
 PSYoungGen      total 69632K, used 69602K [0x00000007d6c80000, 0x00000007db580000, 0x0000000800000000)
  eden space 64512K, 100% used [0x00000007d6c80000,0x00000007dab80000,0x00000007dab80000)
  from space 5120K, 99% used [0x00000007db080000,0x00000007db578990,0x00000007db580000)
  to   space 5120K, 0% used [0x00000007dab80000,0x00000007dab80000,0x00000007db080000)
 ParOldGen       total 83968K, used 10725K [0x0000000784600000, 0x0000000789800000, 0x00000007d6c80000)
  object space 83968K, 12% used [0x0000000784600000,0x0000000785079728,0x0000000789800000)
 PSPermGen       total 21504K, used 21055K [0x000000077a000000, 0x000000077b500000, 0x0000000784600000)
  object space 21504K, 97% used [0x000000077a000000,0x000000077b48feb0,0x000000077b500000)
Event: 10.110 GC heap after
Heap after GC invocations=3 (full 0):
 PSYoungGen      total 69632K, used 5106K [0x00000007d6c80000, 0x00000007db580000, 0x0000000800000000)
  eden space 64512K, 0% used [0x00000007d6c80000,0x00000007d6c80000,0x00000007dab80000)
  from space 5120K, 99% used [0x00000007dab80000,0x00000007db07c920,0x00000007db080000)
  to   space 5120K, 0% used [0x00000007db080000,0x00000007db080000,0x00000007db580000)
 ParOldGen       total 83968K, used 13529K [0x0000000784600000, 0x0000000789800000, 0x00000007d6c80000)
  object space 83968K, 16% used [0x0000000784600000,0x00000007853367a8,0x0000000789800000)
 PSPermGen       total 21504K, used 21055K [0x000000077a000000, 0x000000077b500000, 0x0000000784600000)
  object space 21504K, 97% used [0x000000077a000000,0x000000077b48feb0,0x000000077b500000)
}

