# JRE version: OpenJDK Runtime Environment (7.0_79-b14) (build 1.7.0_79-b14)
# Java VM: OpenJDK 64-Bit Server VM (24.79-b02 mixed mode linux-amd64 compressed oops)
Heap
 PSYoungGen      total 37376K, used 10454K [0x00000007d6c80000, 0x00000007db100000, 0x0000000800000000)
  eden space 32256K, 16% used [0x00000007d6c80000,0x00000007d71b6690,0x00000007d8c00000)
  from space 5120K, 99% used [0x00000007dac00000,0x00000007db0ff3f0,0x00000007db100000)
  to   space 5120K, 0% used [0x00000007d8c00000,0x00000007d8c00000,0x00000007d9100000)
 ParOldGen       total 83968K, used 12834K [0x0000000784600000, 0x0000000789800000, 0x00000007d6c80000)
  object space 83968K, 15% used [0x0000000784600000,0x0000000785288a18,0x0000000789800000)
 PSPermGen       total 21504K, used 21277K [0x000000077a000000, 0x000000077b500000, 0x0000000784600000)
  object space 21504K, 98% used [0x000000077a000000,0x000000077b4c7578,0x000000077b500000)
GC Heap History (8 events):
Event: 1.046 GC heap before
{Heap before GC invocations=1 (full 0):
 PSYoungGen      total 37376K, used 32256K [0x00000007d6c80000, 0x00000007d9600000, 0x0000000800000000)
  eden space 32256K, 100% used [0x00000007d6c80000,0x00000007d8c00000,0x00000007d8c00000)
  from space 5120K, 0% used [0x00000007d9100000,0x00000007d9100000,0x00000007d9600000)
  to   space 5120K, 0% used [0x00000007d8c00000,0x00000007d8c00000,0x00000007d9100000)
 ParOldGen       total 83968K, used 0K [0x0000000784600000, 0x0000000789800000, 0x00000007d6c80000)
  object space 83968K, 0% used [0x0000000784600000,0x0000000784600000,0x0000000789800000)
 PSPermGen       total 21504K, used 17489K [0x000000077a000000, 0x000000077b500000, 0x0000000784600000)
  object space 21504K, 81% used [0x000000077a000000,0x000000077b1144d8,0x000000077b500000)
Event: 1.059 GC heap after
Heap after GC invocations=1 (full 0):
 PSYoungGen      total 37376K, used 5108K [0x00000007d6c80000, 0x00000007db580000, 0x0000000800000000)
  eden space 32256K, 0% used [0x00000007d6c80000,0x00000007d6c80000,0x00000007d8c00000)
  from space 5120K, 99% used [0x00000007d8c00000,0x00000007d90fd1c8,0x00000007d9100000)
  to   space 5120K, 0% used [0x00000007db080000,0x00000007db080000,0x00000007db580000)
 ParOldGen       total 83968K, used 1482K [0x0000000784600000, 0x0000000789800000, 0x00000007d6c80000)
  object space 83968K, 1% used [0x0000000784600000,0x00000007847729e8,0x0000000789800000)
 PSPermGen       total 21504K, used 17489K [0x000000077a000000, 0x000000077b500000, 0x0000000784600000)
  object space 21504K, 81% used [0x000000077a000000,0x000000077b1144d8,0x000000077b500000)
}
Event: 7.890 GC heap before
{Heap before GC invocations=2 (full 0):
 PSYoungGen      total 37376K, used 37364K [0x00000007d6c80000, 0x00000007db580000, 0x0000000800000000)
  eden space 32256K, 100% used [0x00000007d6c80000,0x00000007d8c00000,0x00000007d8c00000)
  from space 5120K, 99% used [0x00000007d8c00000,0x00000007d90fd1c8,0x00000007d9100000)
  to   space 5120K, 0% used [0x00000007db080000,0x00000007db080000,0x00000007db580000)
 ParOldGen       total 83968K, used 1482K [0x0000000784600000, 0x0000000789800000, 0x00000007d6c80000)
  object space 83968K, 1% used [0x0000000784600000,0x00000007847729e8,0x0000000789800000)
 PSPermGen       total 21504K, used 20862K [0x000000077a000000, 0x000000077b500000, 0x0000000784600000)
  object space 21504K, 97% used [0x000000077a000000,0x000000077b45fa18,0x000000077b500000)
Event: 7.910 GC heap after
Heap after GC invocations=2 (full 0):
 PSYoungGen      total 37376K, used 5119K [0x00000007d6c80000, 0x00000007db580000, 0x0000000800000000)
  eden space 32256K, 0% used [0x00000007d6c80000,0x00000007d6c80000,0x00000007d8c00000)
  from space 5120K, 99% used [0x00000007db080000,0x00000007db57fc20,0x00000007db580000)
  to   space 5120K, 0% used [0x00000007d8c00000,0x00000007d8c00000,0x00000007d9100000)
 ParOldGen       total 83968K, used 8770K [0x0000000784600000, 0x0000000789800000, 0x00000007d6c80000)
  object space 83968K, 10% used [0x0000000784600000,0x0000000784e90a98,0x0000000789800000)
 PSPermGen       total 21504K, used 20862K [0x000000077a000000, 0x000000077b500000, 0x0000000784600000)
  object space 21504K, 97% used [0x000000077a000000,0x000000077b45fa18,0x000000077b500000)
}
Event: 9.241 GC heap before
{Heap before GC invocations=3 (full 0):
 PSYoungGen      total 37376K, used 37375K [0x00000007d6c80000, 0x00000007db580000, 0x0000000800000000)
  eden space 32256K, 100% used [0x00000007d6c80000,0x00000007d8c00000,0x00000007d8c00000)
  from space 5120K, 99% used [0x00000007db080000,0x00000007db57fc20,0x00000007db580000)
  to   space 5120K, 0% used [0x00000007d8c00000,0x00000007d8c00000,0x00000007d9100000)
 ParOldGen       total 83968K, used 8770K [0x0000000784600000, 0x0000000789800000, 0x00000007d6c80000)
  object space 83968K, 10% used [0x0000000784600000,0x0000000784e90a98,0x0000000789800000)
 PSPermGen       total 21504K, used 21181K [0x000000077a000000, 0x000000077b500000, 0x0000000784600000)
  object space 21504K, 98% used [0x000000077a000000,0x000000077b4af618,0x000000077b500000)
Event: 9.258 GC heap after
Heap after GC invocations=3 (full 0):
 PSYoungGen      total 37376K, used 5103K [0x00000007d6c80000, 0x00000007db100000, 0x0000000800000000)
  eden space 32256K, 0% used [0x00000007d6c80000,0x00000007d6c80000,0x00000007d8c00000)
  from space 5120K, 99% used [0x00000007d8c00000,0x00000007d90fbc10,0x00000007d9100000)
  to   space 5120K, 0% used [0x00000007dac00000,0x00000007dac00000,0x00000007db100000)
 ParOldGen       total 83968K, used 12794K [0x0000000784600000, 0x0000000789800000, 0x00000007d6c80000)
  object space 83968K, 15% used [0x0000000784600000,0x000000078527ea18,0x0000000789800000)
 PSPermGen       total 21504K, used 21181K [0x000000077a000000, 0x000000077b500000, 0x0000000784600000)
  object space 21504K, 98% used [0x000000077a000000,0x000000077b4af618,0x000000077b500000)
}
Event: 14.399 GC heap before
{Heap before GC invocations=4 (full 0):
 PSYoungGen      total 37376K, used 37359K [0x00000007d6c80000, 0x00000007db100000, 0x0000000800000000)
  eden space 32256K, 100% used [0x00000007d6c80000,0x00000007d8c00000,0x00000007d8c00000)
  from space 5120K, 99% used [0x00000007d8c00000,0x00000007d90fbc10,0x00000007d9100000)
  to   space 5120K, 0% used [0x00000007dac00000,0x00000007dac00000,0x00000007db100000)
 ParOldGen       total 83968K, used 12794K [0x0000000784600000, 0x0000000789800000, 0x00000007d6c80000)
  object space 83968K, 15% used [0x0000000784600000,0x000000078527ea18,0x0000000789800000)
 PSPermGen       total 21504K, used 21269K [0x000000077a000000, 0x000000077b500000, 0x0000000784600000)
  object space 21504K, 98% used [0x000000077a000000,0x000000077b4c5580,0x000000077b500000)
Event: 14.406 GC heap after
Heap after GC invocations=4 (full 0):
 PSYoungGen      total 37376K, used 5116K [0x00000007d6c80000, 0x00000007db100000, 0x0000000800000000)
  eden space 32256K, 0% used [0x00000007d6c80000,0x00000007d6c80000,0x00000007d8c00000)
  from space 5120K, 99% used [0x00000007dac00000,0x00000007db0ff3f0,0x00000007db100000)
  to   space 5120K, 0% used [0x00000007d8c00000,0x00000007d8c00000,0x00000007d9100000)
 ParOldGen       total 83968K, used 12834K [0x0000000784600000, 0x0000000789800000, 0x00000007d6c80000)
  object space 83968K, 15% used [0x0000000784600000,0x0000000785288a18,0x0000000789800000)
 PSPermGen       total 21504K, used 21269K [0x000000077a000000, 0x000000077b500000, 0x0000000784600000)
  object space 21504K, 98% used [0x000000077a000000,0x000000077b4c5580,0x000000077b500000)
}

