# JRE version: OpenJDK Runtime Environment (7.0_79-b14) (build 1.7.0_79-b14)
# Java VM: OpenJDK 64-Bit Server VM (24.79-b02 mixed mode linux-amd64 compressed oops)
Heap
 PSYoungGen      total 44544K, used 22858K [0x00000007d6c80000, 0x00000007da700000, 0x0000000800000000)
  eden space 30208K, 75% used [0x00000007d6c80000,0x00000007d82baa70,0x00000007d8a00000)
  from space 14336K, 0% used [0x00000007d9900000,0x00000007d9918000,0x00000007da700000)
  to   space 14848K, 0% used [0x00000007d8a00000,0x00000007d8a00000,0x00000007d9880000)
 ParOldGen       total 83968K, used 15849K [0x0000000784600000, 0x0000000789800000, 0x00000007d6c80000)
  object space 83968K, 18% used [0x0000000784600000,0x000000078557a6d8,0x0000000789800000)
 PSPermGen       total 21504K, used 21149K [0x000000077a000000, 0x000000077b500000, 0x0000000784600000)
  object space 21504K, 98% used [0x000000077a000000,0x000000077b4a75a0,0x000000077b500000)
GC Heap History (10 events):
Event: 19.326 GC heap before
{Heap before GC invocations=4 (full 0):
 PSYoungGen      total 37376K, used 37220K [0x00000007d6c80000, 0x00000007d9600000, 0x0000000800000000)
  eden space 32256K, 100% used [0x00000007d6c80000,0x00000007d8c00000,0x00000007d8c00000)
  from space 5120K, 96% used [0x00000007d8c00000,0x00000007d90d9300,0x00000007d9100000)
  to   space 5120K, 0% used [0x00000007d9100000,0x00000007d9100000,0x00000007d9600000)
 ParOldGen       total 83968K, used 10950K [0x0000000784600000, 0x0000000789800000, 0x00000007d6c80000)
  object space 83968K, 13% used [0x0000000784600000,0x00000007850b18f0,0x0000000789800000)
 PSPermGen       total 21504K, used 20892K [0x000000077a000000, 0x000000077b500000, 0x0000000784600000)
  object space 21504K, 97% used [0x000000077a000000,0x000000077b467118,0x000000077b500000)
Event: 19.335 GC heap after
Heap after GC invocations=4 (full 0):
 PSYoungGen      total 37376K, used 4900K [0x00000007d6c80000, 0x00000007d9600000, 0x0000000800000000)
  eden space 32256K, 0% used [0x00000007d6c80000,0x00000007d6c80000,0x00000007d8c00000)
  from space 5120K, 95% used [0x00000007d9100000,0x00000007d95c9300,0x00000007d9600000)
  to   space 5120K, 0% used [0x00000007d8c00000,0x00000007d8c00000,0x00000007d9100000)
 ParOldGen       total 83968K, used 10950K [0x0000000784600000, 0x0000000789800000, 0x00000007d6c80000)
  object space 83968K, 13% used [0x0000000784600000,0x00000007850b18f0,0x0000000789800000)
 PSPermGen       total 21504K, used 20892K [0x000000077a000000, 0x000000077b500000, 0x0000000784600000)
  object space 21504K, 97% used [0x000000077a000000,0x000000077b467118,0x000000077b500000)
}
Event: 28.341 GC heap before
{Heap before GC invocations=5 (full 0):
 PSYoungGen      total 37376K, used 37156K [0x00000007d6c80000, 0x00000007d9600000, 0x0000000800000000)
  eden space 32256K, 100% used [0x00000007d6c80000,0x00000007d8c00000,0x00000007d8c00000)
  from space 5120K, 95% used [0x00000007d9100000,0x00000007d95c9300,0x00000007d9600000)
  to   space 5120K, 0% used [0x00000007d8c00000,0x00000007d8c00000,0x00000007d9100000)
 ParOldGen       total 83968K, used 10950K [0x0000000784600000, 0x0000000789800000, 0x00000007d6c80000)
  object space 83968K, 13% used [0x0000000784600000,0x00000007850b18f0,0x0000000789800000)
 PSPermGen       total 21504K, used 20920K [0x000000077a000000, 0x000000077b500000, 0x0000000784600000)
  object space 21504K, 97% used [0x000000077a000000,0x000000077b46e038,0x000000077b500000)
Event: 28.347 GC heap after
Heap after GC invocations=5 (full 0):
 PSYoungGen      total 36864K, used 4964K [0x00000007d6c80000, 0x00000007da880000, 0x0000000800000000)
  eden space 31744K, 0% used [0x00000007d6c80000,0x00000007d6c80000,0x00000007d8b80000)
  from space 5120K, 96% used [0x00000007d8c00000,0x00000007d90d9300,0x00000007d9100000)
  to   space 14848K, 0% used [0x00000007d9a00000,0x00000007d9a00000,0x00000007da880000)
 ParOldGen       total 83968K, used 10958K [0x0000000784600000, 0x0000000789800000, 0x00000007d6c80000)
  object space 83968K, 13% used [0x0000000784600000,0x00000007850b38f0,0x0000000789800000)
 PSPermGen       total 21504K, used 20920K [0x000000077a000000, 0x000000077b500000, 0x0000000784600000)
  object space 21504K, 97% used [0x000000077a000000,0x000000077b46e038,0x000000077b500000)
}
Event: 37.242 GC heap before
{Heap before GC invocations=6 (full 0):
 PSYoungGen      total 36864K, used 36708K [0x00000007d6c80000, 0x00000007da880000, 0x0000000800000000)
  eden space 31744K, 100% used [0x00000007d6c80000,0x00000007d8b80000,0x00000007d8b80000)
  from space 5120K, 96% used [0x00000007d8c00000,0x00000007d90d9300,0x00000007d9100000)
  to   space 14848K, 0% used [0x00000007d9a00000,0x00000007d9a00000,0x00000007da880000)
 ParOldGen       total 83968K, used 10958K [0x0000000784600000, 0x0000000789800000, 0x00000007d6c80000)
  object space 83968K, 13% used [0x0000000784600000,0x00000007850b38f0,0x0000000789800000)
 PSPermGen       total 21504K, used 20951K [0x000000077a000000, 0x000000077b500000, 0x0000000784600000)
  object space 21504K, 97% used [0x000000077a000000,0x000000077b475eb0,0x000000077b500000)
Event: 37.250 GC heap after
Heap after GC invocations=6 (full 0):
 PSYoungGen      total 44544K, used 4932K [0x00000007d6c80000, 0x00000007da700000, 0x0000000800000000)
  eden space 31232K, 0% used [0x00000007d6c80000,0x00000007d6c80000,0x00000007d8b00000)
  from space 13312K, 37% used [0x00000007d9a00000,0x00000007d9ed1300,0x00000007da700000)
  to   space 14336K, 0% used [0x00000007d8b00000,0x00000007d8b00000,0x00000007d9900000)
 ParOldGen       total 83968K, used 10966K [0x0000000784600000, 0x0000000789800000, 0x00000007d6c80000)
  object space 83968K, 13% used [0x0000000784600000,0x00000007850b58f0,0x0000000789800000)
 PSPermGen       total 21504K, used 20951K [0x000000077a000000, 0x000000077b500000, 0x0000000784600000)
  object space 21504K, 97% used [0x000000077a000000,0x000000077b475eb0,0x000000077b500000)
}
Event: 45.942 GC heap before
{Heap before GC invocations=7 (full 0):
 PSYoungGen      total 44544K, used 36164K [0x00000007d6c80000, 0x00000007da700000, 0x0000000800000000)
  eden space 31232K, 100% used [0x00000007d6c80000,0x00000007d8b00000,0x00000007d8b00000)
  from space 13312K, 37% used [0x00000007d9a00000,0x00000007d9ed1300,0x00000007da700000)
  to   space 14336K, 0% used [0x00000007d8b00000,0x00000007d8b00000,0x00000007d9900000)
 ParOldGen       total 83968K, used 10966K [0x0000000784600000, 0x0000000789800000, 0x00000007d6c80000)
  object space 83968K, 13% used [0x0000000784600000,0x00000007850b58f0,0x0000000789800000)
 PSPermGen       total 21504K, used 20957K [0x000000077a000000, 0x000000077b500000, 0x0000000784600000)
  object space 21504K, 97% used [0x000000077a000000,0x000000077b4777e0,0x000000077b500000)
Event: 45.950 GC heap after
Heap after GC invocations=7 (full 0):
 PSYoungGen      total 45056K, used 416K [0x00000007d6c80000, 0x00000007da780000, 0x0000000800000000)
  eden space 30720K, 0% used [0x00000007d6c80000,0x00000007d6c80000,0x00000007d8a80000)
  from space 14336K, 2% used [0x00000007d8b00000,0x00000007d8b68020,0x00000007d9900000)
  to   space 14848K, 0% used [0x00000007d9900000,0x00000007d9900000,0x00000007da780000)
 ParOldGen       total 83968K, used 15521K [0x0000000784600000, 0x0000000789800000, 0x00000007d6c80000)
  object space 83968K, 18% used [0x0000000784600000,0x00000007855286b8,0x0000000789800000)
 PSPermGen       total 21504K, used 20957K [0x000000077a000000, 0x000000077b500000, 0x0000000784600000)
  object space 21504K, 97% used [0x000000077a000000,0x000000077b4777e0,0x000000077b500000)
}
Event: 54.542 GC heap before
{Heap before GC invocations=8 (full 0):
 PSYoungGen      total 45056K, used 31136K [0x00000007d6c80000, 0x00000007da780000, 0x0000000800000000)
  eden space 30720K, 100% used [0x00000007d6c80000,0x00000007d8a80000,0x00000007d8a80000)
  from space 14336K, 2% used [0x00000007d8b00000,0x00000007d8b68020,0x00000007d9900000)
  to   space 14848K, 0% used [0x00000007d9900000,0x00000007d9900000,0x00000007da780000)
 ParOldGen       total 83968K, used 15521K [0x0000000784600000, 0x0000000789800000, 0x00000007d6c80000)
  object space 83968K, 18% used [0x0000000784600000,0x00000007855286b8,0x0000000789800000)
 PSPermGen       total 21504K, used 20963K [0x000000077a000000, 0x000000077b500000, 0x0000000784600000)
  object space 21504K, 97% used [0x000000077a000000,0x000000077b478e40,0x000000077b500000)
Event: 54.545 GC heap after
Heap after GC invocations=8 (full 0):
 PSYoungGen      total 44544K, used 96K [0x00000007d6c80000, 0x00000007da700000, 0x0000000800000000)
  eden space 30208K, 0% used [0x00000007d6c80000,0x00000007d6c80000,0x00000007d8a00000)
  from space 14336K, 0% used [0x00000007d9900000,0x00000007d9918000,0x00000007da700000)
  to   space 14848K, 0% used [0x00000007d8a00000,0x00000007d8a00000,0x00000007d9880000)
 ParOldGen       total 83968K, used 15849K [0x0000000784600000, 0x0000000789800000, 0x00000007d6c80000)
  object space 83968K, 18% used [0x0000000784600000,0x000000078557a6d8,0x0000000789800000)
 PSPermGen       total 21504K, used 20963K [0x000000077a000000, 0x000000077b500000, 0x0000000784600000)
  object space 21504K, 97% used [0x000000077a000000,0x000000077b478e40,0x000000077b500000)
}

