# JRE version: OpenJDK Runtime Environment (7.0_79-b14) (build 1.7.0_79-b14)
# Java VM: OpenJDK 64-Bit Server VM (24.79-b02 mixed mode linux-amd64 compressed oops)
Heap
 PSYoungGen      total 45056K, used 26262K [0x00000007d6c80000, 0x00000007da800000, 0x0000000800000000)
  eden space 31232K, 67% used [0x00000007d6c80000,0x00000007d811d748,0x00000007d8b00000)
  from space 13824K, 37% used [0x00000007d9a80000,0x00000007d9f880f0,0x00000007da800000)
  to   space 14848K, 0% used [0x00000007d8b00000,0x00000007d8b00000,0x00000007d9980000)
 ParOldGen       total 83968K, used 13405K [0x0000000784600000, 0x0000000789800000, 0x00000007d6c80000)
  object space 83968K, 15% used [0x0000000784600000,0x0000000785317560,0x0000000789800000)
 PSPermGen       total 21504K, used 21184K [0x000000077a000000, 0x000000077b500000, 0x0000000784600000)
  object space 21504K, 98% used [0x000000077a000000,0x000000077b4b0390,0x000000077b500000)
GC Heap History (10 events):
Event: 2.086 GC heap before
{Heap before GC invocations=2 (full 0):
 PSYoungGen      total 37376K, used 37191K [0x00000007d6c80000, 0x00000007d9600000, 0x0000000800000000)
  eden space 32256K, 99% used [0x00000007d6c80000,0x00000007d8bd8808,0x00000007d8c00000)
  from space 5120K, 99% used [0x00000007d8c00000,0x00000007d90f9528,0x00000007d9100000)
  to   space 5120K, 0% used [0x00000007d9100000,0x00000007d9100000,0x00000007d9600000)
 ParOldGen       total 83968K, used 1460K [0x0000000784600000, 0x0000000789800000, 0x00000007d6c80000)
  object space 83968K, 1% used [0x0000000784600000,0x000000078476d218,0x0000000789800000)
 PSPermGen       total 21504K, used 20863K [0x000000077a000000, 0x000000077b500000, 0x0000000784600000)
  object space 21504K, 97% used [0x000000077a000000,0x000000077b45ff78,0x000000077b500000)
Event: 2.100 GC heap after
Heap after GC invocations=2 (full 0):
 PSYoungGen      total 37376K, used 5090K [0x00000007d6c80000, 0x00000007db580000, 0x0000000800000000)
  eden space 32256K, 0% used [0x00000007d6c80000,0x00000007d6c80000,0x00000007d8c00000)
  from space 5120K, 99% used [0x00000007d9100000,0x00000007d95f8980,0x00000007d9600000)
  to   space 5120K, 0% used [0x00000007d8c00000,0x00000007d8c00000,0x00000007d9100000)
 ParOldGen       total 83968K, used 10789K [0x0000000784600000, 0x0000000789800000, 0x00000007d6c80000)
  object space 83968K, 12% used [0x0000000784600000,0x0000000785089430,0x0000000789800000)
 PSPermGen       total 21504K, used 20863K [0x000000077a000000, 0x000000077b500000, 0x0000000784600000)
  object space 21504K, 97% used [0x000000077a000000,0x000000077b45ff78,0x000000077b500000)
}
Event: 5.130 GC heap before
{Heap before GC invocations=3 (full 0):
 PSYoungGen      total 37376K, used 37346K [0x00000007d6c80000, 0x00000007db580000, 0x0000000800000000)
  eden space 32256K, 100% used [0x00000007d6c80000,0x00000007d8c00000,0x00000007d8c00000)
  from space 5120K, 99% used [0x00000007d9100000,0x00000007d95f8980,0x00000007d9600000)
  to   space 5120K, 0% used [0x00000007d8c00000,0x00000007d8c00000,0x00000007d9100000)
 ParOldGen       total 83968K, used 10789K [0x0000000784600000, 0x0000000789800000, 0x00000007d6c80000)
  object space 83968K, 12% used [0x0000000784600000,0x0000000785089430,0x0000000789800000)
 PSPermGen       total 21504K, used 21035K [0x000000077a000000, 0x000000077b500000, 0x0000000784600000)
  object space 21504K, 97% used [0x000000077a000000,0x000000077b48aca8,0x000000077b500000)
Event: 5.138 GC heap after
Heap after GC invocations=3 (full 0):
 PSYoungGen      total 37376K, used 5104K [0x00000007d6c80000, 0x00000007d9600000, 0x0000000800000000)
  eden space 32256K, 0% used [0x00000007d6c80000,0x00000007d6c80000,0x00000007d8c00000)
  from space 5120K, 99% used [0x00000007d8c00000,0x00000007d90fc100,0x00000007d9100000)
  to   space 5120K, 0% used [0x00000007d9100000,0x00000007d9100000,0x00000007d9600000)
 ParOldGen       total 83968K, used 13341K [0x0000000784600000, 0x0000000789800000, 0x00000007d6c80000)
  object space 83968K, 15% used [0x0000000784600000,0x0000000785307560,0x0000000789800000)
 PSPermGen       total 21504K, used 21035K [0x000000077a000000, 0x000000077b500000, 0x0000000784600000)
  object space 21504K, 97% used [0x000000077a000000,0x000000077b48aca8,0x000000077b500000)
}
Event: 10.599 GC heap before
{Heap before GC invocations=4 (full 0):
 PSYoungGen      total 37376K, used 37360K [0x00000007d6c80000, 0x00000007d9600000, 0x0000000800000000)
  eden space 32256K, 100% used [0x00000007d6c80000,0x00000007d8c00000,0x00000007d8c00000)
  from space 5120K, 99% used [0x00000007d8c00000,0x00000007d90fc100,0x00000007d9100000)
  to   space 5120K, 0% used [0x00000007d9100000,0x00000007d9100000,0x00000007d9600000)
 ParOldGen       total 83968K, used 13341K [0x0000000784600000, 0x0000000789800000, 0x00000007d6c80000)
  object space 83968K, 15% used [0x0000000784600000,0x0000000785307560,0x0000000789800000)
 PSPermGen       total 21504K, used 21059K [0x000000077a000000, 0x000000077b500000, 0x0000000784600000)
  object space 21504K, 97% used [0x000000077a000000,0x000000077b490e20,0x000000077b500000)
Event: 10.604 GC heap after
Heap after GC invocations=4 (full 0):
 PSYoungGen      total 37376K, used 5104K [0x00000007d6c80000, 0x00000007d9600000, 0x0000000800000000)
  eden space 32256K, 0% used [0x00000007d6c80000,0x00000007d6c80000,0x00000007d8c00000)
  from space 5120K, 99% used [0x00000007d9100000,0x00000007d95fc100,0x00000007d9600000)
  to   space 5120K, 0% used [0x00000007d8c00000,0x00000007d8c00000,0x00000007d9100000)
 ParOldGen       total 83968K, used 13389K [0x0000000784600000, 0x0000000789800000, 0x00000007d6c80000)
  object space 83968K, 15% used [0x0000000784600000,0x0000000785313560,0x0000000789800000)
 PSPermGen       total 21504K, used 21059K [0x000000077a000000, 0x000000077b500000, 0x0000000784600000)
  object space 21504K, 97% used [0x000000077a000000,0x000000077b490e20,0x000000077b500000)
}
Event: 16.099 GC heap before
{Heap before GC invocations=5 (full 0):
 PSYoungGen      total 37376K, used 37360K [0x00000007d6c80000, 0x00000007d9600000, 0x0000000800000000)
  eden space 32256K, 100% used [0x00000007d6c80000,0x00000007d8c00000,0x00000007d8c00000)
  from space 5120K, 99% used [0x00000007d9100000,0x00000007d95fc100,0x00000007d9600000)
  to   space 5120K, 0% used [0x00000007d8c00000,0x00000007d8c00000,0x00000007d9100000)
 ParOldGen       total 83968K, used 13389K [0x0000000784600000, 0x0000000789800000, 0x00000007d6c80000)
  object space 83968K, 15% used [0x0000000784600000,0x0000000785313560,0x0000000789800000)
 PSPermGen       total 21504K, used 21155K [0x000000077a000000, 0x000000077b500000, 0x0000000784600000)
  object space 21504K, 98% used [0x000000077a000000,0x000000077b4a8d80,0x000000077b500000)
Event: 16.104 GC heap after
Heap after GC invocations=5 (full 0):
 PSYoungGen      total 36864K, used 5104K [0x00000007d6c80000, 0x00000007da980000, 0x0000000800000000)
  eden space 31744K, 0% used [0x00000007d6c80000,0x00000007d6c80000,0x00000007d8b80000)
  from space 5120K, 99% used [0x00000007d8c00000,0x00000007d90fc100,0x00000007d9100000)
  to   space 15360K, 0% used [0x00000007d9a80000,0x00000007d9a80000,0x00000007da980000)
 ParOldGen       total 83968K, used 13405K [0x0000000784600000, 0x0000000789800000, 0x00000007d6c80000)
  object space 83968K, 15% used [0x0000000784600000,0x0000000785317560,0x0000000789800000)
 PSPermGen       total 21504K, used 21155K [0x000000077a000000, 0x000000077b500000, 0x0000000784600000)
  object space 21504K, 98% used [0x000000077a000000,0x000000077b4a8d80,0x000000077b500000)
}
Event: 21.534 GC heap before
{Heap before GC invocations=6 (full 0):
 PSYoungGen      total 36864K, used 36848K [0x00000007d6c80000, 0x00000007da980000, 0x0000000800000000)
  eden space 31744K, 100% used [0x00000007d6c80000,0x00000007d8b80000,0x00000007d8b80000)
  from space 5120K, 99% used [0x00000007d8c00000,0x00000007d90fc100,0x00000007d9100000)
  to   space 15360K, 0% used [0x00000007d9a80000,0x00000007d9a80000,0x00000007da980000)
 ParOldGen       total 83968K, used 13405K [0x0000000784600000, 0x0000000789800000, 0x00000007d6c80000)
  object space 83968K, 15% used [0x0000000784600000,0x0000000785317560,0x0000000789800000)
 PSPermGen       total 21504K, used 21175K [0x000000077a000000, 0x000000077b500000, 0x0000000784600000)
  object space 21504K, 98% used [0x000000077a000000,0x000000077b4ade90,0x000000077b500000)
Event: 21.541 GC heap after
Heap after GC invocations=6 (full 0):
 PSYoungGen      total 45056K, used 5152K [0x00000007d6c80000, 0x00000007da800000, 0x0000000800000000)
  eden space 31232K, 0% used [0x00000007d6c80000,0x00000007d6c80000,0x00000007d8b00000)
  from space 13824K, 37% used [0x00000007d9a80000,0x00000007d9f880f0,0x00000007da800000)
  to   space 14848K, 0% used [0x00000007d8b00000,0x00000007d8b00000,0x00000007d9980000)
 ParOldGen       total 83968K, used 13405K [0x0000000784600000, 0x0000000789800000, 0x00000007d6c80000)
  object space 83968K, 15% used [0x0000000784600000,0x0000000785317560,0x0000000789800000)
 PSPermGen       total 21504K, used 21175K [0x000000077a000000, 0x000000077b500000, 0x0000000784600000)
  object space 21504K, 98% used [0x000000077a000000,0x000000077b4ade90,0x000000077b500000)
}

