# JRE version: OpenJDK Runtime Environment (7.0_79-b14) (build 1.7.0_79-b14)
# Java VM: OpenJDK 64-Bit Server VM (24.79-b02 mixed mode linux-amd64 compressed oops)
Heap
 PSYoungGen      total 25600K, used 16129K [0x00000007d6c80000, 0x00000007d8b80000, 0x0000000800000000)
  eden space 22528K, 58% used [0x00000007d6c80000,0x00000007d7950570,0x00000007d8280000)
  from space 3072K, 97% used [0x00000007d8680000,0x00000007d89700c0,0x00000007d8980000)
  to   space 4096K, 0% used [0x00000007d8280000,0x00000007d8280000,0x00000007d8680000)
 ParOldGen       total 83968K, used 65454K [0x0000000784600000, 0x0000000789800000, 0x00000007d6c80000)
  object space 83968K, 77% used [0x0000000784600000,0x00000007885eb9e0,0x0000000789800000)
 PSPermGen       total 21504K, used 19928K [0x000000077a000000, 0x000000077b500000, 0x0000000784600000)
  object space 21504K, 92% used [0x000000077a000000,0x000000077b3760f8,0x000000077b500000)
GC Heap History (10 events):
Event: 219.795 GC heap before
{Heap before GC invocations=52 (full 0):
 PSYoungGen      total 27136K, used 24832K [0x00000007d6c80000, 0x00000007d8a80000, 0x0000000800000000)
  eden space 23552K, 100% used [0x00000007d6c80000,0x00000007d8380000,0x00000007d8380000)
  from space 3584K, 35% used [0x00000007d8380000,0x00000007d84c0060,0x00000007d8700000)
  to   space 3584K, 0% used [0x00000007d8700000,0x00000007d8700000,0x00000007d8a80000)
 ParOldGen       total 83968K, used 60285K [0x0000000784600000, 0x0000000789800000, 0x00000007d6c80000)
  object space 83968K, 71% used [0x0000000784600000,0x00000007880df760,0x0000000789800000)
 PSPermGen       total 21504K, used 19921K [0x000000077a000000, 0x000000077b500000, 0x0000000784600000)
  object space 21504K, 92% used [0x000000077a000000,0x000000077b3745f0,0x000000077b500000)
Event: 219.797 GC heap after
Heap after GC invocations=52 (full 0):
 PSYoungGen      total 27136K, used 96K [0x00000007d6c80000, 0x00000007d8a80000, 0x0000000800000000)
  eden space 23552K, 0% used [0x00000007d6c80000,0x00000007d6c80000,0x00000007d8380000)
  from space 3584K, 2% used [0x00000007d8700000,0x00000007d8718000,0x00000007d8a80000)
  to   space 3584K, 0% used [0x00000007d8380000,0x00000007d8380000,0x00000007d8700000)
 ParOldGen       total 83968K, used 61430K [0x0000000784600000, 0x0000000789800000, 0x00000007d6c80000)
  object space 83968K, 73% used [0x0000000784600000,0x00000007881fd830,0x0000000789800000)
 PSPermGen       total 21504K, used 19921K [0x000000077a000000, 0x000000077b500000, 0x0000000784600000)
  object space 21504K, 92% used [0x000000077a000000,0x000000077b3745f0,0x000000077b500000)
}
Event: 224.947 GC heap before
{Heap before GC invocations=53 (full 0):
 PSYoungGen      total 27136K, used 23648K [0x00000007d6c80000, 0x00000007d8a80000, 0x0000000800000000)
  eden space 23552K, 100% used [0x00000007d6c80000,0x00000007d8380000,0x00000007d8380000)
  from space 3584K, 2% used [0x00000007d8700000,0x00000007d8718000,0x00000007d8a80000)
  to   space 3584K, 0% used [0x00000007d8380000,0x00000007d8380000,0x00000007d8700000)
 ParOldGen       total 83968K, used 61430K [0x0000000784600000, 0x0000000789800000, 0x00000007d6c80000)
  object space 83968K, 73% used [0x0000000784600000,0x00000007881fd830,0x0000000789800000)
 PSPermGen       total 21504K, used 19921K [0x000000077a000000, 0x000000077b500000, 0x0000000784600000)
  object space 21504K, 92% used [0x000000077a000000,0x000000077b3745f0,0x000000077b500000)
Event: 224.950 GC heap after
Heap after GC invocations=53 (full 0):
 PSYoungGen      total 24064K, used 400K [0x00000007d6c80000, 0x00000007d8980000, 0x0000000800000000)
  eden space 23552K, 0% used [0x00000007d6c80000,0x00000007d6c80000,0x00000007d8380000)
  from space 512K, 78% used [0x00000007d8380000,0x00000007d83e4020,0x00000007d8400000)
  to   space 3072K, 0% used [0x00000007d8680000,0x00000007d8680000,0x00000007d8980000)
 ParOldGen       total 83968K, used 61430K [0x0000000784600000, 0x0000000789800000, 0x00000007d6c80000)
  object space 83968K, 73% used [0x0000000784600000,0x00000007881fd830,0x0000000789800000)
 PSPermGen       total 21504K, used 19921K [0x000000077a000000, 0x000000077b500000, 0x0000000784600000)
  object space 21504K, 92% used [0x000000077a000000,0x000000077b3745f0,0x000000077b500000)
}
Event: 230.396 GC heap before
{Heap before GC invocations=54 (full 0):
 PSYoungGen      total 24064K, used 23952K [0x00000007d6c80000, 0x00000007d8980000, 0x0000000800000000)
  eden space 23552K, 100% used [0x00000007d6c80000,0x00000007d8380000,0x00000007d8380000)
  from space 512K, 78% used [0x00000007d8380000,0x00000007d83e4020,0x00000007d8400000)
  to   space 3072K, 0% used [0x00000007d8680000,0x00000007d8680000,0x00000007d8980000)
 ParOldGen       total 83968K, used 61430K [0x0000000784600000, 0x0000000789800000, 0x00000007d6c80000)
  object space 83968K, 73% used [0x0000000784600000,0x00000007881fd830,0x0000000789800000)
 PSPermGen       total 21504K, used 19921K [0x000000077a000000, 0x000000077b500000, 0x0000000784600000)
  object space 21504K, 92% used [0x000000077a000000,0x000000077b3745f0,0x000000077b500000)
Event: 230.398 GC heap after
Heap after GC invocations=54 (full 0):
 PSYoungGen      total 26624K, used 96K [0x00000007d6c80000, 0x00000007d8980000, 0x0000000800000000)
  eden space 23552K, 0% used [0x00000007d6c80000,0x00000007d6c80000,0x00000007d8380000)
  from space 3072K, 3% used [0x00000007d8680000,0x00000007d8698000,0x00000007d8980000)
  to   space 3072K, 0% used [0x00000007d8380000,0x00000007d8380000,0x00000007d8680000)
 ParOldGen       total 83968K, used 61702K [0x0000000784600000, 0x0000000789800000, 0x00000007d6c80000)
  object space 83968K, 73% used [0x0000000784600000,0x0000000788241840,0x0000000789800000)
 PSPermGen       total 21504K, used 19921K [0x000000077a000000, 0x000000077b500000, 0x0000000784600000)
  object space 21504K, 92% used [0x000000077a000000,0x000000077b3745f0,0x000000077b500000)
}
Event: 233.841 GC heap before
{Heap before GC invocations=55 (full 0):
 PSYoungGen      total 26624K, used 23648K [0x00000007d6c80000, 0x00000007d8980000, 0x0000000800000000)
  eden space 23552K, 100% used [0x00000007d6c80000,0x00000007d8380000,0x00000007d8380000)
  from space 3072K, 3% used [0x00000007d8680000,0x00000007d8698000,0x00000007d8980000)
  to   space 3072K, 0% used [0x00000007d8380000,0x00000007d8380000,0x00000007d8680000)
 ParOldGen       total 83968K, used 61702K [0x0000000784600000, 0x0000000789800000, 0x00000007d6c80000)
  object space 83968K, 73% used [0x0000000784600000,0x0000000788241840,0x0000000789800000)
 PSPermGen       total 21504K, used 19921K [0x000000077a000000, 0x000000077b500000, 0x0000000784600000)
  object space 21504K, 92% used [0x000000077a000000,0x000000077b3745f0,0x000000077b500000)
Event: 233.847 GC heap after
Heap after GC invocations=55 (full 0):
 PSYoungGen      total 26624K, used 1792K [0x00000007d6c80000, 0x00000007d8980000, 0x0000000800000000)
  eden space 23552K, 0% used [0x00000007d6c80000,0x00000007d6c80000,0x00000007d8380000)
  from space 3072K, 58% used [0x00000007d8380000,0x00000007d8540080,0x00000007d8680000)
  to   space 3072K, 0% used [0x00000007d8680000,0x00000007d8680000,0x00000007d8980000)
 ParOldGen       total 83968K, used 61718K [0x0000000784600000, 0x0000000789800000, 0x00000007d6c80000)
  object space 83968K, 73% used [0x0000000784600000,0x0000000788245840,0x0000000789800000)
 PSPermGen       total 21504K, used 19921K [0x000000077a000000, 0x000000077b500000, 0x0000000784600000)
  object space 21504K, 92% used [0x000000077a000000,0x000000077b3745f0,0x000000077b500000)
}
Event: 234.898 GC heap before
{Heap before GC invocations=56 (full 0):
 PSYoungGen      total 26624K, used 25344K [0x00000007d6c80000, 0x00000007d8980000, 0x0000000800000000)
  eden space 23552K, 100% used [0x00000007d6c80000,0x00000007d8380000,0x00000007d8380000)
  from space 3072K, 58% used [0x00000007d8380000,0x00000007d8540080,0x00000007d8680000)
  to   space 3072K, 0% used [0x00000007d8680000,0x00000007d8680000,0x00000007d8980000)
 ParOldGen       total 83968K, used 61718K [0x0000000784600000, 0x0000000789800000, 0x00000007d6c80000)
  object space 83968K, 73% used [0x0000000784600000,0x0000000788245840,0x0000000789800000)
 PSPermGen       total 21504K, used 19922K [0x000000077a000000, 0x000000077b500000, 0x0000000784600000)
  object space 21504K, 92% used [0x000000077a000000,0x000000077b374968,0x000000077b500000)
Event: 234.904 GC heap after
Heap after GC invocations=56 (full 0):
 PSYoungGen      total 25600K, used 3008K [0x00000007d6c80000, 0x00000007d8b80000, 0x0000000800000000)
  eden space 22528K, 0% used [0x00000007d6c80000,0x00000007d6c80000,0x00000007d8280000)
  from space 3072K, 97% used [0x00000007d8680000,0x00000007d89700c0,0x00000007d8980000)
  to   space 4096K, 0% used [0x00000007d8280000,0x00000007d8280000,0x00000007d8680000)
 ParOldGen       total 83968K, used 65454K [0x0000000784600000, 0x0000000789800000, 0x00000007d6c80000)
  object space 83968K, 77% used [0x0000000784600000,0x00000007885eb9e0,0x0000000789800000)
 PSPermGen       total 21504K, used 19922K [0x000000077a000000, 0x000000077b500000, 0x0000000784600000)
  object space 21504K, 92% used [0x000000077a000000,0x000000077b374968,0x000000077b500000)
}

