# JRE version: OpenJDK Runtime Environment (7.0_79-b14) (build 1.7.0_79-b14)
# Java VM: OpenJDK 64-Bit Server VM (24.79-b02 mixed mode linux-amd64 compressed oops)
Heap
 PSYoungGen      total 69632K, used 8933K [0x00000007d6c80000, 0x00000007df480000, 0x0000000800000000)
  eden space 64512K, 5% used [0x00000007d6c80000,0x00000007d7041608,0x00000007dab80000)
  from space 5120K, 99% used [0x00000007dab80000,0x00000007db078110,0x00000007db080000)
  to   space 5120K, 0% used [0x00000007def80000,0x00000007def80000,0x00000007df480000)
 ParOldGen       total 83968K, used 18646K [0x0000000784600000, 0x0000000789800000, 0x00000007d6c80000)
  object space 83968K, 22% used [0x0000000784600000,0x0000000785835958,0x0000000789800000)
 PSPermGen       total 21504K, used 20942K [0x000000077a000000, 0x000000077b500000, 0x0000000784600000)
  object space 21504K, 97% used [0x000000077a000000,0x000000077b473990,0x000000077b500000)
GC Heap History (6 events):
Event: 1.022 GC heap before
{Heap before GC invocations=1 (full 0):
 PSYoungGen      total 37376K, used 32256K [0x00000007d6c80000, 0x00000007d9600000, 0x0000000800000000)
  eden space 32256K, 100% used [0x00000007d6c80000,0x00000007d8c00000,0x00000007d8c00000)
  from space 5120K, 0% used [0x00000007d9100000,0x00000007d9100000,0x00000007d9600000)
  to   space 5120K, 0% used [0x00000007d8c00000,0x00000007d8c00000,0x00000007d9100000)
 ParOldGen       total 83968K, used 0K [0x0000000784600000, 0x0000000789800000, 0x00000007d6c80000)
  object space 83968K, 0% used [0x0000000784600000,0x0000000784600000,0x0000000789800000)
 PSPermGen       total 21504K, used 17442K [0x000000077a000000, 0x000000077b500000, 0x0000000784600000)
  object space 21504K, 81% used [0x000000077a000000,0x000000077b1088b8,0x000000077b500000)
Event: 1.037 GC heap after
Heap after GC invocations=1 (full 0):
 PSYoungGen      total 37376K, used 5093K [0x00000007d6c80000, 0x00000007db580000, 0x0000000800000000)
  eden space 32256K, 0% used [0x00000007d6c80000,0x00000007d6c80000,0x00000007d8c00000)
  from space 5120K, 99% used [0x00000007d8c00000,0x00000007d90f9630,0x00000007d9100000)
  to   space 5120K, 0% used [0x00000007db080000,0x00000007db080000,0x00000007db580000)
 ParOldGen       total 83968K, used 1482K [0x0000000784600000, 0x0000000789800000, 0x00000007d6c80000)
  object space 83968K, 1% used [0x0000000784600000,0x0000000784772998,0x0000000789800000)
 PSPermGen       total 21504K, used 17442K [0x000000077a000000, 0x000000077b500000, 0x0000000784600000)
  object space 21504K, 81% used [0x000000077a000000,0x000000077b1088b8,0x000000077b500000)
}
Event: 2.181 GC heap before
{Heap before GC invocations=2 (full 0):
 PSYoungGen      total 37376K, used 37349K [0x00000007d6c80000, 0x00000007db580000, 0x0000000800000000)
  eden space 32256K, 100% used [0x00000007d6c80000,0x00000007d8c00000,0x00000007d8c00000)
  from space 5120K, 99% used [0x00000007d8c00000,0x00000007d90f9630,0x00000007d9100000)
  to   space 5120K, 0% used [0x00000007db080000,0x00000007db080000,0x00000007db580000)
 ParOldGen       total 83968K, used 1482K [0x0000000784600000, 0x0000000789800000, 0x00000007d6c80000)
  object space 83968K, 1% used [0x0000000784600000,0x0000000784772998,0x0000000789800000)
 PSPermGen       total 21504K, used 20783K [0x000000077a000000, 0x000000077b500000, 0x0000000784600000)
  object space 21504K, 96% used [0x000000077a000000,0x000000077b44bd78,0x000000077b500000)
Event: 2.202 GC heap after
Heap after GC invocations=2 (full 0):
 PSYoungGen      total 69632K, used 5106K [0x00000007d6c80000, 0x00000007db580000, 0x0000000800000000)
  eden space 64512K, 0% used [0x00000007d6c80000,0x00000007d6c80000,0x00000007dab80000)
  from space 5120K, 99% used [0x00000007db080000,0x00000007db57c940,0x00000007db580000)
  to   space 5120K, 0% used [0x00000007dab80000,0x00000007dab80000,0x00000007db080000)
 ParOldGen       total 83968K, used 10357K [0x0000000784600000, 0x0000000789800000, 0x00000007d6c80000)
  object space 83968K, 12% used [0x0000000784600000,0x000000078501d708,0x0000000789800000)
 PSPermGen       total 21504K, used 20783K [0x000000077a000000, 0x000000077b500000, 0x0000000784600000)
  object space 21504K, 96% used [0x000000077a000000,0x000000077b44bd78,0x000000077b500000)
}
Event: 7.360 GC heap before
{Heap before GC invocations=3 (full 0):
 PSYoungGen      total 69632K, used 69618K [0x00000007d6c80000, 0x00000007db580000, 0x0000000800000000)
  eden space 64512K, 100% used [0x00000007d6c80000,0x00000007dab80000,0x00000007dab80000)
  from space 5120K, 99% used [0x00000007db080000,0x00000007db57c940,0x00000007db580000)
  to   space 5120K, 0% used [0x00000007dab80000,0x00000007dab80000,0x00000007db080000)
 ParOldGen       total 83968K, used 10357K [0x0000000784600000, 0x0000000789800000, 0x00000007d6c80000)
  object space 83968K, 12% used [0x0000000784600000,0x000000078501d708,0x0000000789800000)
 PSPermGen       total 21504K, used 20935K [0x000000077a000000, 0x000000077b500000, 0x0000000784600000)
  object space 21504K, 97% used [0x000000077a000000,0x000000077b471fd0,0x000000077b500000)
Event: 7.374 GC heap after
Heap after GC invocations=3 (full 0):
 PSYoungGen      total 69632K, used 5088K [0x00000007d6c80000, 0x00000007df480000, 0x0000000800000000)
  eden space 64512K, 0% used [0x00000007d6c80000,0x00000007d6c80000,0x00000007dab80000)
  from space 5120K, 99% used [0x00000007dab80000,0x00000007db078110,0x00000007db080000)
  to   space 5120K, 0% used [0x00000007def80000,0x00000007def80000,0x00000007df480000)
 ParOldGen       total 83968K, used 18646K [0x0000000784600000, 0x0000000789800000, 0x00000007d6c80000)
  object space 83968K, 22% used [0x0000000784600000,0x0000000785835958,0x0000000789800000)
 PSPermGen       total 21504K, used 20935K [0x000000077a000000, 0x000000077b500000, 0x0000000784600000)
  object space 21504K, 97% used [0x000000077a000000,0x000000077b471fd0,0x000000077b500000)
}

