# JRE version: OpenJDK Runtime Environment (7.0_79-b14) (build 1.7.0_79-b14)
# Java VM: OpenJDK 64-Bit Server VM (24.79-b02 mixed mode linux-amd64 compressed oops)
Heap
 PSYoungGen      total 36864K, used 33787K [0x00000007d6c80000, 0x00000007da880000, 0x0000000800000000)
  eden space 31744K, 90% used [0x00000007d6c80000,0x00000007d888aae0,0x00000007d8b80000)
  from space 5120K, 99% used [0x00000007d8c00000,0x00000007d90f4160,0x00000007d9100000)
  to   space 14848K, 0% used [0x00000007d9a00000,0x00000007d9a00000,0x00000007da880000)
 ParOldGen       total 83968K, used 13071K [0x0000000784600000, 0x0000000789800000, 0x00000007d6c80000)
  object space 83968K, 15% used [0x0000000784600000,0x00000007852c3f58,0x0000000789800000)
 PSPermGen       total 21504K, used 21175K [0x000000077a000000, 0x000000077b500000, 0x0000000784600000)
  object space 21504K, 98% used [0x000000077a000000,0x000000077b4adec0,0x000000077b500000)
GC Heap History (10 events):
Event: 0.958 GC heap before
{Heap before GC invocations=1 (full 0):
 PSYoungGen      total 37376K, used 32256K [0x00000007d6c80000, 0x00000007d9600000, 0x0000000800000000)
  eden space 32256K, 100% used [0x00000007d6c80000,0x00000007d8c00000,0x00000007d8c00000)
  from space 5120K, 0% used [0x00000007d9100000,0x00000007d9100000,0x00000007d9600000)
  to   space 5120K, 0% used [0x00000007d8c00000,0x00000007d8c00000,0x00000007d9100000)
 ParOldGen       total 83968K, used 0K [0x0000000784600000, 0x0000000789800000, 0x00000007d6c80000)
  object space 83968K, 0% used [0x0000000784600000,0x0000000784600000,0x0000000789800000)
 PSPermGen       total 21504K, used 17502K [0x000000077a000000, 0x000000077b500000, 0x0000000784600000)
  object space 21504K, 81% used [0x000000077a000000,0x000000077b117980,0x000000077b500000)
Event: 0.968 GC heap after
Heap after GC invocations=1 (full 0):
 PSYoungGen      total 37376K, used 5115K [0x00000007d6c80000, 0x00000007d9600000, 0x0000000800000000)
  eden space 32256K, 0% used [0x00000007d6c80000,0x00000007d6c80000,0x00000007d8c00000)
  from space 5120K, 99% used [0x00000007d8c00000,0x00000007d90fee10,0x00000007d9100000)
  to   space 5120K, 0% used [0x00000007d9100000,0x00000007d9100000,0x00000007d9600000)
 ParOldGen       total 83968K, used 1442K [0x0000000784600000, 0x0000000789800000, 0x00000007d6c80000)
  object space 83968K, 1% used [0x0000000784600000,0x0000000784768968,0x0000000789800000)
 PSPermGen       total 21504K, used 17502K [0x000000077a000000, 0x000000077b500000, 0x0000000784600000)
  object space 21504K, 81% used [0x000000077a000000,0x000000077b117980,0x000000077b500000)
}
Event: 2.130 GC heap before
{Heap before GC invocations=2 (full 0):
 PSYoungGen      total 37376K, used 37147K [0x00000007d6c80000, 0x00000007d9600000, 0x0000000800000000)
  eden space 32256K, 99% used [0x00000007d6c80000,0x00000007d8bc7f88,0x00000007d8c00000)
  from space 5120K, 99% used [0x00000007d8c00000,0x00000007d90fee10,0x00000007d9100000)
  to   space 5120K, 0% used [0x00000007d9100000,0x00000007d9100000,0x00000007d9600000)
 ParOldGen       total 83968K, used 1442K [0x0000000784600000, 0x0000000789800000, 0x00000007d6c80000)
  object space 83968K, 1% used [0x0000000784600000,0x0000000784768968,0x0000000789800000)
 PSPermGen       total 21504K, used 20863K [0x000000077a000000, 0x000000077b500000, 0x0000000784600000)
  object space 21504K, 97% used [0x000000077a000000,0x000000077b45fdd8,0x000000077b500000)
Event: 2.144 GC heap after
Heap after GC invocations=2 (full 0):
 PSYoungGen      total 37376K, used 5106K [0x00000007d6c80000, 0x00000007db580000, 0x0000000800000000)
  eden space 32256K, 0% used [0x00000007d6c80000,0x00000007d6c80000,0x00000007d8c00000)
  from space 5120K, 99% used [0x00000007d9100000,0x00000007d95fc9d0,0x00000007d9600000)
  to   space 5120K, 0% used [0x00000007d8c00000,0x00000007d8c00000,0x00000007d9100000)
 ParOldGen       total 83968K, used 10703K [0x0000000784600000, 0x0000000789800000, 0x00000007d6c80000)
  object space 83968K, 12% used [0x0000000784600000,0x0000000785073ec8,0x0000000789800000)
 PSPermGen       total 21504K, used 20863K [0x000000077a000000, 0x000000077b500000, 0x0000000784600000)
  object space 21504K, 97% used [0x000000077a000000,0x000000077b45fdd8,0x000000077b500000)
}
Event: 5.201 GC heap before
{Heap before GC invocations=3 (full 0):
 PSYoungGen      total 37376K, used 37362K [0x00000007d6c80000, 0x00000007db580000, 0x0000000800000000)
  eden space 32256K, 100% used [0x00000007d6c80000,0x00000007d8c00000,0x00000007d8c00000)
  from space 5120K, 99% used [0x00000007d9100000,0x00000007d95fc9d0,0x00000007d9600000)
  to   space 5120K, 0% used [0x00000007d8c00000,0x00000007d8c00000,0x00000007d9100000)
 ParOldGen       total 83968K, used 10703K [0x0000000784600000, 0x0000000789800000, 0x00000007d6c80000)
  object space 83968K, 12% used [0x0000000784600000,0x0000000785073ec8,0x0000000789800000)
 PSPermGen       total 21504K, used 21032K [0x000000077a000000, 0x000000077b500000, 0x0000000784600000)
  object space 21504K, 97% used [0x000000077a000000,0x000000077b48a3d8,0x000000077b500000)
Event: 5.208 GC heap after
Heap after GC invocations=3 (full 0):
 PSYoungGen      total 37376K, used 5104K [0x00000007d6c80000, 0x00000007d9600000, 0x0000000800000000)
  eden space 32256K, 0% used [0x00000007d6c80000,0x00000007d6c80000,0x00000007d8c00000)
  from space 5120K, 99% used [0x00000007d8c00000,0x00000007d90fc1a0,0x00000007d9100000)
  to   space 5120K, 0% used [0x00000007d9100000,0x00000007d9100000,0x00000007d9600000)
 ParOldGen       total 83968K, used 13055K [0x0000000784600000, 0x0000000789800000, 0x00000007d6c80000)
  object space 83968K, 15% used [0x0000000784600000,0x00000007852bff58,0x0000000789800000)
 PSPermGen       total 21504K, used 21032K [0x000000077a000000, 0x000000077b500000, 0x0000000784600000)
  object space 21504K, 97% used [0x000000077a000000,0x000000077b48a3d8,0x000000077b500000)
}
Event: 10.636 GC heap before
{Heap before GC invocations=4 (full 0):
 PSYoungGen      total 37376K, used 37360K [0x00000007d6c80000, 0x00000007d9600000, 0x0000000800000000)
  eden space 32256K, 100% used [0x00000007d6c80000,0x00000007d8c00000,0x00000007d8c00000)
  from space 5120K, 99% used [0x00000007d8c00000,0x00000007d90fc1a0,0x00000007d9100000)
  to   space 5120K, 0% used [0x00000007d9100000,0x00000007d9100000,0x00000007d9600000)
 ParOldGen       total 83968K, used 13055K [0x0000000784600000, 0x0000000789800000, 0x00000007d6c80000)
  object space 83968K, 15% used [0x0000000784600000,0x00000007852bff58,0x0000000789800000)
 PSPermGen       total 21504K, used 21056K [0x000000077a000000, 0x000000077b500000, 0x0000000784600000)
  object space 21504K, 97% used [0x000000077a000000,0x000000077b4903e0,0x000000077b500000)
Event: 10.644 GC heap after
Heap after GC invocations=4 (full 0):
 PSYoungGen      total 37376K, used 5104K [0x00000007d6c80000, 0x00000007d9600000, 0x0000000800000000)
  eden space 32256K, 0% used [0x00000007d6c80000,0x00000007d6c80000,0x00000007d8c00000)
  from space 5120K, 99% used [0x00000007d9100000,0x00000007d95fc1a0,0x00000007d9600000)
  to   space 5120K, 0% used [0x00000007d8c00000,0x00000007d8c00000,0x00000007d9100000)
 ParOldGen       total 83968K, used 13071K [0x0000000784600000, 0x0000000789800000, 0x00000007d6c80000)
  object space 83968K, 15% used [0x0000000784600000,0x00000007852c3f58,0x0000000789800000)
 PSPermGen       total 21504K, used 21056K [0x000000077a000000, 0x000000077b500000, 0x0000000784600000)
  object space 21504K, 97% used [0x000000077a000000,0x000000077b4903e0,0x000000077b500000)
}
Event: 16.187 GC heap before
{Heap before GC invocations=5 (full 0):
 PSYoungGen      total 37376K, used 37360K [0x00000007d6c80000, 0x00000007d9600000, 0x0000000800000000)
  eden space 32256K, 100% used [0x00000007d6c80000,0x00000007d8c00000,0x00000007d8c00000)
  from space 5120K, 99% used [0x00000007d9100000,0x00000007d95fc1a0,0x00000007d9600000)
  to   space 5120K, 0% used [0x00000007d8c00000,0x00000007d8c00000,0x00000007d9100000)
 ParOldGen       total 83968K, used 13071K [0x0000000784600000, 0x0000000789800000, 0x00000007d6c80000)
  object space 83968K, 15% used [0x0000000784600000,0x00000007852c3f58,0x0000000789800000)
 PSPermGen       total 21504K, used 21089K [0x000000077a000000, 0x000000077b500000, 0x0000000784600000)
  object space 21504K, 98% used [0x000000077a000000,0x000000077b4984f0,0x000000077b500000)
Event: 16.194 GC heap after
Heap after GC invocations=5 (full 0):
 PSYoungGen      total 36864K, used 5072K [0x00000007d6c80000, 0x00000007da880000, 0x0000000800000000)
  eden space 31744K, 0% used [0x00000007d6c80000,0x00000007d6c80000,0x00000007d8b80000)
  from space 5120K, 99% used [0x00000007d8c00000,0x00000007d90f4160,0x00000007d9100000)
  to   space 14848K, 0% used [0x00000007d9a00000,0x00000007d9a00000,0x00000007da880000)
 ParOldGen       total 83968K, used 13071K [0x0000000784600000, 0x0000000789800000, 0x00000007d6c80000)
  object space 83968K, 15% used [0x0000000784600000,0x00000007852c3f58,0x0000000789800000)
 PSPermGen       total 21504K, used 21089K [0x000000077a000000, 0x000000077b500000, 0x0000000784600000)
  object space 21504K, 98% used [0x000000077a000000,0x000000077b4984f0,0x000000077b500000)
}

