# JRE version: OpenJDK Runtime Environment (7.0_79-b14) (build 1.7.0_79-b14)
# Java VM: OpenJDK 64-Bit Server VM (24.79-b02 mixed mode linux-amd64 compressed oops)
Heap
 PSYoungGen      total 69632K, used 21236K [0x00000007d6c80000, 0x00000007df480000, 0x0000000800000000)
  eden space 64512K, 24% used [0x00000007d6c80000,0x00000007d7c3fd80,0x00000007dab80000)
  from space 5120K, 99% used [0x00000007dab80000,0x00000007db07d2f0,0x00000007db080000)
  to   space 5120K, 0% used [0x00000007def80000,0x00000007def80000,0x00000007df480000)
 ParOldGen       total 83968K, used 13594K [0x0000000784600000, 0x0000000789800000, 0x00000007d6c80000)
  object space 83968K, 16% used [0x0000000784600000,0x0000000785346858,0x0000000789800000)
 PSPermGen       total 21504K, used 21128K [0x000000077a000000, 0x000000077b500000, 0x0000000784600000)
  object space 21504K, 98% used [0x000000077a000000,0x000000077b4a2038,0x000000077b500000)
GC Heap History (6 events):
Event: 0.939 GC heap before
{Heap before GC invocations=1 (full 0):
 PSYoungGen      total 37376K, used 32256K [0x00000007d6c80000, 0x00000007d9600000, 0x0000000800000000)
  eden space 32256K, 100% used [0x00000007d6c80000,0x00000007d8c00000,0x00000007d8c00000)
  from space 5120K, 0% used [0x00000007d9100000,0x00000007d9100000,0x00000007d9600000)
  to   space 5120K, 0% used [0x00000007d8c00000,0x00000007d8c00000,0x00000007d9100000)
 ParOldGen       total 83968K, used 0K [0x0000000784600000, 0x0000000789800000, 0x00000007d6c80000)
  object space 83968K, 0% used [0x0000000784600000,0x0000000784600000,0x0000000789800000)
 PSPermGen       total 21504K, used 17497K [0x000000077a000000, 0x000000077b500000, 0x0000000784600000)
  object space 21504K, 81% used [0x000000077a000000,0x000000077b1166b8,0x000000077b500000)
Event: 0.964 GC heap after
Heap after GC invocations=1 (full 0):
 PSYoungGen      total 37376K, used 5115K [0x00000007d6c80000, 0x00000007db580000, 0x0000000800000000)
  eden space 32256K, 0% used [0x00000007d6c80000,0x00000007d6c80000,0x00000007d8c00000)
  from space 5120K, 99% used [0x00000007d8c00000,0x00000007d90fef00,0x00000007d9100000)
  to   space 5120K, 0% used [0x00000007db080000,0x00000007db080000,0x00000007db580000)
 ParOldGen       total 83968K, used 1443K [0x0000000784600000, 0x0000000789800000, 0x00000007d6c80000)
  object space 83968K, 1% used [0x0000000784600000,0x0000000784768c08,0x0000000789800000)
 PSPermGen       total 21504K, used 17497K [0x000000077a000000, 0x000000077b500000, 0x0000000784600000)
  object space 21504K, 81% used [0x000000077a000000,0x000000077b1166b8,0x000000077b500000)
}
Event: 2.150 GC heap before
{Heap before GC invocations=2 (full 0):
 PSYoungGen      total 37376K, used 37285K [0x00000007d6c80000, 0x00000007db580000, 0x0000000800000000)
  eden space 32256K, 99% used [0x00000007d6c80000,0x00000007d8bea880,0x00000007d8c00000)
  from space 5120K, 99% used [0x00000007d8c00000,0x00000007d90fef00,0x00000007d9100000)
  to   space 5120K, 0% used [0x00000007db080000,0x00000007db080000,0x00000007db580000)
 ParOldGen       total 83968K, used 1443K [0x0000000784600000, 0x0000000789800000, 0x00000007d6c80000)
  object space 83968K, 1% used [0x0000000784600000,0x0000000784768c08,0x0000000789800000)
 PSPermGen       total 21504K, used 20863K [0x000000077a000000, 0x000000077b500000, 0x0000000784600000)
  object space 21504K, 97% used [0x000000077a000000,0x000000077b45fdb0,0x000000077b500000)
Event: 2.166 GC heap after
Heap after GC invocations=2 (full 0):
 PSYoungGen      total 69632K, used 5108K [0x00000007d6c80000, 0x00000007db580000, 0x0000000800000000)
  eden space 64512K, 0% used [0x00000007d6c80000,0x00000007d6c80000,0x00000007dab80000)
  from space 5120K, 99% used [0x00000007db080000,0x00000007db57d2e0,0x00000007db580000)
  to   space 5120K, 0% used [0x00000007dab80000,0x00000007dab80000,0x00000007db080000)
 ParOldGen       total 83968K, used 10702K [0x0000000784600000, 0x0000000789800000, 0x00000007d6c80000)
  object space 83968K, 12% used [0x0000000784600000,0x0000000785073b70,0x0000000789800000)
 PSPermGen       total 21504K, used 20863K [0x000000077a000000, 0x000000077b500000, 0x0000000784600000)
  object space 21504K, 97% used [0x000000077a000000,0x000000077b45fdb0,0x000000077b500000)
}
Event: 10.363 GC heap before
{Heap before GC invocations=3 (full 0):
 PSYoungGen      total 69632K, used 69620K [0x00000007d6c80000, 0x00000007db580000, 0x0000000800000000)
  eden space 64512K, 100% used [0x00000007d6c80000,0x00000007dab80000,0x00000007dab80000)
  from space 5120K, 99% used [0x00000007db080000,0x00000007db57d2e0,0x00000007db580000)
  to   space 5120K, 0% used [0x00000007dab80000,0x00000007dab80000,0x00000007db080000)
 ParOldGen       total 83968K, used 10702K [0x0000000784600000, 0x0000000789800000, 0x00000007d6c80000)
  object space 83968K, 12% used [0x0000000784600000,0x0000000785073b70,0x0000000789800000)
 PSPermGen       total 21504K, used 21111K [0x000000077a000000, 0x000000077b500000, 0x0000000784600000)
  object space 21504K, 98% used [0x000000077a000000,0x000000077b49dff8,0x000000077b500000)
Event: 10.376 GC heap after
Heap after GC invocations=3 (full 0):
 PSYoungGen      total 69632K, used 5108K [0x00000007d6c80000, 0x00000007df480000, 0x0000000800000000)
  eden space 64512K, 0% used [0x00000007d6c80000,0x00000007d6c80000,0x00000007dab80000)
  from space 5120K, 99% used [0x00000007dab80000,0x00000007db07d2f0,0x00000007db080000)
  to   space 5120K, 0% used [0x00000007def80000,0x00000007def80000,0x00000007df480000)
 ParOldGen       total 83968K, used 13594K [0x0000000784600000, 0x0000000789800000, 0x00000007d6c80000)
  object space 83968K, 16% used [0x0000000784600000,0x0000000785346858,0x0000000789800000)
 PSPermGen       total 21504K, used 21111K [0x000000077a000000, 0x000000077b500000, 0x0000000784600000)
  object space 21504K, 98% used [0x000000077a000000,0x000000077b49dff8,0x000000077b500000)
}

