# JRE version: OpenJDK Runtime Environment (7.0_79-b14) (build 1.7.0_79-b14)
# Java VM: OpenJDK 64-Bit Server VM (24.79-b02 mixed mode linux-amd64 compressed oops)
Heap
 PSYoungGen      total 206336K, used 106315K [0x00000007d6c80000, 0x00000007e5100000, 0x0000000800000000)
  eden space 183808K, 49% used [0x00000007d6c80000,0x00000007dc48aab0,0x00000007e2000000)
  from space 22528K, 71% used [0x00000007e3b00000,0x00000007e4ac83f0,0x00000007e5100000)
  to   space 25088K, 0% used [0x00000007e2000000,0x00000007e2000000,0x00000007e3880000)
 ParOldGen       total 135168K, used 102774K [0x0000000784600000, 0x000000078ca00000, 0x00000007d6c80000)
  object space 135168K, 76% used [0x0000000784600000,0x000000078aa5d9f8,0x000000078ca00000)
 PSPermGen       total 42496K, used 21126K [0x000000077a000000, 0x000000077c980000, 0x0000000784600000)
  object space 42496K, 49% used [0x000000077a000000,0x000000077b4a19e0,0x000000077c980000)
GC Heap History (10 events):
Event: 20.608 GC heap before
{Heap before GC invocations=11 (full 0):
 PSYoungGen      total 115712K, used 115681K [0x00000007d6c80000, 0x00000007dfa00000, 0x0000000800000000)
  eden space 94208K, 100% used [0x00000007d6c80000,0x00000007dc880000,0x00000007dc880000)
  from space 21504K, 99% used [0x00000007de000000,0x00000007df4f8530,0x00000007df500000)
  to   space 24064K, 0% used [0x00000007dc880000,0x00000007dc880000,0x00000007de000000)
 ParOldGen       total 83968K, used 49030K [0x0000000784600000, 0x0000000789800000, 0x00000007d6c80000)
  object space 83968K, 58% used [0x0000000784600000,0x00000007875e1848,0x0000000789800000)
 PSPermGen       total 21504K, used 21039K [0x000000077a000000, 0x000000077b500000, 0x0000000784600000)
  object space 21504K, 97% used [0x000000077a000000,0x000000077b48bc98,0x000000077b500000)
Event: 20.629 GC heap after
Heap after GC invocations=11 (full 0):
 PSYoungGen      total 118272K, used 10944K [0x00000007d6c80000, 0x00000007e2e00000, 0x0000000800000000)
  eden space 94208K, 0% used [0x00000007d6c80000,0x00000007d6c80000,0x00000007dc880000)
  from space 24064K, 45% used [0x00000007dc880000,0x00000007dd3302a0,0x00000007de000000)
  to   space 23552K, 0% used [0x00000007e1700000,0x00000007e1700000,0x00000007e2e00000)
 ParOldGen       total 83968K, used 69583K [0x0000000784600000, 0x0000000789800000, 0x00000007d6c80000)
  object space 83968K, 82% used [0x0000000784600000,0x00000007889f3d48,0x0000000789800000)
 PSPermGen       total 21504K, used 21039K [0x000000077a000000, 0x000000077b500000, 0x0000000784600000)
  object space 21504K, 97% used [0x000000077a000000,0x000000077b48bc98,0x000000077b500000)
}
Event: 20.629 GC heap before
{Heap before GC invocations=12 (full 1):
 PSYoungGen      total 118272K, used 10944K [0x00000007d6c80000, 0x00000007e2e00000, 0x0000000800000000)
  eden space 94208K, 0% used [0x00000007d6c80000,0x00000007d6c80000,0x00000007dc880000)
  from space 24064K, 45% used [0x00000007dc880000,0x00000007dd3302a0,0x00000007de000000)
  to   space 23552K, 0% used [0x00000007e1700000,0x00000007e1700000,0x00000007e2e00000)
 ParOldGen       total 83968K, used 69583K [0x0000000784600000, 0x0000000789800000, 0x00000007d6c80000)
  object space 83968K, 82% used [0x0000000784600000,0x00000007889f3d48,0x0000000789800000)
 PSPermGen       total 21504K, used 21039K [0x000000077a000000, 0x000000077b500000, 0x0000000784600000)
  object space 21504K, 97% used [0x000000077a000000,0x000000077b48bc98,0x000000077b500000)
Event: 20.721 GC heap after
Heap after GC invocations=12 (full 1):
 PSYoungGen      total 118272K, used 0K [0x00000007d6c80000, 0x00000007e2e00000, 0x0000000800000000)
  eden space 94208K, 0% used [0x00000007d6c80000,0x00000007d6c80000,0x00000007dc880000)
  from space 24064K, 0% used [0x00000007dc880000,0x00000007dc880000,0x00000007de000000)
  to   space 23552K, 0% used [0x00000007e1700000,0x00000007e1700000,0x00000007e2e00000)
 ParOldGen       total 135168K, used 76917K [0x0000000784600000, 0x000000078ca00000, 0x00000007d6c80000)
  object space 135168K, 56% used [0x0000000784600000,0x000000078911d4d0,0x000000078ca00000)
 PSPermGen       total 42496K, used 21033K [0x000000077a000000, 0x000000077c980000, 0x0000000784600000)
  object space 42496K, 49% used [0x000000077a000000,0x000000077b48a7e0,0x000000077c980000)
}
Event: 33.879 GC heap before
{Heap before GC invocations=13 (full 1):
 PSYoungGen      total 118272K, used 94208K [0x00000007d6c80000, 0x00000007e2e00000, 0x0000000800000000)
  eden space 94208K, 100% used [0x00000007d6c80000,0x00000007dc880000,0x00000007dc880000)
  from space 24064K, 0% used [0x00000007dc880000,0x00000007dc880000,0x00000007de000000)
  to   space 23552K, 0% used [0x00000007e1700000,0x00000007e1700000,0x00000007e2e00000)
 ParOldGen       total 135168K, used 76917K [0x0000000784600000, 0x000000078ca00000, 0x00000007d6c80000)
  object space 135168K, 56% used [0x0000000784600000,0x000000078911d4d0,0x000000078ca00000)
 PSPermGen       total 42496K, used 21082K [0x000000077a000000, 0x000000077c980000, 0x0000000784600000)
  object space 42496K, 49% used [0x000000077a000000,0x000000077b496a58,0x000000077c980000)
Event: 33.890 GC heap after
Heap after GC invocations=13 (full 1):
 PSYoungGen      total 140800K, used 6816K [0x00000007d6c80000, 0x00000007e1e00000, 0x0000000800000000)
  eden space 133632K, 0% used [0x00000007d6c80000,0x00000007d6c80000,0x00000007def00000)
  from space 7168K, 95% used [0x00000007e1700000,0x00000007e1da81a0,0x00000007e1e00000)
  to   space 23552K, 0% used [0x00000007df000000,0x00000007df000000,0x00000007e0700000)
 ParOldGen       total 135168K, used 76917K [0x0000000784600000, 0x000000078ca00000, 0x00000007d6c80000)
  object space 135168K, 56% used [0x0000000784600000,0x000000078911d4d0,0x000000078ca00000)
 PSPermGen       total 42496K, used 21082K [0x000000077a000000, 0x000000077c980000, 0x0000000784600000)
  object space 42496K, 49% used [0x000000077a000000,0x000000077b496a58,0x000000077c980000)
}
Event: 40.411 GC heap before
{Heap before GC invocations=14 (full 1):
 PSYoungGen      total 140800K, used 140448K [0x00000007d6c80000, 0x00000007e1e00000, 0x0000000800000000)
  eden space 133632K, 100% used [0x00000007d6c80000,0x00000007def00000,0x00000007def00000)
  from space 7168K, 95% used [0x00000007e1700000,0x00000007e1da81a0,0x00000007e1e00000)
  to   space 23552K, 0% used [0x00000007df000000,0x00000007df000000,0x00000007e0700000)
 ParOldGen       total 135168K, used 76917K [0x0000000784600000, 0x000000078ca00000, 0x00000007d6c80000)
  object space 135168K, 56% used [0x0000000784600000,0x000000078911d648,0x000000078ca00000)
 PSPermGen       total 42496K, used 21098K [0x000000077a000000, 0x000000077c980000, 0x0000000784600000)
  object space 42496K, 49% used [0x000000077a000000,0x000000077b49a900,0x000000077c980000)
Event: 40.428 GC heap after
Heap after GC invocations=14 (full 1):
 PSYoungGen      total 158208K, used 20481K [0x00000007d6c80000, 0x00000007e5400000, 0x0000000800000000)
  eden space 134656K, 0% used [0x00000007d6c80000,0x00000007d6c80000,0x00000007df000000)
  from space 23552K, 86% used [0x00000007df000000,0x00000007e0400510,0x00000007e0700000)
  to   space 25600K, 0% used [0x00000007e3b00000,0x00000007e3b00000,0x00000007e5400000)
 ParOldGen       total 135168K, used 83625K [0x0000000784600000, 0x000000078ca00000, 0x00000007d6c80000)
  object space 135168K, 61% used [0x0000000784600000,0x00000007897aa7f8,0x000000078ca00000)
 PSPermGen       total 42496K, used 21098K [0x000000077a000000, 0x000000077c980000, 0x0000000784600000)
  object space 42496K, 49% used [0x000000077a000000,0x000000077b49a900,0x000000077c980000)
}
Event: 49.654 GC heap before
{Heap before GC invocations=15 (full 1):
 PSYoungGen      total 158208K, used 155137K [0x00000007d6c80000, 0x00000007e5400000, 0x0000000800000000)
  eden space 134656K, 100% used [0x00000007d6c80000,0x00000007df000000,0x00000007df000000)
  from space 23552K, 86% used [0x00000007df000000,0x00000007e0400510,0x00000007e0700000)
  to   space 25600K, 0% used [0x00000007e3b00000,0x00000007e3b00000,0x00000007e5400000)
 ParOldGen       total 135168K, used 83629K [0x0000000784600000, 0x000000078ca00000, 0x00000007d6c80000)
  object space 135168K, 61% used [0x0000000784600000,0x00000007897ab498,0x000000078ca00000)
 PSPermGen       total 42496K, used 21110K [0x000000077a000000, 0x000000077c980000, 0x0000000784600000)
  object space 42496K, 49% used [0x000000077a000000,0x000000077b49db58,0x000000077c980000)
Event: 49.684 GC heap after
Heap after GC invocations=15 (full 1):
 PSYoungGen      total 206336K, used 16160K [0x00000007d6c80000, 0x00000007e5100000, 0x0000000800000000)
  eden space 183808K, 0% used [0x00000007d6c80000,0x00000007d6c80000,0x00000007e2000000)
  from space 22528K, 71% used [0x00000007e3b00000,0x00000007e4ac83f0,0x00000007e5100000)
  to   space 25088K, 0% used [0x00000007e2000000,0x00000007e2000000,0x00000007e3880000)
 ParOldGen       total 135168K, used 102774K [0x0000000784600000, 0x000000078ca00000, 0x00000007d6c80000)
  object space 135168K, 76% used [0x0000000784600000,0x000000078aa5d9f8,0x000000078ca00000)
 PSPermGen       total 42496K, used 21110K [0x000000077a000000, 0x000000077c980000, 0x0000000784600000)
  object space 42496K, 49% used [0x000000077a000000,0x000000077b49db58,0x000000077c980000)
}

