# JRE version: OpenJDK Runtime Environment (7.0_79-b14) (build 1.7.0_79-b14)
# Java VM: OpenJDK 64-Bit Server VM (24.79-b02 mixed mode linux-amd64 compressed oops)
Heap
 PSYoungGen      total 72192K, used 58395K [0x00000007d6c80000, 0x00000007dc380000, 0x0000000800000000)
  eden space 60416K, 88% used [0x00000007d6c80000,0x00000007da08a378,0x00000007da780000)
  from space 11776K, 43% used [0x00000007db800000,0x00000007dbcfcb40,0x00000007dc380000)
  to   space 14336K, 0% used [0x00000007da780000,0x00000007da780000,0x00000007db580000)
 ParOldGen       total 83968K, used 13547K [0x0000000784600000, 0x0000000789800000, 0x00000007d6c80000)
  object space 83968K, 16% used [0x0000000784600000,0x000000078533ac88,0x0000000789800000)
 PSPermGen       total 21504K, used 21232K [0x000000077a000000, 0x000000077b500000, 0x0000000784600000)
  object space 21504K, 98% used [0x000000077a000000,0x000000077b4bc140,0x000000077b500000)
GC Heap History (10 events):
Event: 2.070 GC heap before
{Heap before GC invocations=2 (full 0):
 PSYoungGen      total 37376K, used 37119K [0x00000007d6c80000, 0x00000007db580000, 0x0000000800000000)
  eden space 32256K, 99% used [0x00000007d6c80000,0x00000007d8bc2a28,0x00000007d8c00000)
  from space 5120K, 99% used [0x00000007d8c00000,0x00000007d90fd3a8,0x00000007d9100000)
  to   space 5120K, 0% used [0x00000007db080000,0x00000007db080000,0x00000007db580000)
 ParOldGen       total 83968K, used 1351K [0x0000000784600000, 0x0000000789800000, 0x00000007d6c80000)
  object space 83968K, 1% used [0x0000000784600000,0x0000000784751f30,0x0000000789800000)
 PSPermGen       total 21504K, used 20866K [0x000000077a000000, 0x000000077b500000, 0x0000000784600000)
  object space 21504K, 97% used [0x000000077a000000,0x000000077b460978,0x000000077b500000)
Event: 2.086 GC heap after
Heap after GC invocations=2 (full 0):
 PSYoungGen      total 69632K, used 5092K [0x00000007d6c80000, 0x00000007db580000, 0x0000000800000000)
  eden space 64512K, 0% used [0x00000007d6c80000,0x00000007d6c80000,0x00000007dab80000)
  from space 5120K, 99% used [0x00000007db080000,0x00000007db579370,0x00000007db580000)
  to   space 5120K, 0% used [0x00000007dab80000,0x00000007dab80000,0x00000007db080000)
 ParOldGen       total 83968K, used 10371K [0x0000000784600000, 0x0000000789800000, 0x00000007d6c80000)
  object space 83968K, 12% used [0x0000000784600000,0x0000000785020fd8,0x0000000789800000)
 PSPermGen       total 21504K, used 20866K [0x000000077a000000, 0x000000077b500000, 0x0000000784600000)
  object space 21504K, 97% used [0x000000077a000000,0x000000077b460978,0x000000077b500000)
}
Event: 10.124 GC heap before
{Heap before GC invocations=3 (full 0):
 PSYoungGen      total 69632K, used 69604K [0x00000007d6c80000, 0x00000007db580000, 0x0000000800000000)
  eden space 64512K, 100% used [0x00000007d6c80000,0x00000007dab80000,0x00000007dab80000)
  from space 5120K, 99% used [0x00000007db080000,0x00000007db579370,0x00000007db580000)
  to   space 5120K, 0% used [0x00000007dab80000,0x00000007dab80000,0x00000007db080000)
 ParOldGen       total 83968K, used 10371K [0x0000000784600000, 0x0000000789800000, 0x00000007d6c80000)
  object space 83968K, 12% used [0x0000000784600000,0x0000000785020fd8,0x0000000789800000)
 PSPermGen       total 21504K, used 21058K [0x000000077a000000, 0x000000077b500000, 0x0000000784600000)
  object space 21504K, 97% used [0x000000077a000000,0x000000077b490ba8,0x000000077b500000)
Event: 10.133 GC heap after
Heap after GC invocations=3 (full 0):
 PSYoungGen      total 69632K, used 5108K [0x00000007d6c80000, 0x00000007db580000, 0x0000000800000000)
  eden space 64512K, 0% used [0x00000007d6c80000,0x00000007d6c80000,0x00000007dab80000)
  from space 5120K, 99% used [0x00000007dab80000,0x00000007db07d370,0x00000007db080000)
  to   space 5120K, 0% used [0x00000007db080000,0x00000007db080000,0x00000007db580000)
 ParOldGen       total 83968K, used 13499K [0x0000000784600000, 0x0000000789800000, 0x00000007d6c80000)
  object space 83968K, 16% used [0x0000000784600000,0x000000078532ec88,0x0000000789800000)
 PSPermGen       total 21504K, used 21058K [0x000000077a000000, 0x000000077b500000, 0x0000000784600000)
  object space 21504K, 97% used [0x000000077a000000,0x000000077b490ba8,0x000000077b500000)
}
Event: 21.066 GC heap before
{Heap before GC invocations=4 (full 0):
 PSYoungGen      total 69632K, used 69620K [0x00000007d6c80000, 0x00000007db580000, 0x0000000800000000)
  eden space 64512K, 100% used [0x00000007d6c80000,0x00000007dab80000,0x00000007dab80000)
  from space 5120K, 99% used [0x00000007dab80000,0x00000007db07d370,0x00000007db080000)
  to   space 5120K, 0% used [0x00000007db080000,0x00000007db080000,0x00000007db580000)
 ParOldGen       total 83968K, used 13499K [0x0000000784600000, 0x0000000789800000, 0x00000007d6c80000)
  object space 83968K, 16% used [0x0000000784600000,0x000000078532ec88,0x0000000789800000)
 PSPermGen       total 21504K, used 21117K [0x000000077a000000, 0x000000077b500000, 0x0000000784600000)
  object space 21504K, 98% used [0x000000077a000000,0x000000077b49f580,0x000000077b500000)
Event: 21.071 GC heap after
Heap after GC invocations=4 (full 0):
 PSYoungGen      total 69632K, used 5106K [0x00000007d6c80000, 0x00000007db580000, 0x0000000800000000)
  eden space 64512K, 0% used [0x00000007d6c80000,0x00000007d6c80000,0x00000007dab80000)
  from space 5120K, 99% used [0x00000007db080000,0x00000007db57cb40,0x00000007db580000)
  to   space 5120K, 0% used [0x00000007dab80000,0x00000007dab80000,0x00000007db080000)
 ParOldGen       total 83968K, used 13523K [0x0000000784600000, 0x0000000789800000, 0x00000007d6c80000)
  object space 83968K, 16% used [0x0000000784600000,0x0000000785334c88,0x0000000789800000)
 PSPermGen       total 21504K, used 21117K [0x000000077a000000, 0x000000077b500000, 0x0000000784600000)
  object space 21504K, 98% used [0x000000077a000000,0x000000077b49f580,0x000000077b500000)
}
Event: 32.058 GC heap before
{Heap before GC invocations=5 (full 0):
 PSYoungGen      total 69632K, used 69618K [0x00000007d6c80000, 0x00000007db580000, 0x0000000800000000)
  eden space 64512K, 100% used [0x00000007d6c80000,0x00000007dab80000,0x00000007dab80000)
  from space 5120K, 99% used [0x00000007db080000,0x00000007db57cb40,0x00000007db580000)
  to   space 5120K, 0% used [0x00000007dab80000,0x00000007dab80000,0x00000007db080000)
 ParOldGen       total 83968K, used 13523K [0x0000000784600000, 0x0000000789800000, 0x00000007d6c80000)
  object space 83968K, 16% used [0x0000000784600000,0x0000000785334c88,0x0000000789800000)
 PSPermGen       total 21504K, used 21157K [0x000000077a000000, 0x000000077b500000, 0x0000000784600000)
  object space 21504K, 98% used [0x000000077a000000,0x000000077b4a9488,0x000000077b500000)
Event: 32.064 GC heap after
Heap after GC invocations=5 (full 0):
 PSYoungGen      total 67584K, used 5108K [0x00000007d6c80000, 0x00000007dc680000, 0x0000000800000000)
  eden space 62464K, 0% used [0x00000007d6c80000,0x00000007d6c80000,0x00000007da980000)
  from space 5120K, 99% used [0x00000007dab80000,0x00000007db07d370,0x00000007db080000)
  to   space 14848K, 0% used [0x00000007db800000,0x00000007db800000,0x00000007dc680000)
 ParOldGen       total 83968K, used 13539K [0x0000000784600000, 0x0000000789800000, 0x00000007d6c80000)
  object space 83968K, 16% used [0x0000000784600000,0x0000000785338c88,0x0000000789800000)
 PSPermGen       total 21504K, used 21157K [0x000000077a000000, 0x000000077b500000, 0x0000000784600000)
  object space 21504K, 98% used [0x000000077a000000,0x000000077b4a9488,0x000000077b500000)
}
Event: 42.703 GC heap before
{Heap before GC invocations=6 (full 0):
 PSYoungGen      total 67584K, used 67572K [0x00000007d6c80000, 0x00000007dc680000, 0x0000000800000000)
  eden space 62464K, 100% used [0x00000007d6c80000,0x00000007da980000,0x00000007da980000)
  from space 5120K, 99% used [0x00000007dab80000,0x00000007db07d370,0x00000007db080000)
  to   space 14848K, 0% used [0x00000007db800000,0x00000007db800000,0x00000007dc680000)
 ParOldGen       total 83968K, used 13539K [0x0000000784600000, 0x0000000789800000, 0x00000007d6c80000)
  object space 83968K, 16% used [0x0000000784600000,0x0000000785338c88,0x0000000789800000)
 PSPermGen       total 21504K, used 21163K [0x000000077a000000, 0x000000077b500000, 0x0000000784600000)
  object space 21504K, 98% used [0x000000077a000000,0x000000077b4aae70,0x000000077b500000)
Event: 42.712 GC heap after
Heap after GC invocations=6 (full 0):
 PSYoungGen      total 72192K, used 5106K [0x00000007d6c80000, 0x00000007dc380000, 0x0000000800000000)
  eden space 60416K, 0% used [0x00000007d6c80000,0x00000007d6c80000,0x00000007da780000)
  from space 11776K, 43% used [0x00000007db800000,0x00000007dbcfcb40,0x00000007dc380000)
  to   space 14336K, 0% used [0x00000007da780000,0x00000007da780000,0x00000007db580000)
 ParOldGen       total 83968K, used 13547K [0x0000000784600000, 0x0000000789800000, 0x00000007d6c80000)
  object space 83968K, 16% used [0x0000000784600000,0x000000078533ac88,0x0000000789800000)
 PSPermGen       total 21504K, used 21163K [0x000000077a000000, 0x000000077b500000, 0x0000000784600000)
  object space 21504K, 98% used [0x000000077a000000,0x000000077b4aae70,0x000000077b500000)
}

