# JRE version: OpenJDK Runtime Environment (7.0_79-b14) (build 1.7.0_79-b14)
# Java VM: OpenJDK 64-Bit Server VM (24.79-b02 mixed mode linux-amd64 compressed oops)
Heap
 PSYoungGen      total 36864K, used 10686K [0x00000007d6c80000, 0x00000007dac80000, 0x0000000800000000)
  eden space 31744K, 17% used [0x00000007d6c80000,0x00000007d71f2628,0x00000007d8b80000)
  from space 5120K, 99% used [0x00000007d8c00000,0x00000007d90fd300,0x00000007d9100000)
  to   space 15360K, 0% used [0x00000007d9d80000,0x00000007d9d80000,0x00000007dac80000)
 ParOldGen       total 83968K, used 22955K [0x0000000784600000, 0x0000000789800000, 0x00000007d6c80000)
  object space 83968K, 27% used [0x0000000784600000,0x0000000785c6ad68,0x0000000789800000)
 PSPermGen       total 21504K, used 21157K [0x000000077a000000, 0x000000077b500000, 0x0000000784600000)
  object space 21504K, 98% used [0x000000077a000000,0x000000077b4a9618,0x000000077b500000)
GC Heap History (10 events):
Event: 0.910 GC heap before
{Heap before GC invocations=1 (full 0):
 PSYoungGen      total 37376K, used 32256K [0x00000007d6c80000, 0x00000007d9600000, 0x0000000800000000)
  eden space 32256K, 100% used [0x00000007d6c80000,0x00000007d8c00000,0x00000007d8c00000)
  from space 5120K, 0% used [0x00000007d9100000,0x00000007d9100000,0x00000007d9600000)
  to   space 5120K, 0% used [0x00000007d8c00000,0x00000007d8c00000,0x00000007d9100000)
 ParOldGen       total 83968K, used 0K [0x0000000784600000, 0x0000000789800000, 0x00000007d6c80000)
  object space 83968K, 0% used [0x0000000784600000,0x0000000784600000,0x0000000789800000)
 PSPermGen       total 21504K, used 17390K [0x000000077a000000, 0x000000077b500000, 0x0000000784600000)
  object space 21504K, 80% used [0x000000077a000000,0x000000077b0fb830,0x000000077b500000)
Event: 0.920 GC heap after
Heap after GC invocations=1 (full 0):
 PSYoungGen      total 37376K, used 5097K [0x00000007d6c80000, 0x00000007db580000, 0x0000000800000000)
  eden space 32256K, 0% used [0x00000007d6c80000,0x00000007d6c80000,0x00000007d8c00000)
  from space 5120K, 99% used [0x00000007d8c00000,0x00000007d90fa710,0x00000007d9100000)
  to   space 5120K, 0% used [0x00000007db080000,0x00000007db080000,0x00000007db580000)
 ParOldGen       total 83968K, used 1457K [0x0000000784600000, 0x0000000789800000, 0x00000007d6c80000)
  object space 83968K, 1% used [0x0000000784600000,0x000000078476c6f8,0x0000000789800000)
 PSPermGen       total 21504K, used 17390K [0x000000077a000000, 0x000000077b500000, 0x0000000784600000)
  object space 21504K, 80% used [0x000000077a000000,0x000000077b0fb830,0x000000077b500000)
}
Event: 7.059 GC heap before
{Heap before GC invocations=2 (full 0):
 PSYoungGen      total 37376K, used 37352K [0x00000007d6c80000, 0x00000007db580000, 0x0000000800000000)
  eden space 32256K, 99% used [0x00000007d6c80000,0x00000007d8bff910,0x00000007d8c00000)
  from space 5120K, 99% used [0x00000007d8c00000,0x00000007d90fa710,0x00000007d9100000)
  to   space 5120K, 0% used [0x00000007db080000,0x00000007db080000,0x00000007db580000)
 ParOldGen       total 83968K, used 1457K [0x0000000784600000, 0x0000000789800000, 0x00000007d6c80000)
  object space 83968K, 1% used [0x0000000784600000,0x000000078476c6f8,0x0000000789800000)
 PSPermGen       total 21504K, used 20934K [0x000000077a000000, 0x000000077b500000, 0x0000000784600000)
  object space 21504K, 97% used [0x000000077a000000,0x000000077b471930,0x000000077b500000)
Event: 7.081 GC heap after
Heap after GC invocations=2 (full 0):
 PSYoungGen      total 37376K, used 5108K [0x00000007d6c80000, 0x00000007db580000, 0x0000000800000000)
  eden space 32256K, 0% used [0x00000007d6c80000,0x00000007d6c80000,0x00000007d8c00000)
  from space 5120K, 99% used [0x00000007db080000,0x00000007db57d2f0,0x00000007db580000)
  to   space 5120K, 0% used [0x00000007d8c00000,0x00000007d8c00000,0x00000007d9100000)
 ParOldGen       total 83968K, used 10731K [0x0000000784600000, 0x0000000789800000, 0x00000007d6c80000)
  object space 83968K, 12% used [0x0000000784600000,0x000000078507ae28,0x0000000789800000)
 PSPermGen       total 21504K, used 20934K [0x000000077a000000, 0x000000077b500000, 0x0000000784600000)
  object space 21504K, 97% used [0x000000077a000000,0x000000077b471930,0x000000077b500000)
}
Event: 10.501 GC heap before
{Heap before GC invocations=3 (full 0):
 PSYoungGen      total 37376K, used 37364K [0x00000007d6c80000, 0x00000007db580000, 0x0000000800000000)
  eden space 32256K, 100% used [0x00000007d6c80000,0x00000007d8c00000,0x00000007d8c00000)
  from space 5120K, 99% used [0x00000007db080000,0x00000007db57d2f0,0x00000007db580000)
  to   space 5120K, 0% used [0x00000007d8c00000,0x00000007d8c00000,0x00000007d9100000)
 ParOldGen       total 83968K, used 10731K [0x0000000784600000, 0x0000000789800000, 0x00000007d6c80000)
  object space 83968K, 12% used [0x0000000784600000,0x000000078507ae28,0x0000000789800000)
 PSPermGen       total 21504K, used 21069K [0x000000077a000000, 0x000000077b500000, 0x0000000784600000)
  object space 21504K, 97% used [0x000000077a000000,0x000000077b4937a0,0x000000077b500000)
Event: 10.507 GC heap after
Heap after GC invocations=3 (full 0):
 PSYoungGen      total 37376K, used 5106K [0x00000007d6c80000, 0x00000007db100000, 0x0000000800000000)
  eden space 32256K, 0% used [0x00000007d6c80000,0x00000007d6c80000,0x00000007d8c00000)
  from space 5120K, 99% used [0x00000007d8c00000,0x00000007d90fcae0,0x00000007d9100000)
  to   space 5120K, 0% used [0x00000007dac00000,0x00000007dac00000,0x00000007db100000)
 ParOldGen       total 83968K, used 13587K [0x0000000784600000, 0x0000000789800000, 0x00000007d6c80000)
  object space 83968K, 16% used [0x0000000784600000,0x0000000785344ed8,0x0000000789800000)
 PSPermGen       total 21504K, used 21069K [0x000000077a000000, 0x000000077b500000, 0x0000000784600000)
  object space 21504K, 97% used [0x000000077a000000,0x000000077b4937a0,0x000000077b500000)
}
Event: 11.670 GC heap before
{Heap before GC invocations=4 (full 0):
 PSYoungGen      total 37376K, used 37362K [0x00000007d6c80000, 0x00000007db100000, 0x0000000800000000)
  eden space 32256K, 100% used [0x00000007d6c80000,0x00000007d8c00000,0x00000007d8c00000)
  from space 5120K, 99% used [0x00000007d8c00000,0x00000007d90fcae0,0x00000007d9100000)
  to   space 5120K, 0% used [0x00000007dac00000,0x00000007dac00000,0x00000007db100000)
 ParOldGen       total 83968K, used 13587K [0x0000000784600000, 0x0000000789800000, 0x00000007d6c80000)
  object space 83968K, 16% used [0x0000000784600000,0x0000000785344ed8,0x0000000789800000)
 PSPermGen       total 21504K, used 21114K [0x000000077a000000, 0x000000077b500000, 0x0000000784600000)
  object space 21504K, 98% used [0x000000077a000000,0x000000077b49ea68,0x000000077b500000)
Event: 11.680 GC heap after
Heap after GC invocations=4 (full 0):
 PSYoungGen      total 37376K, used 5092K [0x00000007d6c80000, 0x00000007db100000, 0x0000000800000000)
  eden space 32256K, 0% used [0x00000007d6c80000,0x00000007d6c80000,0x00000007d8c00000)
  from space 5120K, 99% used [0x00000007dac00000,0x00000007db0f92f0,0x00000007db100000)
  to   space 5120K, 0% used [0x00000007d8c00000,0x00000007d8c00000,0x00000007d9100000)
 ParOldGen       total 83968K, used 20075K [0x0000000784600000, 0x0000000789800000, 0x00000007d6c80000)
  object space 83968K, 23% used [0x0000000784600000,0x000000078599acb8,0x0000000789800000)
 PSPermGen       total 21504K, used 21114K [0x000000077a000000, 0x000000077b500000, 0x0000000784600000)
  object space 21504K, 98% used [0x000000077a000000,0x000000077b49ea68,0x000000077b500000)
}
Event: 15.283 GC heap before
{Heap before GC invocations=5 (full 0):
 PSYoungGen      total 37376K, used 37348K [0x00000007d6c80000, 0x00000007db100000, 0x0000000800000000)
  eden space 32256K, 100% used [0x00000007d6c80000,0x00000007d8c00000,0x00000007d8c00000)
  from space 5120K, 99% used [0x00000007dac00000,0x00000007db0f92f0,0x00000007db100000)
  to   space 5120K, 0% used [0x00000007d8c00000,0x00000007d8c00000,0x00000007d9100000)
 ParOldGen       total 83968K, used 20075K [0x0000000784600000, 0x0000000789800000, 0x00000007d6c80000)
  object space 83968K, 23% used [0x0000000784600000,0x000000078599acb8,0x0000000789800000)
 PSPermGen       total 21504K, used 21148K [0x000000077a000000, 0x000000077b500000, 0x0000000784600000)
  object space 21504K, 98% used [0x000000077a000000,0x000000077b4a7028,0x000000077b500000)
Event: 15.291 GC heap after
Heap after GC invocations=5 (full 0):
 PSYoungGen      total 36864K, used 5108K [0x00000007d6c80000, 0x00000007dac80000, 0x0000000800000000)
  eden space 31744K, 0% used [0x00000007d6c80000,0x00000007d6c80000,0x00000007d8b80000)
  from space 5120K, 99% used [0x00000007d8c00000,0x00000007d90fd300,0x00000007d9100000)
  to   space 15360K, 0% used [0x00000007d9d80000,0x00000007d9d80000,0x00000007dac80000)
 ParOldGen       total 83968K, used 22955K [0x0000000784600000, 0x0000000789800000, 0x00000007d6c80000)
  object space 83968K, 27% used [0x0000000784600000,0x0000000785c6ad68,0x0000000789800000)
 PSPermGen       total 21504K, used 21148K [0x000000077a000000, 0x000000077b500000, 0x0000000784600000)
  object space 21504K, 98% used [0x000000077a000000,0x000000077b4a7028,0x000000077b500000)
}

