# JRE version: OpenJDK Runtime Environment (7.0_79-b14) (build 1.7.0_79-b14)
# Java VM: OpenJDK 64-Bit Server VM (24.79-b02 mixed mode linux-amd64 compressed oops)
Heap
 PSYoungGen      total 60928K, used 38957K [0x00000007d6c80000, 0x00000007db700000, 0x0000000800000000)
  eden space 48640K, 79% used [0x00000007d6c80000,0x00000007d927b588,0x00000007d9c00000)
  from space 12288K, 0% used [0x00000007dab00000,0x00000007dab10000,0x00000007db700000)
  to   space 13824K, 0% used [0x00000007d9c00000,0x00000007d9c00000,0x00000007da980000)
 ParOldGen       total 83968K, used 18740K [0x0000000784600000, 0x0000000789800000, 0x00000007d6c80000)
  object space 83968K, 22% used [0x0000000784600000,0x000000078584d068,0x0000000789800000)
 PSPermGen       total 21504K, used 21373K [0x000000077a000000, 0x000000077b500000, 0x0000000784600000)
  object space 21504K, 99% used [0x000000077a000000,0x000000077b4df570,0x000000077b500000)
GC Heap History (10 events):
Event: 82.456 GC heap before
{Heap before GC invocations=10 (full 0):
 PSYoungGen      total 56320K, used 55904K [0x00000007d6c80000, 0x00000007dc100000, 0x0000000800000000)
  eden space 55808K, 100% used [0x00000007d6c80000,0x00000007da300000,0x00000007da300000)
  from space 512K, 18% used [0x00000007da480000,0x00000007da498000,0x00000007da500000)
  to   space 15360K, 0% used [0x00000007db200000,0x00000007db200000,0x00000007dc100000)
 ParOldGen       total 83968K, used 18668K [0x0000000784600000, 0x0000000789800000, 0x00000007d6c80000)
  object space 83968K, 22% used [0x0000000784600000,0x000000078583b068,0x0000000789800000)
 PSPermGen       total 21504K, used 21333K [0x000000077a000000, 0x000000077b500000, 0x0000000784600000)
  object space 21504K, 99% used [0x000000077a000000,0x000000077b4d5710,0x000000077b500000)
Event: 82.457 GC heap after
Heap after GC invocations=10 (full 0):
 PSYoungGen      total 68096K, used 96K [0x00000007d6c80000, 0x00000007dbf80000, 0x0000000800000000)
  eden space 54272K, 0% used [0x00000007d6c80000,0x00000007d6c80000,0x00000007da180000)
  from space 13824K, 0% used [0x00000007db200000,0x00000007db218000,0x00000007dbf80000)
  to   space 15360K, 0% used [0x00000007da180000,0x00000007da180000,0x00000007db080000)
 ParOldGen       total 83968K, used 18684K [0x0000000784600000, 0x0000000789800000, 0x00000007d6c80000)
  object space 83968K, 22% used [0x0000000784600000,0x000000078583f068,0x0000000789800000)
 PSPermGen       total 21504K, used 21333K [0x000000077a000000, 0x000000077b500000, 0x0000000784600000)
  object space 21504K, 99% used [0x000000077a000000,0x000000077b4d5710,0x000000077b500000)
}
Event: 91.725 GC heap before
{Heap before GC invocations=11 (full 0):
 PSYoungGen      total 68096K, used 54368K [0x00000007d6c80000, 0x00000007dbf80000, 0x0000000800000000)
  eden space 54272K, 100% used [0x00000007d6c80000,0x00000007da180000,0x00000007da180000)
  from space 13824K, 0% used [0x00000007db200000,0x00000007db218000,0x00000007dbf80000)
  to   space 15360K, 0% used [0x00000007da180000,0x00000007da180000,0x00000007db080000)
 ParOldGen       total 83968K, used 18684K [0x0000000784600000, 0x0000000789800000, 0x00000007d6c80000)
  object space 83968K, 22% used [0x0000000784600000,0x000000078583f068,0x0000000789800000)
 PSPermGen       total 21504K, used 21351K [0x000000077a000000, 0x000000077b500000, 0x0000000784600000)
  object space 21504K, 99% used [0x000000077a000000,0x000000077b4d9da8,0x000000077b500000)
Event: 91.726 GC heap after
Heap after GC invocations=11 (full 0):
 PSYoungGen      total 53248K, used 128K [0x00000007d6c80000, 0x00000007dbd00000, 0x0000000800000000)
  eden space 52736K, 0% used [0x00000007d6c80000,0x00000007d6c80000,0x00000007da000000)
  from space 512K, 25% used [0x00000007da180000,0x00000007da1a0000,0x00000007da200000)
  to   space 14848K, 0% used [0x00000007dae80000,0x00000007dae80000,0x00000007dbd00000)
 ParOldGen       total 83968K, used 18684K [0x0000000784600000, 0x0000000789800000, 0x00000007d6c80000)
  object space 83968K, 22% used [0x0000000784600000,0x000000078583f068,0x0000000789800000)
 PSPermGen       total 21504K, used 21351K [0x000000077a000000, 0x000000077b500000, 0x0000000784600000)
  object space 21504K, 99% used [0x000000077a000000,0x000000077b4d9da8,0x000000077b500000)
}
Event: 100.840 GC heap before
{Heap before GC invocations=12 (full 0):
 PSYoungGen      total 53248K, used 52864K [0x00000007d6c80000, 0x00000007dbd00000, 0x0000000800000000)
  eden space 52736K, 100% used [0x00000007d6c80000,0x00000007da000000,0x00000007da000000)
  from space 512K, 25% used [0x00000007da180000,0x00000007da1a0000,0x00000007da200000)
  to   space 14848K, 0% used [0x00000007dae80000,0x00000007dae80000,0x00000007dbd00000)
 ParOldGen       total 83968K, used 18684K [0x0000000784600000, 0x0000000789800000, 0x00000007d6c80000)
  object space 83968K, 22% used [0x0000000784600000,0x000000078583f068,0x0000000789800000)
 PSPermGen       total 21504K, used 21351K [0x000000077a000000, 0x000000077b500000, 0x0000000784600000)
  object space 21504K, 99% used [0x000000077a000000,0x000000077b4d9da8,0x000000077b500000)
Event: 100.842 GC heap after
Heap after GC invocations=12 (full 0):
 PSYoungGen      total 63488K, used 32K [0x00000007d6c80000, 0x00000007dba80000, 0x0000000800000000)
  eden space 51200K, 0% used [0x00000007d6c80000,0x00000007d6c80000,0x00000007d9e80000)
  from space 12288K, 0% used [0x00000007dae80000,0x00000007dae88000,0x00000007dba80000)
  to   space 14336K, 0% used [0x00000007d9e80000,0x00000007d9e80000,0x00000007dac80000)
 ParOldGen       total 83968K, used 18724K [0x0000000784600000, 0x0000000789800000, 0x00000007d6c80000)
  object space 83968K, 22% used [0x0000000784600000,0x0000000785849068,0x0000000789800000)
 PSPermGen       total 21504K, used 21351K [0x000000077a000000, 0x000000077b500000, 0x0000000784600000)
  object space 21504K, 99% used [0x000000077a000000,0x000000077b4d9da8,0x000000077b500000)
}
Event: 109.541 GC heap before
{Heap before GC invocations=13 (full 0):
 PSYoungGen      total 63488K, used 51232K [0x00000007d6c80000, 0x00000007dba80000, 0x0000000800000000)
  eden space 51200K, 100% used [0x00000007d6c80000,0x00000007d9e80000,0x00000007d9e80000)
  from space 12288K, 0% used [0x00000007dae80000,0x00000007dae88000,0x00000007dba80000)
  to   space 14336K, 0% used [0x00000007d9e80000,0x00000007d9e80000,0x00000007dac80000)
 ParOldGen       total 83968K, used 18724K [0x0000000784600000, 0x0000000789800000, 0x00000007d6c80000)
  object space 83968K, 22% used [0x0000000784600000,0x0000000785849068,0x0000000789800000)
 PSPermGen       total 21504K, used 21351K [0x000000077a000000, 0x000000077b500000, 0x0000000784600000)
  object space 21504K, 99% used [0x000000077a000000,0x000000077b4d9da8,0x000000077b500000)
Event: 109.542 GC heap after
Heap after GC invocations=13 (full 0):
 PSYoungGen      total 50176K, used 64K [0x00000007d6c80000, 0x00000007db900000, 0x0000000800000000)
  eden space 49664K, 0% used [0x00000007d6c80000,0x00000007d6c80000,0x00000007d9d00000)
  from space 512K, 12% used [0x00000007d9e80000,0x00000007d9e90000,0x00000007d9f00000)
  to   space 14336K, 0% used [0x00000007dab00000,0x00000007dab00000,0x00000007db900000)
 ParOldGen       total 83968K, used 18724K [0x0000000784600000, 0x0000000789800000, 0x00000007d6c80000)
  object space 83968K, 22% used [0x0000000784600000,0x0000000785849068,0x0000000789800000)
 PSPermGen       total 21504K, used 21351K [0x000000077a000000, 0x000000077b500000, 0x0000000784600000)
  object space 21504K, 99% used [0x000000077a000000,0x000000077b4d9da8,0x000000077b500000)
}
Event: 118.093 GC heap before
{Heap before GC invocations=14 (full 0):
 PSYoungGen      total 50176K, used 49728K [0x00000007d6c80000, 0x00000007db900000, 0x0000000800000000)
  eden space 49664K, 100% used [0x00000007d6c80000,0x00000007d9d00000,0x00000007d9d00000)
  from space 512K, 12% used [0x00000007d9e80000,0x00000007d9e90000,0x00000007d9f00000)
  to   space 14336K, 0% used [0x00000007dab00000,0x00000007dab00000,0x00000007db900000)
 ParOldGen       total 83968K, used 18724K [0x0000000784600000, 0x0000000789800000, 0x00000007d6c80000)
  object space 83968K, 22% used [0x0000000784600000,0x0000000785849068,0x0000000789800000)
 PSPermGen       total 21504K, used 21351K [0x000000077a000000, 0x000000077b500000, 0x0000000784600000)
  object space 21504K, 99% used [0x000000077a000000,0x000000077b4d9da8,0x000000077b500000)
Event: 118.095 GC heap after
Heap after GC invocations=14 (full 0):
 PSYoungGen      total 60928K, used 64K [0x00000007d6c80000, 0x00000007db700000, 0x0000000800000000)
  eden space 48640K, 0% used [0x00000007d6c80000,0x00000007d6c80000,0x00000007d9c00000)
  from space 12288K, 0% used [0x00000007dab00000,0x00000007dab10000,0x00000007db700000)
  to   space 13824K, 0% used [0x00000007d9c00000,0x00000007d9c00000,0x00000007da980000)
 ParOldGen       total 83968K, used 18740K [0x0000000784600000, 0x0000000789800000, 0x00000007d6c80000)
  object space 83968K, 22% used [0x0000000784600000,0x000000078584d068,0x0000000789800000)
 PSPermGen       total 21504K, used 21351K [0x000000077a000000, 0x000000077b500000, 0x0000000784600000)
  object space 21504K, 99% used [0x000000077a000000,0x000000077b4d9da8,0x000000077b500000)
}

