# JRE version: OpenJDK Runtime Environment (7.0_79-b14) (build 1.7.0_79-b14)
# Java VM: OpenJDK 64-Bit Server VM (24.79-b02 mixed mode linux-amd64 compressed oops)
Heap
 PSYoungGen      total 34304K, used 28073K [0x00000007d6c80000, 0x00000007d9900000, 0x0000000800000000)
  eden space 26112K, 83% used [0x00000007d6c80000,0x00000007d81b63f8,0x00000007d8600000)
  from space 8192K, 77% used [0x00000007d8f00000,0x00000007d9534190,0x00000007d9700000)
  to   space 9216K, 0% used [0x00000007d8600000,0x00000007d8600000,0x00000007d8f00000)
 ParOldGen       total 83968K, used 33432K [0x0000000784600000, 0x0000000789800000, 0x00000007d6c80000)
  object space 83968K, 39% used [0x0000000784600000,0x00000007866a61d8,0x0000000789800000)
 PSPermGen       total 21504K, used 21189K [0x000000077a000000, 0x000000077b500000, 0x0000000784600000)
  object space 21504K, 98% used [0x000000077a000000,0x000000077b4b1438,0x000000077b500000)
GC Heap History (10 events):
Event: 247.999 GC heap before
{Heap before GC invocations=36 (full 0):
 PSYoungGen      total 24064K, used 23616K [0x00000007d6c80000, 0x00000007d8a80000, 0x0000000800000000)
  eden space 23552K, 100% used [0x00000007d6c80000,0x00000007d8380000,0x00000007d8380000)
  from space 512K, 12% used [0x00000007d8380000,0x00000007d8390000,0x00000007d8400000)
  to   space 3584K, 0% used [0x00000007d8700000,0x00000007d8700000,0x00000007d8a80000)
 ParOldGen       total 83968K, used 16727K [0x0000000784600000, 0x0000000789800000, 0x00000007d6c80000)
  object space 83968K, 19% used [0x0000000784600000,0x0000000785655d18,0x0000000789800000)
 PSPermGen       total 21504K, used 21170K [0x000000077a000000, 0x000000077b500000, 0x0000000784600000)
  object space 21504K, 98% used [0x000000077a000000,0x000000077b4ac8b8,0x000000077b500000)
Event: 248.001 GC heap after
Heap after GC invocations=36 (full 0):
 PSYoungGen      total 26112K, used 3552K [0x00000007d6c80000, 0x00000007d8c80000, 0x0000000800000000)
  eden space 22528K, 0% used [0x00000007d6c80000,0x00000007d6c80000,0x00000007d8280000)
  from space 3584K, 99% used [0x00000007d8700000,0x00000007d8a780f0,0x00000007d8a80000)
  to   space 4608K, 0% used [0x00000007d8280000,0x00000007d8280000,0x00000007d8700000)
 ParOldGen       total 83968K, used 16775K [0x0000000784600000, 0x0000000789800000, 0x00000007d6c80000)
  object space 83968K, 19% used [0x0000000784600000,0x0000000785661d28,0x0000000789800000)
 PSPermGen       total 21504K, used 21170K [0x000000077a000000, 0x000000077b500000, 0x0000000784600000)
  object space 21504K, 98% used [0x000000077a000000,0x000000077b4ac8b8,0x000000077b500000)
}
Event: 248.390 GC heap before
{Heap before GC invocations=37 (full 0):
 PSYoungGen      total 26112K, used 25872K [0x00000007d6c80000, 0x00000007d8c80000, 0x0000000800000000)
  eden space 22528K, 99% used [0x00000007d6c80000,0x00000007d824bf58,0x00000007d8280000)
  from space 3584K, 99% used [0x00000007d8700000,0x00000007d8a780f0,0x00000007d8a80000)
  to   space 4608K, 0% used [0x00000007d8280000,0x00000007d8280000,0x00000007d8700000)
 ParOldGen       total 83968K, used 16775K [0x0000000784600000, 0x0000000789800000, 0x00000007d6c80000)
  object space 83968K, 19% used [0x0000000784600000,0x0000000785661d28,0x0000000789800000)
 PSPermGen       total 21504K, used 21171K [0x000000077a000000, 0x000000077b500000, 0x0000000784600000)
  object space 21504K, 98% used [0x000000077a000000,0x000000077b4acc00,0x000000077b500000)
Event: 248.393 GC heap after
Heap after GC invocations=37 (full 0):
 PSYoungGen      total 27136K, used 4576K [0x00000007d6c80000, 0x00000007d8d80000, 0x0000000800000000)
  eden space 22528K, 0% used [0x00000007d6c80000,0x00000007d6c80000,0x00000007d8280000)
  from space 4608K, 99% used [0x00000007d8280000,0x00000007d86f8120,0x00000007d8700000)
  to   space 5632K, 0% used [0x00000007d8800000,0x00000007d8800000,0x00000007d8d80000)
 ParOldGen       total 83968K, used 20271K [0x0000000784600000, 0x0000000789800000, 0x00000007d6c80000)
  object space 83968K, 24% used [0x0000000784600000,0x00000007859cbea8,0x0000000789800000)
 PSPermGen       total 21504K, used 21171K [0x000000077a000000, 0x000000077b500000, 0x0000000784600000)
  object space 21504K, 98% used [0x000000077a000000,0x000000077b4acc00,0x000000077b500000)
}
Event: 248.793 GC heap before
{Heap before GC invocations=38 (full 0):
 PSYoungGen      total 27136K, used 27104K [0x00000007d6c80000, 0x00000007d8d80000, 0x0000000800000000)
  eden space 22528K, 100% used [0x00000007d6c80000,0x00000007d8280000,0x00000007d8280000)
  from space 4608K, 99% used [0x00000007d8280000,0x00000007d86f8120,0x00000007d8700000)
  to   space 5632K, 0% used [0x00000007d8800000,0x00000007d8800000,0x00000007d8d80000)
 ParOldGen       total 83968K, used 20271K [0x0000000784600000, 0x0000000789800000, 0x00000007d6c80000)
  object space 83968K, 24% used [0x0000000784600000,0x00000007859cbea8,0x0000000789800000)
 PSPermGen       total 21504K, used 21176K [0x000000077a000000, 0x000000077b500000, 0x0000000784600000)
  object space 21504K, 98% used [0x000000077a000000,0x000000077b4ae0f0,0x000000077b500000)
Event: 248.799 GC heap after
Heap after GC invocations=38 (full 0):
 PSYoungGen      total 27136K, used 5568K [0x00000007d6c80000, 0x00000007d8f80000, 0x0000000800000000)
  eden space 21504K, 0% used [0x00000007d6c80000,0x00000007d6c80000,0x00000007d8180000)
  from space 5632K, 98% used [0x00000007d8800000,0x00000007d8d70150,0x00000007d8d80000)
  to   space 6656K, 0% used [0x00000007d8180000,0x00000007d8180000,0x00000007d8800000)
 ParOldGen       total 83968K, used 23887K [0x0000000784600000, 0x0000000789800000, 0x00000007d6c80000)
  object space 83968K, 28% used [0x0000000784600000,0x0000000785d53f88,0x0000000789800000)
 PSPermGen       total 21504K, used 21176K [0x000000077a000000, 0x000000077b500000, 0x0000000784600000)
  object space 21504K, 98% used [0x000000077a000000,0x000000077b4ae0f0,0x000000077b500000)
}
Event: 249.156 GC heap before
{Heap before GC invocations=39 (full 0):
 PSYoungGen      total 27136K, used 27069K [0x00000007d6c80000, 0x00000007d8f80000, 0x0000000800000000)
  eden space 21504K, 99% used [0x00000007d6c80000,0x00000007d817f678,0x00000007d8180000)
  from space 5632K, 98% used [0x00000007d8800000,0x00000007d8d70150,0x00000007d8d80000)
  to   space 6656K, 0% used [0x00000007d8180000,0x00000007d8180000,0x00000007d8800000)
 ParOldGen       total 83968K, used 23887K [0x0000000784600000, 0x0000000789800000, 0x00000007d6c80000)
  object space 83968K, 28% used [0x0000000784600000,0x0000000785d53f88,0x0000000789800000)
 PSPermGen       total 21504K, used 21179K [0x000000077a000000, 0x000000077b500000, 0x0000000784600000)
  object space 21504K, 98% used [0x000000077a000000,0x000000077b4aef00,0x000000077b500000)
Event: 249.166 GC heap after
Heap after GC invocations=39 (full 0):
 PSYoungGen      total 28160K, used 6112K [0x00000007d6c80000, 0x00000007d9700000, 0x0000000800000000)
  eden space 21504K, 0% used [0x00000007d6c80000,0x00000007d6c80000,0x00000007d8180000)
  from space 6656K, 91% used [0x00000007d8180000,0x00000007d8778180,0x00000007d8800000)
  to   space 8192K, 0% used [0x00000007d8f00000,0x00000007d8f00000,0x00000007d9700000)
 ParOldGen       total 83968K, used 28280K [0x0000000784600000, 0x0000000789800000, 0x00000007d6c80000)
  object space 83968K, 33% used [0x0000000784600000,0x000000078619e098,0x0000000789800000)
 PSPermGen       total 21504K, used 21179K [0x000000077a000000, 0x000000077b500000, 0x0000000784600000)
  object space 21504K, 98% used [0x000000077a000000,0x000000077b4aef00,0x000000077b500000)
}
Event: 249.480 GC heap before
{Heap before GC invocations=40 (full 0):
 PSYoungGen      total 28160K, used 27578K [0x00000007d6c80000, 0x00000007d9700000, 0x0000000800000000)
  eden space 21504K, 99% used [0x00000007d6c80000,0x00000007d8176988,0x00000007d8180000)
  from space 6656K, 91% used [0x00000007d8180000,0x00000007d8778180,0x00000007d8800000)
  to   space 8192K, 0% used [0x00000007d8f00000,0x00000007d8f00000,0x00000007d9700000)
 ParOldGen       total 83968K, used 28280K [0x0000000784600000, 0x0000000789800000, 0x00000007d6c80000)
  object space 83968K, 33% used [0x0000000784600000,0x000000078619e098,0x0000000789800000)
 PSPermGen       total 21504K, used 21181K [0x000000077a000000, 0x000000077b500000, 0x0000000784600000)
  object space 21504K, 98% used [0x000000077a000000,0x000000077b4af610,0x000000077b500000)
Event: 249.489 GC heap after
Heap after GC invocations=40 (full 0):
 PSYoungGen      total 34304K, used 6352K [0x00000007d6c80000, 0x00000007d9900000, 0x0000000800000000)
  eden space 26112K, 0% used [0x00000007d6c80000,0x00000007d6c80000,0x00000007d8600000)
  from space 8192K, 77% used [0x00000007d8f00000,0x00000007d9534190,0x00000007d9700000)
  to   space 9216K, 0% used [0x00000007d8600000,0x00000007d8600000,0x00000007d8f00000)
 ParOldGen       total 83968K, used 33432K [0x0000000784600000, 0x0000000789800000, 0x00000007d6c80000)
  object space 83968K, 39% used [0x0000000784600000,0x00000007866a61d8,0x0000000789800000)
 PSPermGen       total 21504K, used 21181K [0x000000077a000000, 0x000000077b500000, 0x0000000784600000)
  object space 21504K, 98% used [0x000000077a000000,0x000000077b4af610,0x000000077b500000)
}

