# JRE version: OpenJDK Runtime Environment (7.0_79-b14) (build 1.7.0_79-b14)
# Java VM: OpenJDK 64-Bit Server VM (24.79-b02 mixed mode linux-amd64 compressed oops)
Heap
 PSYoungGen      total 75776K, used 16787K [0x00000007d6c80000, 0x00000007dd480000, 0x0000000800000000)
  eden space 60928K, 3% used [0x00000007d6c80000,0x00000007d6e7cc18,0x00000007da800000)
  from space 14848K, 99% used [0x00000007db800000,0x00000007dc668390,0x00000007dc680000)
  to   space 16384K, 0% used [0x00000007da800000,0x00000007da800000,0x00000007db800000)
 ParOldGen       total 83968K, used 25429K [0x0000000784600000, 0x0000000789800000, 0x00000007d6c80000)
  object space 83968K, 30% used [0x0000000784600000,0x0000000785ed5730,0x0000000789800000)
 PSPermGen       total 21504K, used 21328K [0x000000077a000000, 0x000000077b500000, 0x0000000784600000)
  object space 21504K, 99% used [0x000000077a000000,0x000000077b4d4120,0x000000077b500000)
GC Heap History (10 events):
Event: 8.914 GC heap before
{Heap before GC invocations=4 (full 0):
 PSYoungGen      total 37376K, used 37375K [0x00000007d6c80000, 0x00000007db100000, 0x0000000800000000)
  eden space 32256K, 100% used [0x00000007d6c80000,0x00000007d8c00000,0x00000007d8c00000)
  from space 5120K, 99% used [0x00000007d8c00000,0x00000007d90ffc80,0x00000007d9100000)
  to   space 5120K, 0% used [0x00000007dac00000,0x00000007dac00000,0x00000007db100000)
 ParOldGen       total 83968K, used 12603K [0x0000000784600000, 0x0000000789800000, 0x00000007d6c80000)
  object space 83968K, 15% used [0x0000000784600000,0x000000078524ef70,0x0000000789800000)
 PSPermGen       total 21504K, used 21251K [0x000000077a000000, 0x000000077b500000, 0x0000000784600000)
  object space 21504K, 98% used [0x000000077a000000,0x000000077b4c0fc0,0x000000077b500000)
Event: 8.923 GC heap after
Heap after GC invocations=4 (full 0):
 PSYoungGen      total 37376K, used 5119K [0x00000007d6c80000, 0x00000007db100000, 0x0000000800000000)
  eden space 32256K, 0% used [0x00000007d6c80000,0x00000007d6c80000,0x00000007d8c00000)
  from space 5120K, 99% used [0x00000007dac00000,0x00000007db0ffc90,0x00000007db100000)
  to   space 5120K, 0% used [0x00000007d8c00000,0x00000007d8c00000,0x00000007d9100000)
 ParOldGen       total 83968K, used 14378K [0x0000000784600000, 0x0000000789800000, 0x00000007d6c80000)
  object space 83968K, 17% used [0x0000000784600000,0x000000078540ab30,0x0000000789800000)
 PSPermGen       total 21504K, used 21251K [0x000000077a000000, 0x000000077b500000, 0x0000000784600000)
  object space 21504K, 98% used [0x000000077a000000,0x000000077b4c0fc0,0x000000077b500000)
}
Event: 11.009 GC heap before
{Heap before GC invocations=5 (full 0):
 PSYoungGen      total 37376K, used 37375K [0x00000007d6c80000, 0x00000007db100000, 0x0000000800000000)
  eden space 32256K, 100% used [0x00000007d6c80000,0x00000007d8c00000,0x00000007d8c00000)
  from space 5120K, 99% used [0x00000007dac00000,0x00000007db0ffc90,0x00000007db100000)
  to   space 5120K, 0% used [0x00000007d8c00000,0x00000007d8c00000,0x00000007d9100000)
 ParOldGen       total 83968K, used 14378K [0x0000000784600000, 0x0000000789800000, 0x00000007d6c80000)
  object space 83968K, 17% used [0x0000000784600000,0x000000078540ab30,0x0000000789800000)
 PSPermGen       total 21504K, used 21298K [0x000000077a000000, 0x000000077b500000, 0x0000000784600000)
  object space 21504K, 99% used [0x000000077a000000,0x000000077b4cc900,0x000000077b500000)
Event: 11.023 GC heap after
Heap after GC invocations=5 (full 0):
 PSYoungGen      total 36864K, used 5119K [0x00000007d6c80000, 0x00000007dac80000, 0x0000000800000000)
  eden space 31744K, 0% used [0x00000007d6c80000,0x00000007d6c80000,0x00000007d8b80000)
  from space 5120K, 99% used [0x00000007d8c00000,0x00000007d90ffc50,0x00000007d9100000)
  to   space 12800K, 0% used [0x00000007da000000,0x00000007da000000,0x00000007dac80000)
 ParOldGen       total 83968K, used 18851K [0x0000000784600000, 0x0000000789800000, 0x00000007d6c80000)
  object space 83968K, 22% used [0x0000000784600000,0x0000000785868c50,0x0000000789800000)
 PSPermGen       total 21504K, used 21298K [0x000000077a000000, 0x000000077b500000, 0x0000000784600000)
  object space 21504K, 99% used [0x000000077a000000,0x000000077b4cc900,0x000000077b500000)
}
Event: 11.860 GC heap before
{Heap before GC invocations=6 (full 0):
 PSYoungGen      total 36864K, used 36862K [0x00000007d6c80000, 0x00000007dac80000, 0x0000000800000000)
  eden space 31744K, 99% used [0x00000007d6c80000,0x00000007d8b7fc88,0x00000007d8b80000)
  from space 5120K, 99% used [0x00000007d8c00000,0x00000007d90ffc50,0x00000007d9100000)
  to   space 12800K, 0% used [0x00000007da000000,0x00000007da000000,0x00000007dac80000)
 ParOldGen       total 83968K, used 18851K [0x0000000784600000, 0x0000000789800000, 0x00000007d6c80000)
  object space 83968K, 22% used [0x0000000784600000,0x0000000785868c50,0x0000000789800000)
 PSPermGen       total 21504K, used 21300K [0x000000077a000000, 0x000000077b500000, 0x0000000784600000)
  object space 21504K, 99% used [0x000000077a000000,0x000000077b4cd080,0x000000077b500000)
Event: 11.874 GC heap after
Heap after GC invocations=6 (full 0):
 PSYoungGen      total 43008K, used 11709K [0x00000007d6c80000, 0x00000007dab80000, 0x0000000800000000)
  eden space 31232K, 0% used [0x00000007d6c80000,0x00000007d6c80000,0x00000007d8b00000)
  from space 11776K, 99% used [0x00000007da000000,0x00000007dab6f408,0x00000007dab80000)
  to   space 13824K, 0% used [0x00000007d9080000,0x00000007d9080000,0x00000007d9e00000)
 ParOldGen       total 83968K, used 18851K [0x0000000784600000, 0x0000000789800000, 0x00000007d6c80000)
  object space 83968K, 22% used [0x0000000784600000,0x0000000785868c50,0x0000000789800000)
 PSPermGen       total 21504K, used 21300K [0x000000077a000000, 0x000000077b500000, 0x0000000784600000)
  object space 21504K, 99% used [0x000000077a000000,0x000000077b4cd080,0x000000077b500000)
}
Event: 13.018 GC heap before
{Heap before GC invocations=7 (full 0):
 PSYoungGen      total 43008K, used 42941K [0x00000007d6c80000, 0x00000007dab80000, 0x0000000800000000)
  eden space 31232K, 100% used [0x00000007d6c80000,0x00000007d8b00000,0x00000007d8b00000)
  from space 11776K, 99% used [0x00000007da000000,0x00000007dab6f408,0x00000007dab80000)
  to   space 13824K, 0% used [0x00000007d9080000,0x00000007d9080000,0x00000007d9e00000)
 ParOldGen       total 83968K, used 18851K [0x0000000784600000, 0x0000000789800000, 0x00000007d6c80000)
  object space 83968K, 22% used [0x0000000784600000,0x0000000785868c50,0x0000000789800000)
 PSPermGen       total 21504K, used 21308K [0x000000077a000000, 0x000000077b500000, 0x0000000784600000)
  object space 21504K, 99% used [0x000000077a000000,0x000000077b4cf3a8,0x000000077b500000)
Event: 13.037 GC heap after
Heap after GC invocations=7 (full 0):
 PSYoungGen      total 50688K, used 12448K [0x00000007d6c80000, 0x00000007dc680000, 0x0000000800000000)
  eden space 36864K, 0% used [0x00000007d6c80000,0x00000007d6c80000,0x00000007d9080000)
  from space 13824K, 90% used [0x00000007d9080000,0x00000007d9ca8320,0x00000007d9e00000)
  to   space 14848K, 0% used [0x00000007db800000,0x00000007db800000,0x00000007dc680000)
 ParOldGen       total 83968K, used 22919K [0x0000000784600000, 0x0000000789800000, 0x00000007d6c80000)
  object space 83968K, 27% used [0x0000000784600000,0x0000000785c61df0,0x0000000789800000)
 PSPermGen       total 21504K, used 21308K [0x000000077a000000, 0x000000077b500000, 0x0000000784600000)
  object space 21504K, 99% used [0x000000077a000000,0x000000077b4cf3a8,0x000000077b500000)
}
Event: 14.673 GC heap before
{Heap before GC invocations=8 (full 0):
 PSYoungGen      total 50688K, used 49312K [0x00000007d6c80000, 0x00000007dc680000, 0x0000000800000000)
  eden space 36864K, 100% used [0x00000007d6c80000,0x00000007d9080000,0x00000007d9080000)
  from space 13824K, 90% used [0x00000007d9080000,0x00000007d9ca8320,0x00000007d9e00000)
  to   space 14848K, 0% used [0x00000007db800000,0x00000007db800000,0x00000007dc680000)
 ParOldGen       total 83968K, used 22919K [0x0000000784600000, 0x0000000789800000, 0x00000007d6c80000)
  object space 83968K, 27% used [0x0000000784600000,0x0000000785c61df0,0x0000000789800000)
 PSPermGen       total 21504K, used 21315K [0x000000077a000000, 0x000000077b500000, 0x0000000784600000)
  object space 21504K, 99% used [0x000000077a000000,0x000000077b4d0c00,0x000000077b500000)
Event: 14.691 GC heap after
Heap after GC invocations=8 (full 0):
 PSYoungGen      total 75776K, used 14752K [0x00000007d6c80000, 0x00000007dd480000, 0x0000000800000000)
  eden space 60928K, 0% used [0x00000007d6c80000,0x00000007d6c80000,0x00000007da800000)
  from space 14848K, 99% used [0x00000007db800000,0x00000007dc668390,0x00000007dc680000)
  to   space 16384K, 0% used [0x00000007da800000,0x00000007da800000,0x00000007db800000)
 ParOldGen       total 83968K, used 25429K [0x0000000784600000, 0x0000000789800000, 0x00000007d6c80000)
  object space 83968K, 30% used [0x0000000784600000,0x0000000785ed5730,0x0000000789800000)
 PSPermGen       total 21504K, used 21315K [0x000000077a000000, 0x000000077b500000, 0x0000000784600000)
  object space 21504K, 99% used [0x000000077a000000,0x000000077b4d0c00,0x000000077b500000)
}

