# JRE version: OpenJDK Runtime Environment (7.0_79-b14) (build 1.7.0_79-b14)
# Java VM: OpenJDK 64-Bit Server VM (24.79-b02 mixed mode linux-amd64 compressed oops)
Heap
 PSYoungGen      total 67584K, used 20633K [0x00000007d6c80000, 0x00000007dd000000, 0x0000000800000000)
  eden space 52736K, 11% used [0x00000007d6c80000,0x00000007d727e290,0x00000007da000000)
  from space 14848K, 97% used [0x00000007da180000,0x00000007dafa8380,0x00000007db000000)
  to   space 24576K, 0% used [0x00000007db800000,0x00000007db800000,0x00000007dd000000)
 ParOldGen       total 83968K, used 40405K [0x0000000784600000, 0x0000000789800000, 0x00000007d6c80000)
  object space 83968K, 48% used [0x0000000784600000,0x0000000786d75428,0x0000000789800000)
 PSPermGen       total 21504K, used 21113K [0x000000077a000000, 0x000000077b500000, 0x0000000784600000)
  object space 21504K, 98% used [0x000000077a000000,0x000000077b49e7f0,0x000000077b500000)
GC Heap History (10 events):
Event: 30.083 GC heap before
{Heap before GC invocations=5 (full 0):
 PSYoungGen      total 69632K, used 69570K [0x00000007d6c80000, 0x00000007db580000, 0x0000000800000000)
  eden space 64512K, 99% used [0x00000007d6c80000,0x00000007dab78710,0x00000007dab80000)
  from space 5120K, 99% used [0x00000007db080000,0x00000007db5781a0,0x00000007db580000)
  to   space 5120K, 0% used [0x00000007dab80000,0x00000007dab80000,0x00000007db080000)
 ParOldGen       total 83968K, used 12272K [0x0000000784600000, 0x0000000789800000, 0x00000007d6c80000)
  object space 83968K, 14% used [0x0000000784600000,0x00000007851fc2f8,0x0000000789800000)
 PSPermGen       total 21504K, used 21066K [0x000000077a000000, 0x000000077b500000, 0x0000000784600000)
  object space 21504K, 97% used [0x000000077a000000,0x000000077b492b70,0x000000077b500000)
Event: 30.105 GC heap after
Heap after GC invocations=5 (full 0):
 PSYoungGen      total 67584K, used 5104K [0x00000007d6c80000, 0x00000007dc680000, 0x0000000800000000)
  eden space 62464K, 0% used [0x00000007d6c80000,0x00000007d6c80000,0x00000007da980000)
  from space 5120K, 99% used [0x00000007dab80000,0x00000007db07c1a0,0x00000007db080000)
  to   space 14848K, 0% used [0x00000007db800000,0x00000007db800000,0x00000007dc680000)
 ParOldGen       total 83968K, used 15841K [0x0000000784600000, 0x0000000789800000, 0x00000007d6c80000)
  object space 83968K, 18% used [0x0000000784600000,0x0000000785578550,0x0000000789800000)
 PSPermGen       total 21504K, used 21066K [0x000000077a000000, 0x000000077b500000, 0x0000000784600000)
  object space 21504K, 97% used [0x000000077a000000,0x000000077b492b70,0x000000077b500000)
}
Event: 33.157 GC heap before
{Heap before GC invocations=6 (full 0):
 PSYoungGen      total 67584K, used 67517K [0x00000007d6c80000, 0x00000007dc680000, 0x0000000800000000)
  eden space 62464K, 99% used [0x00000007d6c80000,0x00000007da973320,0x00000007da980000)
  from space 5120K, 99% used [0x00000007dab80000,0x00000007db07c1a0,0x00000007db080000)
  to   space 14848K, 0% used [0x00000007db800000,0x00000007db800000,0x00000007dc680000)
 ParOldGen       total 83968K, used 15841K [0x0000000784600000, 0x0000000789800000, 0x00000007d6c80000)
  object space 83968K, 18% used [0x0000000784600000,0x0000000785578550,0x0000000789800000)
 PSPermGen       total 21504K, used 21074K [0x000000077a000000, 0x000000077b500000, 0x0000000784600000)
  object space 21504K, 98% used [0x000000077a000000,0x000000077b494820,0x000000077b500000)
Event: 33.176 GC heap after
Heap after GC invocations=6 (full 0):
 PSYoungGen      total 73728K, used 14816K [0x00000007d6c80000, 0x00000007dcb80000, 0x0000000800000000)
  eden space 58880K, 0% used [0x00000007d6c80000,0x00000007d6c80000,0x00000007da600000)
  from space 14848K, 99% used [0x00000007db800000,0x00000007dc6783f0,0x00000007dc680000)
  to   space 18432K, 0% used [0x00000007da600000,0x00000007da600000,0x00000007db800000)
 ParOldGen       total 83968K, used 17041K [0x0000000784600000, 0x0000000789800000, 0x00000007d6c80000)
  object space 83968K, 20% used [0x0000000784600000,0x00000007856a45b0,0x0000000789800000)
 PSPermGen       total 21504K, used 21074K [0x000000077a000000, 0x000000077b500000, 0x0000000784600000)
  object space 21504K, 98% used [0x000000077a000000,0x000000077b494820,0x000000077b500000)
}
Event: 35.445 GC heap before
{Heap before GC invocations=7 (full 0):
 PSYoungGen      total 73728K, used 73696K [0x00000007d6c80000, 0x00000007dcb80000, 0x0000000800000000)
  eden space 58880K, 100% used [0x00000007d6c80000,0x00000007da600000,0x00000007da600000)
  from space 14848K, 99% used [0x00000007db800000,0x00000007dc6783f0,0x00000007dc680000)
  to   space 18432K, 0% used [0x00000007da600000,0x00000007da600000,0x00000007db800000)
 ParOldGen       total 83968K, used 17041K [0x0000000784600000, 0x0000000789800000, 0x00000007d6c80000)
  object space 83968K, 20% used [0x0000000784600000,0x00000007856a45b0,0x0000000789800000)
 PSPermGen       total 21504K, used 21082K [0x000000077a000000, 0x000000077b500000, 0x0000000784600000)
  object space 21504K, 98% used [0x000000077a000000,0x000000077b4968e8,0x000000077b500000)
Event: 35.458 GC heap after
Heap after GC invocations=7 (full 0):
 PSYoungGen      total 75776K, used 18283K [0x00000007d6c80000, 0x00000007dce80000, 0x0000000800000000)
  eden space 57344K, 0% used [0x00000007d6c80000,0x00000007d6c80000,0x00000007da480000)
  from space 18432K, 99% used [0x00000007da600000,0x00000007db7dad68,0x00000007db800000)
  to   space 21504K, 0% used [0x00000007db980000,0x00000007db980000,0x00000007dce80000)
 ParOldGen       total 83968K, used 23387K [0x0000000784600000, 0x0000000789800000, 0x00000007d6c80000)
  object space 83968K, 27% used [0x0000000784600000,0x0000000785cd6fd8,0x0000000789800000)
 PSPermGen       total 21504K, used 21082K [0x000000077a000000, 0x000000077b500000, 0x0000000784600000)
  object space 21504K, 98% used [0x000000077a000000,0x000000077b4968e8,0x000000077b500000)
}
Event: 37.121 GC heap before
{Heap before GC invocations=8 (full 0):
 PSYoungGen      total 75776K, used 75577K [0x00000007d6c80000, 0x00000007dce80000, 0x0000000800000000)
  eden space 57344K, 99% used [0x00000007d6c80000,0x00000007da4738a0,0x00000007da480000)
  from space 18432K, 99% used [0x00000007da600000,0x00000007db7dad68,0x00000007db800000)
  to   space 21504K, 0% used [0x00000007db980000,0x00000007db980000,0x00000007dce80000)
 ParOldGen       total 83968K, used 23387K [0x0000000784600000, 0x0000000789800000, 0x00000007d6c80000)
  object space 83968K, 27% used [0x0000000784600000,0x0000000785cd6fd8,0x0000000789800000)
 PSPermGen       total 21504K, used 21099K [0x000000077a000000, 0x000000077b500000, 0x0000000784600000)
  object space 21504K, 98% used [0x000000077a000000,0x000000077b49afd8,0x000000077b500000)
Event: 37.139 GC heap after
Heap after GC invocations=8 (full 0):
 PSYoungGen      total 75776K, used 21409K [0x00000007d6c80000, 0x00000007dd300000, 0x0000000800000000)
  eden space 54272K, 0% used [0x00000007d6c80000,0x00000007d6c80000,0x00000007da180000)
  from space 21504K, 99% used [0x00000007db980000,0x00000007dce68550,0x00000007dce80000)
  to   space 24576K, 0% used [0x00000007da180000,0x00000007da180000,0x00000007db980000)
 ParOldGen       total 83968K, used 30340K [0x0000000784600000, 0x0000000789800000, 0x00000007d6c80000)
  object space 83968K, 36% used [0x0000000784600000,0x00000007863a1188,0x0000000789800000)
 PSPermGen       total 21504K, used 21099K [0x000000077a000000, 0x000000077b500000, 0x0000000784600000)
  object space 21504K, 98% used [0x000000077a000000,0x000000077b49afd8,0x000000077b500000)
}
Event: 42.587 GC heap before
{Heap before GC invocations=9 (full 0):
 PSYoungGen      total 75776K, used 75681K [0x00000007d6c80000, 0x00000007dd300000, 0x0000000800000000)
  eden space 54272K, 100% used [0x00000007d6c80000,0x00000007da180000,0x00000007da180000)
  from space 21504K, 99% used [0x00000007db980000,0x00000007dce68550,0x00000007dce80000)
  to   space 24576K, 0% used [0x00000007da180000,0x00000007da180000,0x00000007db980000)
 ParOldGen       total 83968K, used 30340K [0x0000000784600000, 0x0000000789800000, 0x00000007d6c80000)
  object space 83968K, 36% used [0x0000000784600000,0x00000007863a1188,0x0000000789800000)
 PSPermGen       total 21504K, used 21108K [0x000000077a000000, 0x000000077b500000, 0x0000000784600000)
  object space 21504K, 98% used [0x000000077a000000,0x000000077b49d0a0,0x000000077b500000)
Event: 42.601 GC heap after
Heap after GC invocations=9 (full 0):
 PSYoungGen      total 67584K, used 14496K [0x00000007d6c80000, 0x00000007dd000000, 0x0000000800000000)
  eden space 52736K, 0% used [0x00000007d6c80000,0x00000007d6c80000,0x00000007da000000)
  from space 14848K, 97% used [0x00000007da180000,0x00000007dafa8380,0x00000007db000000)
  to   space 24576K, 0% used [0x00000007db800000,0x00000007db800000,0x00000007dd000000)
 ParOldGen       total 83968K, used 40405K [0x0000000784600000, 0x0000000789800000, 0x00000007d6c80000)
  object space 83968K, 48% used [0x0000000784600000,0x0000000786d75428,0x0000000789800000)
 PSPermGen       total 21504K, used 21108K [0x000000077a000000, 0x000000077b500000, 0x0000000784600000)
  object space 21504K, 98% used [0x000000077a000000,0x000000077b49d0a0,0x000000077b500000)
}

