# JRE version: OpenJDK Runtime Environment (7.0_79-b14) (build 1.7.0_79-b14)
# Java VM: OpenJDK 64-Bit Server VM (24.79-b02 mixed mode linux-amd64 compressed oops)
Heap
 PSYoungGen      total 146944K, used 58506K [0x00000007d6c80000, 0x00000007f5c00000, 0x0000000800000000)
  eden space 145408K, 40% used [0x00000007d6c80000,0x00000007da58a900,0x00000007dfa80000)
  from space 1536K, 6% used [0x00000007f5900000,0x00000007f5918000,0x00000007f5a80000)
  to   space 1536K, 0% used [0x00000007f5a80000,0x00000007f5a80000,0x00000007f5c00000)
 ParOldGen       total 83968K, used 44068K [0x0000000784600000, 0x0000000789800000, 0x00000007d6c80000)
  object space 83968K, 52% used [0x0000000784600000,0x0000000787109188,0x0000000789800000)
 PSPermGen       total 21504K, used 20292K [0x000000077a000000, 0x000000077b500000, 0x0000000784600000)
  object space 21504K, 94% used [0x000000077a000000,0x000000077b3d1210,0x000000077b500000)
GC Heap History (10 events):
Event: 44.383 GC heap before
{Heap before GC invocations=79 (full 0):
 PSYoungGen      total 179200K, used 178784K [0x00000007d6c80000, 0x00000007f5e80000, 0x0000000800000000)
  eden space 178688K, 100% used [0x00000007d6c80000,0x00000007e1b00000,0x00000007e1b00000)
  from space 512K, 18% used [0x00000007f5e00000,0x00000007f5e18000,0x00000007f5e80000)
  to   space 2048K, 0% used [0x00000007f5a80000,0x00000007f5a80000,0x00000007f5c80000)
 ParOldGen       total 83968K, used 44068K [0x0000000784600000, 0x0000000789800000, 0x00000007d6c80000)
  object space 83968K, 52% used [0x0000000784600000,0x0000000787109188,0x0000000789800000)
 PSPermGen       total 21504K, used 20286K [0x000000077a000000, 0x000000077b500000, 0x0000000784600000)
  object space 21504K, 94% used [0x000000077a000000,0x000000077b3cfa90,0x000000077b500000)
Event: 44.384 GC heap after
Heap after GC invocations=79 (full 0):
 PSYoungGen      total 173568K, used 96K [0x00000007d6c80000, 0x00000007f5e80000, 0x0000000800000000)
  eden space 171520K, 0% used [0x00000007d6c80000,0x00000007d6c80000,0x00000007e1400000)
  from space 2048K, 4% used [0x00000007f5a80000,0x00000007f5a98000,0x00000007f5c80000)
  to   space 2048K, 0% used [0x00000007f5c80000,0x00000007f5c80000,0x00000007f5e80000)
 ParOldGen       total 83968K, used 44068K [0x0000000784600000, 0x0000000789800000, 0x00000007d6c80000)
  object space 83968K, 52% used [0x0000000784600000,0x0000000787109188,0x0000000789800000)
 PSPermGen       total 21504K, used 20286K [0x000000077a000000, 0x000000077b500000, 0x0000000784600000)
  object space 21504K, 94% used [0x000000077a000000,0x000000077b3cfa90,0x000000077b500000)
}
Event: 44.728 GC heap before
{Heap before GC invocations=80 (full 0):
 PSYoungGen      total 173568K, used 171616K [0x00000007d6c80000, 0x00000007f5e80000, 0x0000000800000000)
  eden space 171520K, 100% used [0x00000007d6c80000,0x00000007e1400000,0x00000007e1400000)
  from space 2048K, 4% used [0x00000007f5a80000,0x00000007f5a98000,0x00000007f5c80000)
  to   space 2048K, 0% used [0x00000007f5c80000,0x00000007f5c80000,0x00000007f5e80000)
 ParOldGen       total 83968K, used 44068K [0x0000000784600000, 0x0000000789800000, 0x00000007d6c80000)
  object space 83968K, 52% used [0x0000000784600000,0x0000000787109188,0x0000000789800000)
 PSPermGen       total 21504K, used 20286K [0x000000077a000000, 0x000000077b500000, 0x0000000784600000)
  object space 21504K, 94% used [0x000000077a000000,0x000000077b3cfa90,0x000000077b500000)
Event: 44.729 GC heap after
Heap after GC invocations=80 (full 0):
 PSYoungGen      total 164864K, used 128K [0x00000007d6c80000, 0x00000007f5d00000, 0x0000000800000000)
  eden space 164352K, 0% used [0x00000007d6c80000,0x00000007d6c80000,0x00000007e0d00000)
  from space 512K, 25% used [0x00000007f5c80000,0x00000007f5ca0000,0x00000007f5d00000)
  to   space 1536K, 0% used [0x00000007f5a00000,0x00000007f5a00000,0x00000007f5b80000)
 ParOldGen       total 83968K, used 44068K [0x0000000784600000, 0x0000000789800000, 0x00000007d6c80000)
  object space 83968K, 52% used [0x0000000784600000,0x0000000787109188,0x0000000789800000)
 PSPermGen       total 21504K, used 20286K [0x000000077a000000, 0x000000077b500000, 0x0000000784600000)
  object space 21504K, 94% used [0x000000077a000000,0x000000077b3cfa90,0x000000077b500000)
}
Event: 45.036 GC heap before
{Heap before GC invocations=81 (full 0):
 PSYoungGen      total 164864K, used 164480K [0x00000007d6c80000, 0x00000007f5d00000, 0x0000000800000000)
  eden space 164352K, 100% used [0x00000007d6c80000,0x00000007e0d00000,0x00000007e0d00000)
  from space 512K, 25% used [0x00000007f5c80000,0x00000007f5ca0000,0x00000007f5d00000)
  to   space 1536K, 0% used [0x00000007f5a00000,0x00000007f5a00000,0x00000007f5b80000)
 ParOldGen       total 83968K, used 44068K [0x0000000784600000, 0x0000000789800000, 0x00000007d6c80000)
  object space 83968K, 52% used [0x0000000784600000,0x0000000787109188,0x0000000789800000)
 PSPermGen       total 21504K, used 20286K [0x000000077a000000, 0x000000077b500000, 0x0000000784600000)
  object space 21504K, 94% used [0x000000077a000000,0x000000077b3cfa90,0x000000077b500000)
Event: 45.038 GC heap after
Heap after GC invocations=81 (full 0):
 PSYoungGen      total 159232K, used 96K [0x00000007d6c80000, 0x00000007f5d00000, 0x0000000800000000)
  eden space 157696K, 0% used [0x00000007d6c80000,0x00000007d6c80000,0x00000007e0680000)
  from space 1536K, 6% used [0x00000007f5a00000,0x00000007f5a18000,0x00000007f5b80000)
  to   space 1536K, 0% used [0x00000007f5b80000,0x00000007f5b80000,0x00000007f5d00000)
 ParOldGen       total 83968K, used 44068K [0x0000000784600000, 0x0000000789800000, 0x00000007d6c80000)
  object space 83968K, 52% used [0x0000000784600000,0x0000000787109188,0x0000000789800000)
 PSPermGen       total 21504K, used 20286K [0x000000077a000000, 0x000000077b500000, 0x0000000784600000)
  object space 21504K, 94% used [0x000000077a000000,0x000000077b3cfa90,0x000000077b500000)
}
Event: 45.329 GC heap before
{Heap before GC invocations=82 (full 0):
 PSYoungGen      total 159232K, used 157792K [0x00000007d6c80000, 0x00000007f5d00000, 0x0000000800000000)
  eden space 157696K, 100% used [0x00000007d6c80000,0x00000007e0680000,0x00000007e0680000)
  from space 1536K, 6% used [0x00000007f5a00000,0x00000007f5a18000,0x00000007f5b80000)
  to   space 1536K, 0% used [0x00000007f5b80000,0x00000007f5b80000,0x00000007f5d00000)
 ParOldGen       total 83968K, used 44068K [0x0000000784600000, 0x0000000789800000, 0x00000007d6c80000)
  object space 83968K, 52% used [0x0000000784600000,0x0000000787109188,0x0000000789800000)
 PSPermGen       total 21504K, used 20286K [0x000000077a000000, 0x000000077b500000, 0x0000000784600000)
  object space 21504K, 94% used [0x000000077a000000,0x000000077b3cfa90,0x000000077b500000)
Event: 45.331 GC heap after
Heap after GC invocations=82 (full 0):
 PSYoungGen      total 152064K, used 96K [0x00000007d6c80000, 0x00000007f5c00000, 0x0000000800000000)
  eden space 151552K, 0% used [0x00000007d6c80000,0x00000007d6c80000,0x00000007e0080000)
  from space 512K, 18% used [0x00000007f5b80000,0x00000007f5b98000,0x00000007f5c00000)
  to   space 1536K, 0% used [0x00000007f5900000,0x00000007f5900000,0x00000007f5a80000)
 ParOldGen       total 83968K, used 44068K [0x0000000784600000, 0x0000000789800000, 0x00000007d6c80000)
  object space 83968K, 52% used [0x0000000784600000,0x0000000787109188,0x0000000789800000)
 PSPermGen       total 21504K, used 20286K [0x000000077a000000, 0x000000077b500000, 0x0000000784600000)
  object space 21504K, 94% used [0x000000077a000000,0x000000077b3cfa90,0x000000077b500000)
}
Event: 45.627 GC heap before
{Heap before GC invocations=83 (full 0):
 PSYoungGen      total 152064K, used 151648K [0x00000007d6c80000, 0x00000007f5c00000, 0x0000000800000000)
  eden space 151552K, 100% used [0x00000007d6c80000,0x00000007e0080000,0x00000007e0080000)
  from space 512K, 18% used [0x00000007f5b80000,0x00000007f5b98000,0x00000007f5c00000)
  to   space 1536K, 0% used [0x00000007f5900000,0x00000007f5900000,0x00000007f5a80000)
 ParOldGen       total 83968K, used 44068K [0x0000000784600000, 0x0000000789800000, 0x00000007d6c80000)
  object space 83968K, 52% used [0x0000000784600000,0x0000000787109188,0x0000000789800000)
 PSPermGen       total 21504K, used 20286K [0x000000077a000000, 0x000000077b500000, 0x0000000784600000)
  object space 21504K, 94% used [0x000000077a000000,0x000000077b3cfa90,0x000000077b500000)
Event: 45.629 GC heap after
Heap after GC invocations=83 (full 0):
 PSYoungGen      total 146944K, used 96K [0x00000007d6c80000, 0x00000007f5c00000, 0x0000000800000000)
  eden space 145408K, 0% used [0x00000007d6c80000,0x00000007d6c80000,0x00000007dfa80000)
  from space 1536K, 6% used [0x00000007f5900000,0x00000007f5918000,0x00000007f5a80000)
  to   space 1536K, 0% used [0x00000007f5a80000,0x00000007f5a80000,0x00000007f5c00000)
 ParOldGen       total 83968K, used 44068K [0x0000000784600000, 0x0000000789800000, 0x00000007d6c80000)
  object space 83968K, 52% used [0x0000000784600000,0x0000000787109188,0x0000000789800000)
 PSPermGen       total 21504K, used 20286K [0x000000077a000000, 0x000000077b500000, 0x0000000784600000)
  object space 21504K, 94% used [0x000000077a000000,0x000000077b3cfa90,0x000000077b500000)
}

